16:28:02.193  INFO  manager.ApplicationManager - All test start in Chrome Browser
16:28:04.315  INFO  manager.ApplicationManager - Current Url -->https://telranedu.web.app/home
16:28:04.402  INFO  tests.TestBase - The name of starts method --->addNewContactSuccessAllFields
16:28:04.406  INFO  manager.ListenerWD - Before find elementsBy.xpath: //button[text()='Sign Out']
16:28:09.447  INFO  manager.ListenerWD - After find elementBy.xpath: //button[text()='Sign Out']
16:28:09.451  INFO  manager.ListenerWD - List size is-->0
16:28:09.958  INFO  manager.ListenerWD - Before find elementBy.xpath: //a[@href='/login']
16:28:09.996  INFO  manager.ListenerWD - After find elementBy.xpath: //a[@href='/login']
16:28:10.593  INFO  manager.ListenerWD - Before find elementBy.name: email
16:28:10.623  INFO  manager.ListenerWD - After find elementBy.name: email
16:28:11.830  INFO  manager.ListenerWD - Before find elementBy.xpath: //input[position()=2]
16:28:11.868  INFO  manager.ListenerWD - After find elementBy.xpath: //input[position()=2]
16:28:13.573  INFO  manager.ListenerWD - Before find elementBy.xpath: //button[@name='login']
16:28:13.611  INFO  manager.ListenerWD - After find elementBy.xpath: //button[@name='login']
16:28:13.700  INFO  tests.TestBase - Test start with data: Contacts(name=Melafifon1004, lastName=Green, phone=05610042569, email=melG1004@gmail.com, address=Netanya, description=All fields)
16:28:13.701  INFO  manager.ListenerWD - Before find elementBy.xpath: //a[@href='/add']
16:28:14.689  INFO  manager.ListenerWD - After find elementBy.xpath: //a[@href='/add']
16:28:14.756  INFO  manager.ListenerWD - Before find elementBy.xpath: //input[@placeholder='Name']
16:28:14.785  INFO  manager.ListenerWD - After find elementBy.xpath: //input[@placeholder='Name']
16:28:16.054  INFO  manager.ListenerWD - Before find elementBy.xpath: //input[@placeholder='Last Name']
16:28:16.118  INFO  manager.ListenerWD - After find elementBy.xpath: //input[@placeholder='Last Name']
16:28:17.327  INFO  manager.ListenerWD - Before find elementBy.cssSelector: input[placeholder='Phone']
16:28:17.369  INFO  manager.ListenerWD - After find elementBy.cssSelector: input[placeholder='Phone']
16:28:18.569  INFO  manager.ListenerWD - Before find elementBy.xpath: //input[@placeholder='email']
16:28:18.604  INFO  manager.ListenerWD - After find elementBy.xpath: //input[@placeholder='email']
16:28:19.838  INFO  manager.ListenerWD - Before find elementBy.xpath: //input[@placeholder='Address']
16:28:19.875  INFO  manager.ListenerWD - After find elementBy.xpath: //input[@placeholder='Address']
16:28:21.038  INFO  manager.ListenerWD - Before find elementBy.xpath: //input[@placeholder='description']
16:28:21.064  INFO  manager.ListenerWD - After find elementBy.xpath: //input[@placeholder='description']
16:28:22.206  INFO  manager.ListenerWD - Before find elementBy.xpath: //div[@class='add_form__2rsm2']//button
16:28:22.237  INFO  manager.ListenerWD - After find elementBy.xpath: //div[@class='add_form__2rsm2']//button
16:28:22.280  INFO  manager.ListenerWD - Before find elementsBy.cssSelector: h2
16:28:23.655  INFO  manager.ListenerWD - After find elementBy.cssSelector: h2
16:28:23.655  INFO  manager.ListenerWD - List size is-->78
16:28:25.171  INFO  tests.TestBase - The name of starts method --->addNewContactSuccessRequiredFields
16:28:25.171  INFO  manager.ListenerWD - Before find elementsBy.xpath: //button[text()='Sign Out']
16:28:25.196  INFO  manager.ListenerWD - After find elementBy.xpath: //button[text()='Sign Out']
16:28:25.196  INFO  manager.ListenerWD - List size is-->1
16:28:25.197  INFO  manager.ListenerWD - Before find elementBy.xpath: //a[@href='/add']
16:28:25.217  INFO  manager.ListenerWD - After find elementBy.xpath: //a[@href='/add']
16:28:26.269  INFO  manager.ListenerWD - Before find elementBy.xpath: //input[@placeholder='Name']
16:28:26.284  INFO  manager.ListenerWD - After find elementBy.xpath: //input[@placeholder='Name']
16:28:27.415  INFO  manager.ListenerWD - Before find elementBy.xpath: //input[@placeholder='Last Name']
16:28:27.431  INFO  manager.ListenerWD - After find elementBy.xpath: //input[@placeholder='Last Name']
16:28:28.562  INFO  manager.ListenerWD - Before find elementBy.cssSelector: input[placeholder='Phone']
16:28:28.579  INFO  manager.ListenerWD - After find elementBy.cssSelector: input[placeholder='Phone']
16:28:29.706  INFO  manager.ListenerWD - Before find elementBy.xpath: //input[@placeholder='email']
16:28:29.719  INFO  manager.ListenerWD - After find elementBy.xpath: //input[@placeholder='email']
16:28:30.857  INFO  manager.ListenerWD - Before find elementBy.xpath: //input[@placeholder='Address']
16:28:30.873  INFO  manager.ListenerWD - After find elementBy.xpath: //input[@placeholder='Address']
16:28:32.005  INFO  manager.ListenerWD - Before find elementBy.xpath: //input[@placeholder='description']
16:28:32.018  INFO  manager.ListenerWD - After find elementBy.xpath: //input[@placeholder='description']
16:28:33.103  INFO  manager.ListenerWD - Before find elementBy.xpath: //div[@class='add_form__2rsm2']//button
16:28:33.118  INFO  manager.ListenerWD - After find elementBy.xpath: //div[@class='add_form__2rsm2']//button
16:28:33.162  INFO  manager.ListenerWD - Before find elementsBy.cssSelector: h3
16:28:34.082  INFO  manager.ListenerWD - After find elementBy.cssSelector: h3
16:28:34.083  INFO  manager.ListenerWD - List size is-->79
16:28:34.209  INFO  tests.TestBase - The name of starts method --->addNewContactWithWrongMail
16:28:34.210  INFO  manager.ListenerWD - Before find elementsBy.xpath: //button[text()='Sign Out']
16:28:34.227  INFO  manager.ListenerWD - After find elementBy.xpath: //button[text()='Sign Out']
16:28:34.227  INFO  manager.ListenerWD - List size is-->1
16:28:34.228  INFO  manager.ListenerWD - Before find elementBy.xpath: //a[@href='/add']
16:28:34.242  INFO  manager.ListenerWD - After find elementBy.xpath: //a[@href='/add']
16:28:34.285  INFO  manager.ListenerWD - Before find elementBy.xpath: //input[@placeholder='Name']
16:28:34.306  INFO  manager.ListenerWD - After find elementBy.xpath: //input[@placeholder='Name']
16:28:35.463  INFO  manager.ListenerWD - Before find elementBy.xpath: //input[@placeholder='Last Name']
16:28:35.479  INFO  manager.ListenerWD - After find elementBy.xpath: //input[@placeholder='Last Name']
16:28:36.611  INFO  manager.ListenerWD - Before find elementBy.cssSelector: input[placeholder='Phone']
16:28:36.626  INFO  manager.ListenerWD - After find elementBy.cssSelector: input[placeholder='Phone']
16:28:37.765  INFO  manager.ListenerWD - Before find elementBy.xpath: //input[@placeholder='email']
16:28:37.779  INFO  manager.ListenerWD - After find elementBy.xpath: //input[@placeholder='email']
16:28:38.915  INFO  manager.ListenerWD - Before find elementBy.xpath: //input[@placeholder='Address']
16:28:38.931  INFO  manager.ListenerWD - After find elementBy.xpath: //input[@placeholder='Address']
16:28:40.059  INFO  manager.ListenerWD - Before find elementBy.xpath: //input[@placeholder='description']
16:28:40.073  INFO  manager.ListenerWD - After find elementBy.xpath: //input[@placeholder='description']
16:28:41.212  INFO  manager.ListenerWD - Before find elementBy.xpath: //div[@class='add_form__2rsm2']//button
16:28:41.227  INFO  manager.ListenerWD - After find elementBy.xpath: //div[@class='add_form__2rsm2']//button
16:28:41.270  INFO  manager.ListenerWD - Before find elementsBy.cssSelector: a.active[href='/add']
16:28:41.291  INFO  manager.ListenerWD - After find elementBy.cssSelector: a.active[href='/add']
16:28:41.291  INFO  manager.ListenerWD - List size is-->1
16:28:41.292  INFO  tests.TestBase - The name of starts method --->addNewContactWithoutAddress
16:28:41.293  INFO  manager.ListenerWD - Before find elementsBy.xpath: //button[text()='Sign Out']
16:28:41.306  INFO  manager.ListenerWD - After find elementBy.xpath: //button[text()='Sign Out']
16:28:41.306  INFO  manager.ListenerWD - List size is-->1
16:28:41.307  INFO  manager.ListenerWD - Before find elementBy.xpath: //a[@href='/add']
16:28:41.322  INFO  manager.ListenerWD - After find elementBy.xpath: //a[@href='/add']
16:28:41.369  INFO  manager.ListenerWD - Before find elementBy.xpath: //input[@placeholder='Name']
16:28:41.389  INFO  manager.ListenerWD - After find elementBy.xpath: //input[@placeholder='Name']
16:28:42.459  INFO  manager.ListenerWD - Have a 'problem'
16:28:42.459  INFO  manager.ListenerWD - ***************************************
16:28:42.459  INFO  manager.ListenerWD - Method methodsendKeys
16:28:42.460  INFO  manager.ListenerWD - ***************************************
16:28:42.460  INFO  manager.ListenerWD - ***************************************
16:28:42.463  INFO  manager.ListenerWD - InvocationTargetExceptionorg.openqa.selenium.UnhandledAlertException: unexpected alert open: {Alert text : Email not valid: must be a well-formed email address}
  (Session info: chrome=109.0.5414.120): Email not valid: must be a well-formed email address
Build info: version: '4.7.1', revision: 'c6795baf1a3'
System info: os.name: 'Windows 10', os.arch: 'amd64', os.version: '10.0', java.version: '11.0.17'
Driver info: org.openqa.selenium.chrome.ChromeDriver
Command: [075d1c8b23349557a5a79e9ecd969bf0, sendKeysToElement {id=dbabbc2d-0347-4c58-ae55-e45131bc4861, value=[Ljava.lang.CharSequence;@22a6d75c}]
Capabilities {acceptInsecureCerts: false, browserName: chrome, browserVersion: 109.0.5414.120, chrome: {chromedriverVersion: 109.0.5414.74 (e7c5703604da..., userDataDir: C:\Users\ALEKSA~1\AppData\L...}, goog:chromeOptions: {debuggerAddress: localhost:65429}, networkConnectionEnabled: false, pageLoadStrategy: normal, platformName: WINDOWS, proxy: Proxy(), se:cdp: ws://localhost:65429/devtoo..., se:cdpVersion: 109.0.5414.120, setWindowRect: true, strictFileInteractability: false, timeouts: {implicit: 0, pageLoad: 300000, script: 30000}, unhandledPromptBehavior: dismiss and notify, webauthn:extension:credBlob: true, webauthn:extension:largeBlob: true, webauthn:virtualAuthenticators: true}
Element: [[ChromeDriver: chrome on WINDOWS (075d1c8b23349557a5a79e9ecd969bf0)] -> xpath: //input[@placeholder='Name']]
Session ID: 075d1c8b23349557a5a79e9ecd969bf0
16:28:42.464  INFO  manager.ListenerWD - ***************************************
16:28:42.465  INFO  manager.ListenerWD - ***************************************
16:28:42.465  INFO  manager.ListenerWD - Object target[[ChromeDriver: chrome on WINDOWS (075d1c8b23349557a5a79e9ecd969bf0)] -> xpath: //input[@placeholder='Name']]
16:28:42.465  INFO  manager.ListenerWD - ***************************************
16:28:42.481  INFO  tests.TestBase - The name of starts method --->addNewContactWithoutLastName
16:28:42.487  INFO  manager.ListenerWD - Before find elementsBy.xpath: //button[text()='Sign Out']
16:28:42.536  INFO  manager.ListenerWD - After find elementBy.xpath: //button[text()='Sign Out']
16:28:42.537  INFO  manager.ListenerWD - List size is-->1
16:28:42.537  INFO  manager.ListenerWD - Before find elementBy.xpath: //a[@href='/add']
16:28:42.562  INFO  manager.ListenerWD - After find elementBy.xpath: //a[@href='/add']
16:28:42.621  INFO  manager.ListenerWD - Before find elementBy.xpath: //input[@placeholder='Name']
16:28:42.651  INFO  manager.ListenerWD - After find elementBy.xpath: //input[@placeholder='Name']
16:28:43.771  INFO  manager.ListenerWD - Before find elementBy.xpath: //input[@placeholder='Last Name']
16:28:43.787  INFO  manager.ListenerWD - After find elementBy.xpath: //input[@placeholder='Last Name']
16:28:44.870  INFO  manager.ListenerWD - Before find elementBy.cssSelector: input[placeholder='Phone']
16:28:44.883  INFO  manager.ListenerWD - After find elementBy.cssSelector: input[placeholder='Phone']
16:28:45.994  INFO  manager.ListenerWD - Before find elementBy.xpath: //input[@placeholder='email']
16:28:46.008  INFO  manager.ListenerWD - After find elementBy.xpath: //input[@placeholder='email']
16:28:47.147  INFO  manager.ListenerWD - Before find elementBy.xpath: //input[@placeholder='Address']
16:28:47.162  INFO  manager.ListenerWD - After find elementBy.xpath: //input[@placeholder='Address']
16:28:48.267  INFO  manager.ListenerWD - Before find elementBy.xpath: //input[@placeholder='description']
16:28:48.279  INFO  manager.ListenerWD - After find elementBy.xpath: //input[@placeholder='description']
16:28:49.408  INFO  manager.ListenerWD - Before find elementBy.xpath: //div[@class='add_form__2rsm2']//button
16:28:49.421  INFO  manager.ListenerWD - After find elementBy.xpath: //div[@class='add_form__2rsm2']//button
16:28:49.454  INFO  manager.ListenerWD - Before find elementsBy.xpath: //input[@placeholder='Name']
16:28:49.479  INFO  manager.ListenerWD - After find elementBy.xpath: //input[@placeholder='Name']
16:28:49.479  INFO  manager.ListenerWD - List size is-->1
16:28:49.480  INFO  tests.TestBase - The name of starts method --->addNewContactWithoutName
16:28:49.481  INFO  manager.ListenerWD - Before find elementsBy.xpath: //button[text()='Sign Out']
16:28:49.494  INFO  manager.ListenerWD - After find elementBy.xpath: //button[text()='Sign Out']
16:28:49.494  INFO  manager.ListenerWD - List size is-->1
16:28:49.495  INFO  manager.ListenerWD - Before find elementBy.xpath: //a[@href='/add']
16:28:49.508  INFO  manager.ListenerWD - After find elementBy.xpath: //a[@href='/add']
16:28:49.545  INFO  manager.ListenerWD - Before find elementBy.xpath: //input[@placeholder='Name']
16:28:49.563  INFO  manager.ListenerWD - After find elementBy.xpath: //input[@placeholder='Name']
16:28:50.647  INFO  manager.ListenerWD - Before find elementBy.xpath: //input[@placeholder='Last Name']
16:28:50.662  INFO  manager.ListenerWD - After find elementBy.xpath: //input[@placeholder='Last Name']
16:28:51.765  INFO  manager.ListenerWD - Before find elementBy.cssSelector: input[placeholder='Phone']
16:28:51.779  INFO  manager.ListenerWD - After find elementBy.cssSelector: input[placeholder='Phone']
16:28:52.887  INFO  manager.ListenerWD - Before find elementBy.xpath: //input[@placeholder='email']
16:28:52.902  INFO  manager.ListenerWD - After find elementBy.xpath: //input[@placeholder='email']
16:28:54.032  INFO  manager.ListenerWD - Before find elementBy.xpath: //input[@placeholder='Address']
16:28:54.047  INFO  manager.ListenerWD - After find elementBy.xpath: //input[@placeholder='Address']
16:28:55.166  INFO  manager.ListenerWD - Before find elementBy.xpath: //input[@placeholder='description']
16:28:55.180  INFO  manager.ListenerWD - After find elementBy.xpath: //input[@placeholder='description']
16:28:56.321  INFO  manager.ListenerWD - Before find elementBy.xpath: //div[@class='add_form__2rsm2']//button
16:28:56.334  INFO  manager.ListenerWD - After find elementBy.xpath: //div[@class='add_form__2rsm2']//button
16:28:56.359  INFO  manager.ListenerWD - Before find elementsBy.xpath: //input[@placeholder='Name']
16:28:56.371  INFO  manager.ListenerWD - After find elementBy.xpath: //input[@placeholder='Name']
16:28:56.371  INFO  manager.ListenerWD - List size is-->1
