14:19:38.582  INFO  manager.ApplicationManager - All test start in Chrome Browser
14:19:40.292  INFO  manager.ApplicationManager - Current Url -->https://telranedu.web.app/home
14:19:40.339  INFO  tests.TestBase - The name of starts method --->addNewContactSuccessAllFields
14:19:40.344  INFO  manager.ListenerWD - Before find elementsBy.xpath: //button[text()='Sign Out']
14:19:45.391  INFO  manager.ListenerWD - After find elementBy.xpath: //button[text()='Sign Out']
14:19:45.395  INFO  manager.ListenerWD - List size is-->0
14:19:45.903  INFO  manager.ListenerWD - Before find elementBy.xpath: //a[@href='/login']
14:19:45.942  INFO  manager.ListenerWD - After find elementBy.xpath: //a[@href='/login']
14:19:46.537  INFO  manager.ListenerWD - Before find elementBy.name: email
14:19:46.562  INFO  manager.ListenerWD - After find elementBy.name: email
14:19:46.723  INFO  manager.ListenerWD - Before find elementBy.xpath: //input[position()=2]
14:19:46.752  INFO  manager.ListenerWD - After find elementBy.xpath: //input[position()=2]
14:19:47.408  INFO  manager.ListenerWD - Before find elementBy.xpath: //button[@name='login']
14:19:47.432  INFO  manager.ListenerWD - After find elementBy.xpath: //button[@name='login']
14:19:47.501  INFO  tests.TestBase - Test start with data: Contacts(name=Melafifon1604, lastName=Green, phone=05616042569, email=melG1604@gmail.com, address=Netanya, description=Friend)
14:19:47.501  INFO  manager.ListenerWD - Before find elementBy.xpath: //a[@href='/add']
14:19:48.491  INFO  manager.ListenerWD - After find elementBy.xpath: //a[@href='/add']
14:19:48.540  INFO  manager.ListenerWD - Before find elementBy.xpath: //input[@placeholder='Name']
14:19:48.581  INFO  manager.ListenerWD - After find elementBy.xpath: //input[@placeholder='Name']
14:19:48.725  INFO  manager.ListenerWD - Before find elementBy.xpath: //input[@placeholder='Last Name']
14:19:48.751  INFO  manager.ListenerWD - After find elementBy.xpath: //input[@placeholder='Last Name']
14:19:48.861  INFO  manager.ListenerWD - Before find elementBy.cssSelector: input[placeholder='Phone']
14:19:48.884  INFO  manager.ListenerWD - After find elementBy.cssSelector: input[placeholder='Phone']
14:19:49.013  INFO  manager.ListenerWD - Before find elementBy.xpath: //input[@placeholder='email']
14:19:49.038  INFO  manager.ListenerWD - After find elementBy.xpath: //input[@placeholder='email']
14:19:49.177  INFO  manager.ListenerWD - Before find elementBy.xpath: //input[@placeholder='Address']
14:19:49.201  INFO  manager.ListenerWD - After find elementBy.xpath: //input[@placeholder='Address']
14:19:49.324  INFO  manager.ListenerWD - Before find elementBy.xpath: //input[@placeholder='description']
14:19:49.344  INFO  manager.ListenerWD - After find elementBy.xpath: //input[@placeholder='description']
14:19:49.455  INFO  manager.ListenerWD - Before find elementBy.xpath: //div[@class='add_form__2rsm2']//button
14:19:49.482  INFO  manager.ListenerWD - After find elementBy.xpath: //div[@class='add_form__2rsm2']//button
14:19:49.527  INFO  manager.ListenerWD - Before find elementsBy.cssSelector: h2
14:19:50.572  INFO  manager.ListenerWD - After find elementBy.cssSelector: h2
14:19:50.573  INFO  manager.ListenerWD - List size is-->54
14:19:51.342  INFO  manager.ListenerWD - Before find elementsBy.cssSelector: h3
14:19:51.722  INFO  manager.ListenerWD - After find elementBy.cssSelector: h3
14:19:51.727  INFO  manager.ListenerWD - List size is-->54
14:19:52.577  INFO  manager.ListenerWD - Before find elementsBy.cssSelector: .contact-item_card__2SOIM
14:19:53.460  INFO  manager.ListenerWD - After find elementBy.cssSelector: .contact-item_card__2SOIM
14:19:53.460  INFO  manager.ListenerWD - List size is-->54
14:19:53.640  INFO  manager.ListenerWD - Before find elementBy.cssSelector: .contact-item-detailed_card__50dTS
14:19:53.698  INFO  manager.ListenerWD - After find elementBy.cssSelector: .contact-item-detailed_card__50dTS
14:19:53.814  INFO  manager.ListenerWD - Before find elementBy.cssSelector: .contact-item-detailed_card__50dTS
14:19:53.839  INFO  manager.ListenerWD - After find elementBy.cssSelector: .contact-item-detailed_card__50dTS
14:19:53.946  INFO  manager.ListenerWD - Before find elementBy.cssSelector: .contact-item-detailed_card__50dTS
14:19:53.967  INFO  manager.ListenerWD - After find elementBy.cssSelector: .contact-item-detailed_card__50dTS
14:19:54.083  INFO  manager.ListenerWD - Before find elementBy.cssSelector: .contact-item-detailed_card__50dTS
14:19:54.104  INFO  manager.ListenerWD - After find elementBy.cssSelector: .contact-item-detailed_card__50dTS
14:19:54.202  INFO  manager.ListenerWD - Before find elementBy.cssSelector: .contact-item-detailed_card__50dTS
14:19:54.227  INFO  manager.ListenerWD - After find elementBy.cssSelector: .contact-item-detailed_card__50dTS
14:19:54.336  INFO  manager.ListenerWD - Before find elementBy.cssSelector: .contact-item-detailed_card__50dTS
14:19:54.358  INFO  manager.ListenerWD - After find elementBy.cssSelector: .contact-item-detailed_card__50dTS
14:19:54.507  INFO  manager.ListenerWD - Before find elementBy.cssSelector: .contact-item-detailed_card__50dTS
14:19:54.538  INFO  manager.ListenerWD - After find elementBy.cssSelector: .contact-item-detailed_card__50dTS
14:19:54.678  INFO  manager.ListenerWD - Before find elementBy.cssSelector: .contact-item-detailed_card__50dTS
14:19:54.696  INFO  manager.ListenerWD - After find elementBy.cssSelector: .contact-item-detailed_card__50dTS
14:19:54.816  INFO  manager.ListenerWD - Before find elementBy.cssSelector: .contact-item-detailed_card__50dTS
14:19:54.847  INFO  manager.ListenerWD - After find elementBy.cssSelector: .contact-item-detailed_card__50dTS
14:19:55.025  INFO  manager.ListenerWD - Before find elementBy.cssSelector: .contact-item-detailed_card__50dTS
14:19:55.053  INFO  manager.ListenerWD - After find elementBy.cssSelector: .contact-item-detailed_card__50dTS
14:19:55.199  INFO  manager.ListenerWD - Before find elementBy.cssSelector: .contact-item-detailed_card__50dTS
14:19:55.222  INFO  manager.ListenerWD - After find elementBy.cssSelector: .contact-item-detailed_card__50dTS
14:19:55.307  INFO  manager.ListenerWD - Before find elementBy.cssSelector: .contact-item-detailed_card__50dTS
14:19:55.333  INFO  manager.ListenerWD - After find elementBy.cssSelector: .contact-item-detailed_card__50dTS
14:19:55.457  INFO  manager.ListenerWD - Before find elementBy.cssSelector: .contact-item-detailed_card__50dTS
14:19:55.480  INFO  manager.ListenerWD - After find elementBy.cssSelector: .contact-item-detailed_card__50dTS
14:19:55.565  INFO  manager.ListenerWD - Before find elementBy.cssSelector: .contact-item-detailed_card__50dTS
14:19:55.583  INFO  manager.ListenerWD - After find elementBy.cssSelector: .contact-item-detailed_card__50dTS
14:19:55.645  INFO  manager.ListenerWD - Before find elementBy.cssSelector: .contact-item-detailed_card__50dTS
14:19:55.665  INFO  manager.ListenerWD - After find elementBy.cssSelector: .contact-item-detailed_card__50dTS
14:19:55.741  INFO  manager.ListenerWD - Before find elementBy.cssSelector: .contact-item-detailed_card__50dTS
14:19:55.756  INFO  manager.ListenerWD - After find elementBy.cssSelector: .contact-item-detailed_card__50dTS
14:19:55.861  INFO  manager.ListenerWD - Before find elementBy.cssSelector: .contact-item-detailed_card__50dTS
14:19:55.880  INFO  manager.ListenerWD - After find elementBy.cssSelector: .contact-item-detailed_card__50dTS
14:19:55.942  INFO  manager.ListenerWD - Before find elementBy.cssSelector: .contact-item-detailed_card__50dTS
14:19:55.958  INFO  manager.ListenerWD - After find elementBy.cssSelector: .contact-item-detailed_card__50dTS
14:19:56.006  INFO  manager.ListenerWD - Before find elementBy.cssSelector: .contact-item-detailed_card__50dTS
14:19:56.020  INFO  manager.ListenerWD - After find elementBy.cssSelector: .contact-item-detailed_card__50dTS
14:19:56.075  INFO  manager.ListenerWD - Before find elementBy.cssSelector: .contact-item-detailed_card__50dTS
14:19:56.090  INFO  manager.ListenerWD - After find elementBy.cssSelector: .contact-item-detailed_card__50dTS
14:19:56.138  INFO  manager.ListenerWD - Before find elementBy.cssSelector: .contact-item-detailed_card__50dTS
14:19:56.156  INFO  manager.ListenerWD - After find elementBy.cssSelector: .contact-item-detailed_card__50dTS
14:19:56.210  INFO  manager.ListenerWD - Before find elementBy.cssSelector: .contact-item-detailed_card__50dTS
14:19:56.227  INFO  manager.ListenerWD - After find elementBy.cssSelector: .contact-item-detailed_card__50dTS
14:19:56.276  INFO  manager.ListenerWD - Before find elementBy.cssSelector: .contact-item-detailed_card__50dTS
14:19:56.291  INFO  manager.ListenerWD - After find elementBy.cssSelector: .contact-item-detailed_card__50dTS
14:19:56.352  INFO  manager.ListenerWD - Before find elementBy.cssSelector: .contact-item-detailed_card__50dTS
14:19:56.369  INFO  manager.ListenerWD - After find elementBy.cssSelector: .contact-item-detailed_card__50dTS
14:19:56.447  INFO  manager.ListenerWD - Before find elementBy.cssSelector: .contact-item-detailed_card__50dTS
14:19:56.469  INFO  manager.ListenerWD - After find elementBy.cssSelector: .contact-item-detailed_card__50dTS
14:19:56.692  INFO  manager.ListenerWD - Before find elementBy.cssSelector: .contact-item-detailed_card__50dTS
14:19:56.711  INFO  manager.ListenerWD - After find elementBy.cssSelector: .contact-item-detailed_card__50dTS
14:19:56.867  INFO  manager.ListenerWD - Before find elementBy.cssSelector: .contact-item-detailed_card__50dTS
14:19:56.909  INFO  manager.ListenerWD - After find elementBy.cssSelector: .contact-item-detailed_card__50dTS
14:19:56.970  INFO  manager.ListenerWD - Before find elementBy.cssSelector: .contact-item-detailed_card__50dTS
14:19:56.982  INFO  manager.ListenerWD - After find elementBy.cssSelector: .contact-item-detailed_card__50dTS
14:19:57.030  INFO  manager.ListenerWD - Before find elementBy.cssSelector: .contact-item-detailed_card__50dTS
14:19:57.046  INFO  manager.ListenerWD - After find elementBy.cssSelector: .contact-item-detailed_card__50dTS
14:19:57.101  INFO  manager.ListenerWD - Before find elementBy.cssSelector: .contact-item-detailed_card__50dTS
14:19:57.118  INFO  manager.ListenerWD - After find elementBy.cssSelector: .contact-item-detailed_card__50dTS
14:19:57.180  INFO  manager.ListenerWD - Before find elementBy.cssSelector: .contact-item-detailed_card__50dTS
14:19:57.193  INFO  manager.ListenerWD - After find elementBy.cssSelector: .contact-item-detailed_card__50dTS
14:19:57.247  INFO  manager.ListenerWD - Before find elementBy.cssSelector: .contact-item-detailed_card__50dTS
14:19:57.264  INFO  manager.ListenerWD - After find elementBy.cssSelector: .contact-item-detailed_card__50dTS
14:19:57.312  INFO  manager.ListenerWD - Before find elementBy.cssSelector: .contact-item-detailed_card__50dTS
14:19:57.328  INFO  manager.ListenerWD - After find elementBy.cssSelector: .contact-item-detailed_card__50dTS
14:19:57.384  INFO  manager.ListenerWD - Before find elementBy.cssSelector: .contact-item-detailed_card__50dTS
14:19:57.396  INFO  manager.ListenerWD - After find elementBy.cssSelector: .contact-item-detailed_card__50dTS
14:19:57.444  INFO  manager.ListenerWD - Before find elementBy.cssSelector: .contact-item-detailed_card__50dTS
14:19:57.458  INFO  manager.ListenerWD - After find elementBy.cssSelector: .contact-item-detailed_card__50dTS
14:19:57.505  INFO  manager.ListenerWD - Before find elementBy.cssSelector: .contact-item-detailed_card__50dTS
14:19:57.519  INFO  manager.ListenerWD - After find elementBy.cssSelector: .contact-item-detailed_card__50dTS
14:19:57.567  INFO  manager.ListenerWD - Before find elementBy.cssSelector: .contact-item-detailed_card__50dTS
14:19:57.579  INFO  manager.ListenerWD - After find elementBy.cssSelector: .contact-item-detailed_card__50dTS
14:19:57.640  INFO  manager.ListenerWD - Before find elementBy.cssSelector: .contact-item-detailed_card__50dTS
14:19:57.657  INFO  manager.ListenerWD - After find elementBy.cssSelector: .contact-item-detailed_card__50dTS
14:19:57.712  INFO  manager.ListenerWD - Before find elementBy.cssSelector: .contact-item-detailed_card__50dTS
14:19:57.729  INFO  manager.ListenerWD - After find elementBy.cssSelector: .contact-item-detailed_card__50dTS
14:19:57.786  INFO  manager.ListenerWD - Before find elementBy.cssSelector: .contact-item-detailed_card__50dTS
14:19:57.798  INFO  manager.ListenerWD - After find elementBy.cssSelector: .contact-item-detailed_card__50dTS
14:19:57.850  INFO  manager.ListenerWD - Before find elementBy.cssSelector: .contact-item-detailed_card__50dTS
14:19:57.864  INFO  manager.ListenerWD - After find elementBy.cssSelector: .contact-item-detailed_card__50dTS
14:19:57.909  INFO  manager.ListenerWD - Before find elementBy.cssSelector: .contact-item-detailed_card__50dTS
14:19:57.925  INFO  manager.ListenerWD - After find elementBy.cssSelector: .contact-item-detailed_card__50dTS
14:19:57.976  INFO  manager.ListenerWD - Before find elementBy.cssSelector: .contact-item-detailed_card__50dTS
14:19:57.989  INFO  manager.ListenerWD - After find elementBy.cssSelector: .contact-item-detailed_card__50dTS
14:19:58.032  INFO  manager.ListenerWD - Before find elementBy.cssSelector: .contact-item-detailed_card__50dTS
14:19:58.044  INFO  manager.ListenerWD - After find elementBy.cssSelector: .contact-item-detailed_card__50dTS
14:19:58.089  INFO  manager.ListenerWD - Before find elementBy.cssSelector: .contact-item-detailed_card__50dTS
14:19:58.102  INFO  manager.ListenerWD - After find elementBy.cssSelector: .contact-item-detailed_card__50dTS
14:19:58.144  INFO  manager.ListenerWD - Before find elementBy.cssSelector: .contact-item-detailed_card__50dTS
14:19:58.159  INFO  manager.ListenerWD - After find elementBy.cssSelector: .contact-item-detailed_card__50dTS
14:19:58.208  INFO  manager.ListenerWD - Before find elementBy.cssSelector: .contact-item-detailed_card__50dTS
14:19:58.224  INFO  manager.ListenerWD - After find elementBy.cssSelector: .contact-item-detailed_card__50dTS
14:19:58.280  INFO  manager.ListenerWD - Before find elementBy.cssSelector: .contact-item-detailed_card__50dTS
14:19:58.292  INFO  manager.ListenerWD - After find elementBy.cssSelector: .contact-item-detailed_card__50dTS
14:19:58.338  INFO  manager.ListenerWD - Before find elementBy.cssSelector: .contact-item-detailed_card__50dTS
14:19:58.351  INFO  manager.ListenerWD - After find elementBy.cssSelector: .contact-item-detailed_card__50dTS
14:19:58.396  INFO  manager.ListenerWD - Before find elementBy.cssSelector: .contact-item-detailed_card__50dTS
14:19:58.410  INFO  manager.ListenerWD - After find elementBy.cssSelector: .contact-item-detailed_card__50dTS
14:19:58.464  INFO  manager.ListenerWD - Before find elementBy.cssSelector: .contact-item-detailed_card__50dTS
14:19:58.478  INFO  manager.ListenerWD - After find elementBy.cssSelector: .contact-item-detailed_card__50dTS
14:19:58.534  INFO  manager.ListenerWD - Before find elementBy.cssSelector: .contact-item-detailed_card__50dTS
14:19:58.558  INFO  manager.ListenerWD - After find elementBy.cssSelector: .contact-item-detailed_card__50dTS
14:19:58.614  INFO  manager.ListenerWD - Before find elementBy.cssSelector: .contact-item-detailed_card__50dTS
14:19:58.626  INFO  manager.ListenerWD - After find elementBy.cssSelector: .contact-item-detailed_card__50dTS
14:19:58.676  INFO  manager.ListenerWD - Before find elementBy.cssSelector: .contact-item-detailed_card__50dTS
14:19:58.692  INFO  manager.ListenerWD - After find elementBy.cssSelector: .contact-item-detailed_card__50dTS
