22:21:10.779  INFO  manager.ApplicationManager - All test start in Chrome Browser
22:21:13.131  INFO  manager.ApplicationManager - Current Url -->https://telranedu.web.app/home
22:21:13.220  INFO  tests.TestBase - The name of starts method --->addNewContactSuccessAllFields
22:21:13.225  INFO  manager.ListenerWD - Before find elementsBy.xpath: //button[text()='Sign Out']
22:21:18.284  INFO  manager.ListenerWD - After find elementBy.xpath: //button[text()='Sign Out']
22:21:18.291  INFO  manager.ListenerWD - List size is-->0
22:21:18.805  INFO  manager.ListenerWD - Before find elementBy.xpath: //a[@href='/login']
22:21:18.843  INFO  manager.ListenerWD - After find elementBy.xpath: //a[@href='/login']
22:21:19.448  INFO  manager.ListenerWD - Before find elementBy.name: email
22:21:19.481  INFO  manager.ListenerWD - After find elementBy.name: email
22:21:21.664  INFO  manager.ListenerWD - Before find elementBy.xpath: //input[position()=2]
22:21:21.699  INFO  manager.ListenerWD - After find elementBy.xpath: //input[position()=2]
22:21:24.459  INFO  manager.ListenerWD - Before find elementBy.xpath: //button[@name='login']
22:21:24.576  INFO  manager.ListenerWD - After find elementBy.xpath: //button[@name='login']
22:21:24.662  INFO  tests.TestBase - Test start with data: Contacts(name=Melafifon184, lastName=Green, phone=0561842569, email=melG184@gmail.com, address=Netanya, description=All fields)
22:21:24.662  INFO  manager.ListenerWD - Before find elementBy.xpath: //a[@href='/add']
22:21:25.798  INFO  manager.ListenerWD - After find elementBy.xpath: //a[@href='/add']
22:21:25.882  INFO  manager.ListenerWD - Before find elementBy.xpath: //input[@placeholder='Name']
22:21:25.925  INFO  manager.ListenerWD - After find elementBy.xpath: //input[@placeholder='Name']
22:21:28.145  INFO  manager.ListenerWD - Before find elementBy.xpath: //input[@placeholder='Last Name']
22:21:28.169  INFO  manager.ListenerWD - After find elementBy.xpath: //input[@placeholder='Last Name']
22:21:30.444  INFO  manager.ListenerWD - Before find elementBy.cssSelector: input[placeholder='Phone']
22:21:30.473  INFO  manager.ListenerWD - After find elementBy.cssSelector: input[placeholder='Phone']
22:21:32.679  INFO  manager.ListenerWD - Before find elementBy.xpath: //input[@placeholder='email']
22:21:32.710  INFO  manager.ListenerWD - After find elementBy.xpath: //input[@placeholder='email']
22:21:34.991  INFO  manager.ListenerWD - Before find elementBy.xpath: //input[@placeholder='Address']
22:21:35.022  INFO  manager.ListenerWD - After find elementBy.xpath: //input[@placeholder='Address']
22:21:37.206  INFO  manager.ListenerWD - Before find elementBy.xpath: //input[@placeholder='description']
22:21:37.229  INFO  manager.ListenerWD - After find elementBy.xpath: //input[@placeholder='description']
22:21:39.455  INFO  manager.ListenerWD - Before find elementBy.xpath: //div[@class='add_form__2rsm2']//button
22:21:39.479  INFO  manager.ListenerWD - After find elementBy.xpath: //div[@class='add_form__2rsm2']//button
22:21:39.525  INFO  tests.TestBase - The name of starts method --->addNewContactSuccessRequiredFields
22:21:39.534  INFO  manager.ListenerWD - Before find elementsBy.xpath: //button[text()='Sign Out']
22:21:39.564  INFO  manager.ListenerWD - After find elementBy.xpath: //button[text()='Sign Out']
22:21:39.564  INFO  manager.ListenerWD - List size is-->1
22:21:39.565  INFO  manager.ListenerWD - Before find elementBy.xpath: //a[@href='/add']
22:21:39.588  INFO  manager.ListenerWD - After find elementBy.xpath: //a[@href='/add']
22:21:40.635  INFO  manager.ListenerWD - Before find elementBy.xpath: //input[@placeholder='Name']
22:21:45.702  INFO  manager.ListenerWD - Have a 'problem'
22:21:45.703  INFO  manager.ListenerWD - ***************************************
22:21:45.703  INFO  manager.ListenerWD - Method methodfindElement
22:21:45.703  INFO  manager.ListenerWD - ***************************************
22:21:45.703  INFO  manager.ListenerWD - ***************************************
22:21:45.705  INFO  manager.ListenerWD - InvocationTargetExceptionorg.openqa.selenium.NoSuchElementException: no such element: Unable to locate element: {"method":"xpath","selector":"//input[@placeholder='Name']"}
  (Session info: chrome=109.0.5414.120)
For documentation on this error, please visit: https://selenium.dev/exceptions/#no_such_element
Build info: version: '4.7.1', revision: 'c6795baf1a3'
System info: os.name: 'Windows 10', os.arch: 'amd64', os.version: '10.0', java.version: '11.0.17'
Driver info: org.openqa.selenium.chrome.ChromeDriver
Command: [fef6b9ed1ba0c23eb0cce65a042afbc0, findElement {using=xpath, value=//input[@placeholder='Name']}]
Capabilities {acceptInsecureCerts: false, browserName: chrome, browserVersion: 109.0.5414.120, chrome: {chromedriverVersion: 109.0.5414.74 (e7c5703604da..., userDataDir: C:\Users\ALEKSA~1\AppData\L...}, goog:chromeOptions: {debuggerAddress: localhost:62818}, networkConnectionEnabled: false, pageLoadStrategy: normal, platformName: WINDOWS, proxy: Proxy(), se:cdp: ws://localhost:62818/devtoo..., se:cdpVersion: 109.0.5414.120, setWindowRect: true, strictFileInteractability: false, timeouts: {implicit: 0, pageLoad: 300000, script: 30000}, unhandledPromptBehavior: dismiss and notify, webauthn:extension:credBlob: true, webauthn:extension:largeBlob: true, webauthn:virtualAuthenticators: true}
Session ID: fef6b9ed1ba0c23eb0cce65a042afbc0
22:21:45.706  INFO  manager.ListenerWD - ***************************************
22:21:45.707  INFO  manager.ListenerWD - ***************************************
22:21:45.707  INFO  manager.ListenerWD - Object targetChromeDriver: chrome on WINDOWS (fef6b9ed1ba0c23eb0cce65a042afbc0)
22:21:45.707  INFO  manager.ListenerWD - ***************************************
22:21:45.708  INFO  manager.ListenerWD - Screen with error is--->src/test/screenshots/screen-359.png
22:21:46.202  INFO  tests.TestBase - The name of starts method --->addNewContactWithWrongMail
22:21:46.202  INFO  manager.ListenerWD - Before find elementsBy.xpath: //button[text()='Sign Out']
22:21:46.223  INFO  manager.ListenerWD - After find elementBy.xpath: //button[text()='Sign Out']
22:21:46.223  INFO  manager.ListenerWD - List size is-->1
22:21:46.224  INFO  manager.ListenerWD - Before find elementBy.xpath: //a[@href='/add']
22:21:46.246  INFO  manager.ListenerWD - After find elementBy.xpath: //a[@href='/add']
22:21:46.318  INFO  manager.ListenerWD - Before find elementBy.xpath: //input[@placeholder='Name']
22:21:46.363  INFO  manager.ListenerWD - After find elementBy.xpath: //input[@placeholder='Name']
22:21:48.593  INFO  manager.ListenerWD - Before find elementBy.xpath: //input[@placeholder='Last Name']
22:21:48.610  INFO  manager.ListenerWD - After find elementBy.xpath: //input[@placeholder='Last Name']
22:21:50.798  INFO  manager.ListenerWD - Before find elementBy.cssSelector: input[placeholder='Phone']
22:21:50.816  INFO  manager.ListenerWD - After find elementBy.cssSelector: input[placeholder='Phone']
22:21:53.076  INFO  manager.ListenerWD - Before find elementBy.xpath: //input[@placeholder='email']
22:21:53.093  INFO  manager.ListenerWD - After find elementBy.xpath: //input[@placeholder='email']
22:21:55.342  INFO  manager.ListenerWD - Before find elementBy.xpath: //input[@placeholder='Address']
22:21:55.359  INFO  manager.ListenerWD - After find elementBy.xpath: //input[@placeholder='Address']
22:21:57.512  INFO  manager.ListenerWD - Before find elementBy.xpath: //input[@placeholder='description']
22:21:57.529  INFO  manager.ListenerWD - After find elementBy.xpath: //input[@placeholder='description']
22:21:59.726  INFO  manager.ListenerWD - Before find elementBy.xpath: //div[@class='add_form__2rsm2']//button
22:21:59.743  INFO  manager.ListenerWD - After find elementBy.xpath: //div[@class='add_form__2rsm2']//button
22:21:59.783  INFO  manager.ListenerWD - Before find elementsBy.cssSelector: a.active[href='/add']
22:21:59.812  INFO  manager.ListenerWD - After find elementBy.cssSelector: a.active[href='/add']
22:21:59.812  INFO  manager.ListenerWD - List size is-->1
22:21:59.818  INFO  tests.TestBase - The name of starts method --->addNewContactWithWrongPhone
22:21:59.822  INFO  manager.ListenerWD - Before find elementsBy.xpath: //button[text()='Sign Out']
22:21:59.843  INFO  manager.ListenerWD - After find elementBy.xpath: //button[text()='Sign Out']
22:21:59.844  INFO  manager.ListenerWD - List size is-->1
22:21:59.845  INFO  manager.ListenerWD - Before find elementBy.xpath: //a[@href='/add']
22:21:59.865  INFO  manager.ListenerWD - After find elementBy.xpath: //a[@href='/add']
22:21:59.899  INFO  manager.ListenerWD - Before find elementBy.xpath: //input[@placeholder='Name']
22:21:59.917  INFO  manager.ListenerWD - After find elementBy.xpath: //input[@placeholder='Name']
22:22:01.043  INFO  manager.ListenerWD - Have a 'problem'
22:22:01.044  INFO  manager.ListenerWD - ***************************************
22:22:01.045  INFO  manager.ListenerWD - Method methodsendKeys
22:22:01.046  INFO  manager.ListenerWD - ***************************************
22:22:01.047  INFO  manager.ListenerWD - ***************************************
22:22:01.048  INFO  manager.ListenerWD - InvocationTargetExceptionorg.openqa.selenium.StaleElementReferenceException: stale element reference: element is not attached to the page document
  (Session info: chrome=109.0.5414.120)
For documentation on this error, please visit: https://selenium.dev/exceptions/#stale_element_reference
Build info: version: '4.7.1', revision: 'c6795baf1a3'
System info: os.name: 'Windows 10', os.arch: 'amd64', os.version: '10.0', java.version: '11.0.17'
Driver info: org.openqa.selenium.chrome.ChromeDriver
Command: [fef6b9ed1ba0c23eb0cce65a042afbc0, sendKeysToElement {id=b3506ce6-06bc-44e8-9122-a3279a88f36e, value=[Ljava.lang.CharSequence;@124d26ba}]
Capabilities {acceptInsecureCerts: false, browserName: chrome, browserVersion: 109.0.5414.120, chrome: {chromedriverVersion: 109.0.5414.74 (e7c5703604da..., userDataDir: C:\Users\ALEKSA~1\AppData\L...}, goog:chromeOptions: {debuggerAddress: localhost:62818}, networkConnectionEnabled: false, pageLoadStrategy: normal, platformName: WINDOWS, proxy: Proxy(), se:cdp: ws://localhost:62818/devtoo..., se:cdpVersion: 109.0.5414.120, setWindowRect: true, strictFileInteractability: false, timeouts: {implicit: 0, pageLoad: 300000, script: 30000}, unhandledPromptBehavior: dismiss and notify, webauthn:extension:credBlob: true, webauthn:extension:largeBlob: true, webauthn:virtualAuthenticators: true}
Element: [[ChromeDriver: chrome on WINDOWS (fef6b9ed1ba0c23eb0cce65a042afbc0)] -> xpath: //input[@placeholder='Name']]
Session ID: fef6b9ed1ba0c23eb0cce65a042afbc0
22:22:01.050  INFO  manager.ListenerWD - ***************************************
22:22:01.051  INFO  manager.ListenerWD - ***************************************
22:22:01.052  INFO  manager.ListenerWD - Object target[[ChromeDriver: chrome on WINDOWS (fef6b9ed1ba0c23eb0cce65a042afbc0)] -> xpath: //input[@placeholder='Name']]
22:22:01.053  INFO  manager.ListenerWD - ***************************************
22:22:01.081  INFO  tests.TestBase - The name of starts method --->addNewContactWithoutAddress
22:22:01.087  INFO  manager.ListenerWD - Before find elementsBy.xpath: //button[text()='Sign Out']
22:22:01.236  INFO  manager.ListenerWD - After find elementBy.xpath: //button[text()='Sign Out']
22:22:01.237  INFO  manager.ListenerWD - List size is-->1
22:22:01.239  INFO  manager.ListenerWD - Before find elementBy.xpath: //a[@href='/add']
22:22:01.268  INFO  manager.ListenerWD - After find elementBy.xpath: //a[@href='/add']
22:22:01.316  INFO  manager.ListenerWD - Before find elementBy.xpath: //input[@placeholder='Name']
22:22:01.339  INFO  manager.ListenerWD - After find elementBy.xpath: //input[@placeholder='Name']
22:22:03.572  INFO  manager.ListenerWD - Before find elementBy.xpath: //input[@placeholder='Last Name']
22:22:03.593  INFO  manager.ListenerWD - After find elementBy.xpath: //input[@placeholder='Last Name']
22:22:05.852  INFO  manager.ListenerWD - Before find elementBy.cssSelector: input[placeholder='Phone']
22:22:05.868  INFO  manager.ListenerWD - After find elementBy.cssSelector: input[placeholder='Phone']
22:22:08.085  INFO  manager.ListenerWD - Before find elementBy.xpath: //input[@placeholder='email']
22:22:08.148  INFO  manager.ListenerWD - After find elementBy.xpath: //input[@placeholder='email']
22:22:10.434  INFO  manager.ListenerWD - Before find elementBy.xpath: //input[@placeholder='Address']
22:22:10.450  INFO  manager.ListenerWD - After find elementBy.xpath: //input[@placeholder='Address']
22:22:12.596  INFO  manager.ListenerWD - Before find elementBy.xpath: //input[@placeholder='description']
22:22:12.616  INFO  manager.ListenerWD - After find elementBy.xpath: //input[@placeholder='description']
22:22:14.769  INFO  manager.ListenerWD - Before find elementBy.xpath: //div[@class='add_form__2rsm2']//button
22:22:14.785  INFO  manager.ListenerWD - After find elementBy.xpath: //div[@class='add_form__2rsm2']//button
22:22:14.824  INFO  manager.ListenerWD - Before find elementsBy.xpath: //input[@placeholder='Name']
22:22:14.850  INFO  manager.ListenerWD - After find elementBy.xpath: //input[@placeholder='Name']
22:22:14.850  INFO  manager.ListenerWD - List size is-->1
22:22:14.851  INFO  tests.TestBase - The name of starts method --->addNewContactWithoutLastName
22:22:14.852  INFO  manager.ListenerWD - Before find elementsBy.xpath: //button[text()='Sign Out']
22:22:14.869  INFO  manager.ListenerWD - After find elementBy.xpath: //button[text()='Sign Out']
22:22:14.869  INFO  manager.ListenerWD - List size is-->1
22:22:14.870  INFO  manager.ListenerWD - Before find elementBy.xpath: //a[@href='/add']
22:22:14.884  INFO  manager.ListenerWD - After find elementBy.xpath: //a[@href='/add']
22:22:14.915  INFO  manager.ListenerWD - Before find elementBy.xpath: //input[@placeholder='Name']
22:22:14.938  INFO  manager.ListenerWD - After find elementBy.xpath: //input[@placeholder='Name']
22:22:17.177  INFO  manager.ListenerWD - Before find elementBy.xpath: //input[@placeholder='Last Name']
22:22:17.191  INFO  manager.ListenerWD - After find elementBy.xpath: //input[@placeholder='Last Name']
22:22:19.280  INFO  manager.ListenerWD - Before find elementBy.cssSelector: input[placeholder='Phone']
22:22:19.297  INFO  manager.ListenerWD - After find elementBy.cssSelector: input[placeholder='Phone']
22:22:21.500  INFO  manager.ListenerWD - Before find elementBy.xpath: //input[@placeholder='email']
22:22:21.515  INFO  manager.ListenerWD - After find elementBy.xpath: //input[@placeholder='email']
22:22:23.678  INFO  manager.ListenerWD - Before find elementBy.xpath: //input[@placeholder='Address']
22:22:23.693  INFO  manager.ListenerWD - After find elementBy.xpath: //input[@placeholder='Address']
22:22:25.858  INFO  manager.ListenerWD - Before find elementBy.xpath: //input[@placeholder='description']
22:22:25.875  INFO  manager.ListenerWD - After find elementBy.xpath: //input[@placeholder='description']
22:22:28.061  INFO  manager.ListenerWD - Before find elementBy.xpath: //div[@class='add_form__2rsm2']//button
22:22:28.078  INFO  manager.ListenerWD - After find elementBy.xpath: //div[@class='add_form__2rsm2']//button
22:22:28.104  INFO  manager.ListenerWD - Before find elementsBy.xpath: //input[@placeholder='Name']
22:22:28.119  INFO  manager.ListenerWD - After find elementBy.xpath: //input[@placeholder='Name']
22:22:28.119  INFO  manager.ListenerWD - List size is-->1
22:22:28.120  INFO  tests.TestBase - The name of starts method --->addNewContactWithoutName
22:22:28.121  INFO  manager.ListenerWD - Before find elementsBy.xpath: //button[text()='Sign Out']
22:22:28.137  INFO  manager.ListenerWD - After find elementBy.xpath: //button[text()='Sign Out']
22:22:28.137  INFO  manager.ListenerWD - List size is-->1
22:22:28.138  INFO  manager.ListenerWD - Before find elementBy.xpath: //a[@href='/add']
22:22:28.155  INFO  manager.ListenerWD - After find elementBy.xpath: //a[@href='/add']
22:22:28.186  INFO  manager.ListenerWD - Before find elementBy.xpath: //input[@placeholder='Name']
22:22:28.203  INFO  manager.ListenerWD - After find elementBy.xpath: //input[@placeholder='Name']
22:22:30.443  INFO  manager.ListenerWD - Before find elementBy.xpath: //input[@placeholder='Last Name']
22:22:30.472  INFO  manager.ListenerWD - After find elementBy.xpath: //input[@placeholder='Last Name']
22:22:32.650  INFO  manager.ListenerWD - Before find elementBy.cssSelector: input[placeholder='Phone']
22:22:32.663  INFO  manager.ListenerWD - After find elementBy.cssSelector: input[placeholder='Phone']
22:22:34.837  INFO  manager.ListenerWD - Before find elementBy.xpath: //input[@placeholder='email']
22:22:34.851  INFO  manager.ListenerWD - After find elementBy.xpath: //input[@placeholder='email']
22:22:36.991  INFO  manager.ListenerWD - Before find elementBy.xpath: //input[@placeholder='Address']
22:22:37.008  INFO  manager.ListenerWD - After find elementBy.xpath: //input[@placeholder='Address']
22:22:39.167  INFO  manager.ListenerWD - Before find elementBy.xpath: //input[@placeholder='description']
22:22:39.183  INFO  manager.ListenerWD - After find elementBy.xpath: //input[@placeholder='description']
22:22:41.407  INFO  manager.ListenerWD - Before find elementBy.xpath: //div[@class='add_form__2rsm2']//button
22:22:41.424  INFO  manager.ListenerWD - After find elementBy.xpath: //div[@class='add_form__2rsm2']//button
22:22:41.452  INFO  manager.ListenerWD - Before find elementsBy.xpath: //input[@placeholder='Name']
22:22:41.472  INFO  manager.ListenerWD - After find elementBy.xpath: //input[@placeholder='Name']
22:22:41.472  INFO  manager.ListenerWD - List size is-->1
22:22:41.478  INFO  tests.TestBase - The name of starts method --->loginSuccess
22:22:41.479  INFO  manager.ListenerWD - Before find elementsBy.xpath: //button[text()='Sign Out']
22:22:41.495  INFO  manager.ListenerWD - After find elementBy.xpath: //button[text()='Sign Out']
22:22:41.495  INFO  manager.ListenerWD - List size is-->1
22:22:41.495  INFO  manager.ListenerWD - Before find elementBy.xpath: //button[text()='Sign Out']
22:22:41.514  INFO  manager.ListenerWD - After find elementBy.xpath: //button[text()='Sign Out']
22:22:41.565  INFO  tests.TestBase - I need logout
22:22:41.579  INFO  tests.TestBase - Login with valid data: email: benb@gmail.com password: Beny$123456
22:22:41.579  INFO  manager.ListenerWD - Before find elementBy.xpath: //a[@href='/login']
22:22:41.597  INFO  manager.ListenerWD - After find elementBy.xpath: //a[@href='/login']
22:22:41.644  INFO  manager.ListenerWD - Before find elementBy.name: email
22:22:41.666  INFO  manager.ListenerWD - After find elementBy.name: email
22:22:43.900  INFO  manager.ListenerWD - Before find elementBy.xpath: //input[position()=2]
22:22:43.918  INFO  manager.ListenerWD - After find elementBy.xpath: //input[position()=2]
22:22:46.120  INFO  manager.ListenerWD - Before find elementBy.xpath: //button[@name='login']
22:22:46.140  INFO  manager.ListenerWD - After find elementBy.xpath: //button[@name='login']
22:22:46.190  INFO  manager.ListenerWD - Before find elementsBy.xpath: //button[text()='Sign Out']
22:22:46.554  INFO  manager.ListenerWD - After find elementBy.xpath: //button[text()='Sign Out']
22:22:46.555  INFO  manager.ListenerWD - List size is-->1
22:22:46.555  INFO  tests.TestBase - Test success
22:22:46.556  INFO  tests.TestBase - The name of starts method --->loginSuccess
22:22:46.557  INFO  manager.ListenerWD - Before find elementsBy.xpath: //button[text()='Sign Out']
22:22:46.578  INFO  manager.ListenerWD - After find elementBy.xpath: //button[text()='Sign Out']
22:22:46.578  INFO  manager.ListenerWD - List size is-->1
22:22:46.579  INFO  manager.ListenerWD - Before find elementBy.xpath: //button[text()='Sign Out']
22:22:46.594  INFO  manager.ListenerWD - After find elementBy.xpath: //button[text()='Sign Out']
22:22:46.641  INFO  tests.TestBase - I need logout
22:22:46.642  INFO  tests.TestBase - Login with valid data: email: ili@gmail.com password: IliB$123456
22:22:46.643  INFO  manager.ListenerWD - Before find elementBy.xpath: //a[@href='/login']
22:22:46.663  INFO  manager.ListenerWD - After find elementBy.xpath: //a[@href='/login']
22:22:46.701  INFO  manager.ListenerWD - Before find elementBy.name: email
22:22:46.717  INFO  manager.ListenerWD - After find elementBy.name: email
22:22:48.893  INFO  manager.ListenerWD - Before find elementBy.xpath: //input[position()=2]
22:22:48.907  INFO  manager.ListenerWD - After find elementBy.xpath: //input[position()=2]
22:22:51.107  INFO  manager.ListenerWD - Before find elementBy.xpath: //button[@name='login']
22:22:51.130  INFO  manager.ListenerWD - After find elementBy.xpath: //button[@name='login']
22:22:51.168  INFO  manager.ListenerWD - Before find elementsBy.xpath: //button[text()='Sign Out']
22:22:51.587  INFO  manager.ListenerWD - After find elementBy.xpath: //button[text()='Sign Out']
22:22:51.587  INFO  manager.ListenerWD - List size is-->1
22:22:51.587  INFO  tests.TestBase - Test success
22:22:51.589  INFO  tests.TestBase - The name of starts method --->loginSuccess
22:22:51.590  INFO  manager.ListenerWD - Before find elementsBy.xpath: //button[text()='Sign Out']
22:22:51.608  INFO  manager.ListenerWD - After find elementBy.xpath: //button[text()='Sign Out']
22:22:51.608  INFO  manager.ListenerWD - List size is-->1
22:22:51.609  INFO  manager.ListenerWD - Before find elementBy.xpath: //button[text()='Sign Out']
22:22:51.629  INFO  manager.ListenerWD - After find elementBy.xpath: //button[text()='Sign Out']
22:22:51.681  INFO  tests.TestBase - I need logout
22:22:51.682  INFO  tests.TestBase - Login with valid data: email: benb@gmail.com password: Beny$123456
22:22:51.682  INFO  manager.ListenerWD - Before find elementBy.xpath: //a[@href='/login']
22:22:51.706  INFO  manager.ListenerWD - After find elementBy.xpath: //a[@href='/login']
22:22:51.760  INFO  manager.ListenerWD - Before find elementBy.name: email
22:22:51.782  INFO  manager.ListenerWD - After find elementBy.name: email
22:22:54.046  INFO  manager.ListenerWD - Before find elementBy.xpath: //input[position()=2]
22:22:54.060  INFO  manager.ListenerWD - After find elementBy.xpath: //input[position()=2]
22:22:56.276  INFO  manager.ListenerWD - Before find elementBy.xpath: //button[@name='login']
22:22:56.292  INFO  manager.ListenerWD - After find elementBy.xpath: //button[@name='login']
22:22:56.332  INFO  manager.ListenerWD - Before find elementsBy.xpath: //button[text()='Sign Out']
22:22:56.709  INFO  manager.ListenerWD - After find elementBy.xpath: //button[text()='Sign Out']
22:22:56.709  INFO  manager.ListenerWD - List size is-->1
22:22:56.710  INFO  tests.TestBase - Test success
22:22:56.714  INFO  tests.TestBase - The name of starts method --->loginSuccess2
22:22:56.715  INFO  manager.ListenerWD - Before find elementsBy.xpath: //button[text()='Sign Out']
22:22:56.734  INFO  manager.ListenerWD - After find elementBy.xpath: //button[text()='Sign Out']
22:22:56.734  INFO  manager.ListenerWD - List size is-->1
22:22:56.734  INFO  manager.ListenerWD - Before find elementBy.xpath: //button[text()='Sign Out']
22:22:56.747  INFO  manager.ListenerWD - After find elementBy.xpath: //button[text()='Sign Out']
22:22:56.784  INFO  tests.TestBase - I need logout
22:22:56.787  INFO  tests.TestBase - Login with valid data: email: benb@gmail.com password: Beny$123456
22:22:56.787  INFO  manager.ListenerWD - Before find elementBy.xpath: //a[@href='/login']
22:22:56.819  INFO  manager.ListenerWD - After find elementBy.xpath: //a[@href='/login']
22:22:56.865  INFO  manager.ListenerWD - Before find elementBy.name: email
22:22:56.881  INFO  manager.ListenerWD - After find elementBy.name: email
22:22:59.122  INFO  manager.ListenerWD - Before find elementBy.xpath: //input[position()=2]
22:22:59.139  INFO  manager.ListenerWD - After find elementBy.xpath: //input[position()=2]
22:23:01.339  INFO  manager.ListenerWD - Before find elementBy.xpath: //button[@name='login']
22:23:01.356  INFO  manager.ListenerWD - After find elementBy.xpath: //button[@name='login']
22:23:01.398  INFO  manager.ListenerWD - Before find elementsBy.xpath: //button[text()='Sign Out']
22:23:01.765  INFO  manager.ListenerWD - After find elementBy.xpath: //button[text()='Sign Out']
22:23:01.766  INFO  manager.ListenerWD - List size is-->1
22:23:01.767  INFO  tests.TestBase - Test success
22:23:01.768  INFO  tests.TestBase - The name of starts method --->loginSuccess2
22:23:01.769  INFO  manager.ListenerWD - Before find elementsBy.xpath: //button[text()='Sign Out']
22:23:01.790  INFO  manager.ListenerWD - After find elementBy.xpath: //button[text()='Sign Out']
22:23:01.791  INFO  manager.ListenerWD - List size is-->1
22:23:01.791  INFO  manager.ListenerWD - Before find elementBy.xpath: //button[text()='Sign Out']
22:23:01.805  INFO  manager.ListenerWD - After find elementBy.xpath: //button[text()='Sign Out']
22:23:01.847  INFO  tests.TestBase - I need logout
22:23:01.848  INFO  tests.TestBase - Login with valid data: email: ili@gmail.com password: IliB$123456
22:23:01.848  INFO  manager.ListenerWD - Before find elementBy.xpath: //a[@href='/login']
22:23:01.864  INFO  manager.ListenerWD - After find elementBy.xpath: //a[@href='/login']
22:23:01.907  INFO  manager.ListenerWD - Before find elementBy.name: email
22:23:01.923  INFO  manager.ListenerWD - After find elementBy.name: email
22:23:04.190  INFO  manager.ListenerWD - Before find elementBy.xpath: //input[position()=2]
22:23:04.207  INFO  manager.ListenerWD - After find elementBy.xpath: //input[position()=2]
22:23:06.432  INFO  manager.ListenerWD - Before find elementBy.xpath: //button[@name='login']
22:23:06.447  INFO  manager.ListenerWD - After find elementBy.xpath: //button[@name='login']
22:23:06.488  INFO  manager.ListenerWD - Before find elementsBy.xpath: //button[text()='Sign Out']
22:23:06.851  INFO  manager.ListenerWD - After find elementBy.xpath: //button[text()='Sign Out']
22:23:06.851  INFO  manager.ListenerWD - List size is-->1
22:23:06.851  INFO  tests.TestBase - Test success
22:23:06.852  INFO  tests.TestBase - The name of starts method --->loginSuccess2
22:23:06.853  INFO  manager.ListenerWD - Before find elementsBy.xpath: //button[text()='Sign Out']
22:23:06.867  INFO  manager.ListenerWD - After find elementBy.xpath: //button[text()='Sign Out']
22:23:06.867  INFO  manager.ListenerWD - List size is-->1
22:23:06.868  INFO  manager.ListenerWD - Before find elementBy.xpath: //button[text()='Sign Out']
22:23:06.897  INFO  manager.ListenerWD - After find elementBy.xpath: //button[text()='Sign Out']
22:23:07.006  INFO  tests.TestBase - I need logout
22:23:07.006  INFO  tests.TestBase - Login with valid data: email: benb@gmail.com password: Beny$123456
22:23:07.007  INFO  manager.ListenerWD - Before find elementBy.xpath: //a[@href='/login']
22:23:07.059  INFO  manager.ListenerWD - After find elementBy.xpath: //a[@href='/login']
22:23:07.151  INFO  manager.ListenerWD - Before find elementBy.name: email
22:23:07.170  INFO  manager.ListenerWD - After find elementBy.name: email
22:23:09.437  INFO  manager.ListenerWD - Before find elementBy.xpath: //input[position()=2]
22:23:09.453  INFO  manager.ListenerWD - After find elementBy.xpath: //input[position()=2]
22:23:11.710  INFO  manager.ListenerWD - Before find elementBy.xpath: //button[@name='login']
22:23:11.724  INFO  manager.ListenerWD - After find elementBy.xpath: //button[@name='login']
22:23:11.763  INFO  manager.ListenerWD - Before find elementsBy.xpath: //button[text()='Sign Out']
22:23:12.108  INFO  manager.ListenerWD - After find elementBy.xpath: //button[text()='Sign Out']
22:23:12.109  INFO  manager.ListenerWD - List size is-->1
22:23:12.109  INFO  tests.TestBase - Test success
22:23:12.111  INFO  tests.TestBase - The name of starts method --->loginSuccessModel
22:23:12.112  INFO  manager.ListenerWD - Before find elementsBy.xpath: //button[text()='Sign Out']
22:23:12.132  INFO  manager.ListenerWD - After find elementBy.xpath: //button[text()='Sign Out']
22:23:12.133  INFO  manager.ListenerWD - List size is-->1
22:23:12.133  INFO  manager.ListenerWD - Before find elementBy.xpath: //button[text()='Sign Out']
22:23:12.157  INFO  manager.ListenerWD - After find elementBy.xpath: //button[text()='Sign Out']
22:23:12.211  INFO  tests.TestBase - I need logout
22:23:12.221  INFO  tests.TestBase - Test start with user: User(email=benb@gmail.com, password=Beny$123456)
22:23:12.222  INFO  manager.ListenerWD - Before find elementBy.xpath: //a[@href='/login']
22:23:12.238  INFO  manager.ListenerWD - After find elementBy.xpath: //a[@href='/login']
22:23:12.278  INFO  manager.ListenerWD - Before find elementBy.name: email
22:23:12.298  INFO  manager.ListenerWD - After find elementBy.name: email
22:23:14.471  INFO  manager.ListenerWD - Before find elementBy.name: password
22:23:14.489  INFO  manager.ListenerWD - After find elementBy.name: password
22:23:16.725  INFO  manager.ListenerWD - Before find elementBy.xpath: //button[@name='login']
22:23:16.747  INFO  manager.ListenerWD - After find elementBy.xpath: //button[@name='login']
22:23:16.788  INFO  manager.ListenerWD - Before find elementsBy.xpath: //button[text()='Sign Out']
22:23:17.153  INFO  manager.ListenerWD - After find elementBy.xpath: //button[text()='Sign Out']
22:23:17.154  INFO  manager.ListenerWD - List size is-->1
22:23:17.155  INFO  tests.TestBase - The name of starts method --->loginSuccessModel
22:23:17.156  INFO  manager.ListenerWD - Before find elementsBy.xpath: //button[text()='Sign Out']
22:23:17.179  INFO  manager.ListenerWD - After find elementBy.xpath: //button[text()='Sign Out']
22:23:17.179  INFO  manager.ListenerWD - List size is-->1
22:23:17.179  INFO  manager.ListenerWD - Before find elementBy.xpath: //button[text()='Sign Out']
22:23:17.197  INFO  manager.ListenerWD - After find elementBy.xpath: //button[text()='Sign Out']
22:23:17.244  INFO  tests.TestBase - I need logout
22:23:17.245  INFO  tests.TestBase - Test start with user: User(email=ili@gmail.com, password=IliB$123456)
22:23:17.247  INFO  manager.ListenerWD - Before find elementBy.xpath: //a[@href='/login']
22:23:17.267  INFO  manager.ListenerWD - After find elementBy.xpath: //a[@href='/login']
22:23:17.315  INFO  manager.ListenerWD - Before find elementBy.name: email
22:23:17.331  INFO  manager.ListenerWD - After find elementBy.name: email
22:23:19.593  INFO  manager.ListenerWD - Before find elementBy.name: password
22:23:19.609  INFO  manager.ListenerWD - After find elementBy.name: password
22:23:21.819  INFO  manager.ListenerWD - Before find elementBy.xpath: //button[@name='login']
22:23:21.835  INFO  manager.ListenerWD - After find elementBy.xpath: //button[@name='login']
22:23:21.874  INFO  manager.ListenerWD - Before find elementsBy.xpath: //button[text()='Sign Out']
22:23:22.228  INFO  manager.ListenerWD - After find elementBy.xpath: //button[text()='Sign Out']
22:23:22.228  INFO  manager.ListenerWD - List size is-->1
22:23:22.231  INFO  tests.TestBase - The name of starts method --->loginSuccessModel
22:23:22.232  INFO  manager.ListenerWD - Before find elementsBy.xpath: //button[text()='Sign Out']
22:23:22.255  INFO  manager.ListenerWD - After find elementBy.xpath: //button[text()='Sign Out']
22:23:22.256  INFO  manager.ListenerWD - List size is-->1
22:23:22.256  INFO  manager.ListenerWD - Before find elementBy.xpath: //button[text()='Sign Out']
22:23:22.272  INFO  manager.ListenerWD - After find elementBy.xpath: //button[text()='Sign Out']
22:23:22.347  INFO  tests.TestBase - I need logout
22:23:22.349  INFO  tests.TestBase - Test start with user: User(email=benb@gmail.com, password=Beny$123456)
22:23:22.349  INFO  manager.ListenerWD - Before find elementBy.xpath: //a[@href='/login']
22:23:22.367  INFO  manager.ListenerWD - After find elementBy.xpath: //a[@href='/login']
22:23:22.415  INFO  manager.ListenerWD - Before find elementBy.name: email
22:23:22.430  INFO  manager.ListenerWD - After find elementBy.name: email
22:23:24.616  INFO  manager.ListenerWD - Before find elementBy.name: password
22:23:24.630  INFO  manager.ListenerWD - After find elementBy.name: password
22:23:26.812  INFO  manager.ListenerWD - Before find elementBy.xpath: //button[@name='login']
22:23:26.827  INFO  manager.ListenerWD - After find elementBy.xpath: //button[@name='login']
22:23:26.868  INFO  manager.ListenerWD - Before find elementsBy.xpath: //button[text()='Sign Out']
22:23:27.246  INFO  manager.ListenerWD - After find elementBy.xpath: //button[text()='Sign Out']
22:23:27.246  INFO  manager.ListenerWD - List size is-->1
22:23:27.255  INFO  tests.TestBase - The name of starts method --->loginSuccessModelFromFile
22:23:27.256  INFO  manager.ListenerWD - Before find elementsBy.xpath: //button[text()='Sign Out']
22:23:27.272  INFO  manager.ListenerWD - After find elementBy.xpath: //button[text()='Sign Out']
22:23:27.272  INFO  manager.ListenerWD - List size is-->1
22:23:27.272  INFO  manager.ListenerWD - Before find elementBy.xpath: //button[text()='Sign Out']
22:23:27.284  INFO  manager.ListenerWD - After find elementBy.xpath: //button[text()='Sign Out']
22:23:27.321  INFO  tests.TestBase - I need logout
22:23:27.324  INFO  tests.TestBase - Test start with user: User(email=benb@gmail.com, password=Beny$123456)
22:23:27.325  INFO  manager.ListenerWD - Before find elementBy.xpath: //a[@href='/login']
22:23:27.341  INFO  manager.ListenerWD - After find elementBy.xpath: //a[@href='/login']
22:23:27.380  INFO  manager.ListenerWD - Before find elementBy.name: email
22:23:27.394  INFO  manager.ListenerWD - After find elementBy.name: email
22:23:29.640  INFO  manager.ListenerWD - Before find elementBy.name: password
22:23:29.656  INFO  manager.ListenerWD - After find elementBy.name: password
22:23:31.965  INFO  manager.ListenerWD - Before find elementBy.xpath: //button[@name='login']
22:23:31.978  INFO  manager.ListenerWD - After find elementBy.xpath: //button[@name='login']
22:23:32.021  INFO  manager.ListenerWD - Before find elementsBy.xpath: //button[text()='Sign Out']
22:23:32.324  INFO  manager.ListenerWD - After find elementBy.xpath: //button[text()='Sign Out']
22:23:32.325  INFO  manager.ListenerWD - List size is-->1
22:23:32.326  INFO  tests.TestBase - The name of starts method --->loginSuccessModelFromFile
22:23:32.327  INFO  manager.ListenerWD - Before find elementsBy.xpath: //button[text()='Sign Out']
22:23:32.343  INFO  manager.ListenerWD - After find elementBy.xpath: //button[text()='Sign Out']
22:23:32.344  INFO  manager.ListenerWD - List size is-->1
22:23:32.344  INFO  manager.ListenerWD - Before find elementBy.xpath: //button[text()='Sign Out']
22:23:32.354  INFO  manager.ListenerWD - After find elementBy.xpath: //button[text()='Sign Out']
22:23:32.398  INFO  tests.TestBase - I need logout
22:23:32.398  INFO  tests.TestBase - Test start with user: User(email=ili@gmail.com, password=IliB$123456)
22:23:32.399  INFO  manager.ListenerWD - Before find elementBy.xpath: //a[@href='/login']
22:23:32.415  INFO  manager.ListenerWD - After find elementBy.xpath: //a[@href='/login']
22:23:32.458  INFO  manager.ListenerWD - Before find elementBy.name: email
22:23:32.473  INFO  manager.ListenerWD - After find elementBy.name: email
22:23:34.738  INFO  manager.ListenerWD - Before find elementBy.name: password
22:23:34.752  INFO  manager.ListenerWD - After find elementBy.name: password
22:23:36.944  INFO  manager.ListenerWD - Before find elementBy.xpath: //button[@name='login']
22:23:36.971  INFO  manager.ListenerWD - After find elementBy.xpath: //button[@name='login']
22:23:37.011  INFO  manager.ListenerWD - Before find elementsBy.xpath: //button[text()='Sign Out']
22:23:37.376  INFO  manager.ListenerWD - After find elementBy.xpath: //button[text()='Sign Out']
22:23:37.377  INFO  manager.ListenerWD - List size is-->1
22:23:37.379  INFO  tests.TestBase - The name of starts method --->loginSuccessModelFromFile
22:23:37.380  INFO  manager.ListenerWD - Before find elementsBy.xpath: //button[text()='Sign Out']
22:23:37.405  INFO  manager.ListenerWD - After find elementBy.xpath: //button[text()='Sign Out']
22:23:37.405  INFO  manager.ListenerWD - List size is-->1
22:23:37.405  INFO  manager.ListenerWD - Before find elementBy.xpath: //button[text()='Sign Out']
22:23:37.432  INFO  manager.ListenerWD - After find elementBy.xpath: //button[text()='Sign Out']
22:23:37.507  INFO  tests.TestBase - I need logout
22:23:37.508  INFO  tests.TestBase - Test start with user: User(email=benb@gmail.com, password=Beny$123456)
22:23:37.508  INFO  manager.ListenerWD - Before find elementBy.xpath: //a[@href='/login']
22:23:37.530  INFO  manager.ListenerWD - After find elementBy.xpath: //a[@href='/login']
22:23:37.568  INFO  manager.ListenerWD - Before find elementBy.name: email
22:23:37.584  INFO  manager.ListenerWD - After find elementBy.name: email
22:23:39.844  INFO  manager.ListenerWD - Before find elementBy.name: password
22:23:39.857  INFO  manager.ListenerWD - After find elementBy.name: password
22:23:42.083  INFO  manager.ListenerWD - Before find elementBy.xpath: //button[@name='login']
22:23:42.098  INFO  manager.ListenerWD - After find elementBy.xpath: //button[@name='login']
22:23:42.137  INFO  manager.ListenerWD - Before find elementsBy.xpath: //button[text()='Sign Out']
22:23:42.505  INFO  manager.ListenerWD - After find elementBy.xpath: //button[text()='Sign Out']
22:23:42.506  INFO  manager.ListenerWD - List size is-->1
22:23:42.510  INFO  tests.TestBase - The name of starts method --->loginSuccessNew
22:23:42.512  INFO  manager.ListenerWD - Before find elementsBy.xpath: //button[text()='Sign Out']
22:23:42.546  INFO  manager.ListenerWD - After find elementBy.xpath: //button[text()='Sign Out']
22:23:42.546  INFO  manager.ListenerWD - List size is-->1
22:23:42.546  INFO  manager.ListenerWD - Before find elementBy.xpath: //button[text()='Sign Out']
22:23:42.573  INFO  manager.ListenerWD - After find elementBy.xpath: //button[text()='Sign Out']
22:23:42.616  INFO  tests.TestBase - I need logout
22:23:42.617  INFO  manager.ListenerWD - Before find elementBy.xpath: //a[@href='/login']
22:23:42.633  INFO  manager.ListenerWD - After find elementBy.xpath: //a[@href='/login']
22:23:42.680  INFO  manager.ListenerWD - Before find elementBy.name: email
22:23:42.693  INFO  manager.ListenerWD - After find elementBy.name: email
22:23:44.884  INFO  manager.ListenerWD - Before find elementBy.xpath: //input[position()=2]
22:23:44.902  INFO  manager.ListenerWD - After find elementBy.xpath: //input[position()=2]
22:23:47.077  INFO  manager.ListenerWD - Before find elementBy.xpath: //button[@name='login']
22:23:47.090  INFO  manager.ListenerWD - After find elementBy.xpath: //button[@name='login']
22:23:47.129  INFO  manager.ListenerWD - Before find elementsBy.xpath: //button[text()='Sign Out']
22:23:47.465  INFO  manager.ListenerWD - After find elementBy.xpath: //button[text()='Sign Out']
22:23:47.465  INFO  manager.ListenerWD - List size is-->1
22:23:47.466  INFO  tests.TestBase - The name of starts method --->loginSuccessNew
22:23:47.467  INFO  manager.ListenerWD - Before find elementsBy.xpath: //button[text()='Sign Out']
22:23:47.483  INFO  manager.ListenerWD - After find elementBy.xpath: //button[text()='Sign Out']
22:23:47.483  INFO  manager.ListenerWD - List size is-->1
22:23:47.484  INFO  manager.ListenerWD - Before find elementBy.xpath: //button[text()='Sign Out']
22:23:47.496  INFO  manager.ListenerWD - After find elementBy.xpath: //button[text()='Sign Out']
22:23:47.547  INFO  tests.TestBase - I need logout
22:23:47.548  INFO  manager.ListenerWD - Before find elementBy.xpath: //a[@href='/login']
22:23:47.563  INFO  manager.ListenerWD - After find elementBy.xpath: //a[@href='/login']
22:23:47.597  INFO  manager.ListenerWD - Before find elementBy.name: email
22:23:47.610  INFO  manager.ListenerWD - After find elementBy.name: email
22:23:49.777  INFO  manager.ListenerWD - Before find elementBy.xpath: //input[position()=2]
22:23:49.796  INFO  manager.ListenerWD - After find elementBy.xpath: //input[position()=2]
22:23:51.988  INFO  manager.ListenerWD - Before find elementBy.xpath: //button[@name='login']
22:23:52.003  INFO  manager.ListenerWD - After find elementBy.xpath: //button[@name='login']
22:23:52.043  INFO  manager.ListenerWD - Before find elementsBy.xpath: //button[text()='Sign Out']
22:23:52.362  INFO  manager.ListenerWD - After find elementBy.xpath: //button[text()='Sign Out']
22:23:52.362  INFO  manager.ListenerWD - List size is-->1
22:23:52.364  INFO  tests.TestBase - The name of starts method --->loginUnregisterUser
22:23:52.365  INFO  manager.ListenerWD - Before find elementsBy.xpath: //button[text()='Sign Out']
22:23:52.392  INFO  manager.ListenerWD - After find elementBy.xpath: //button[text()='Sign Out']
22:23:52.392  INFO  manager.ListenerWD - List size is-->1
22:23:52.393  INFO  manager.ListenerWD - Before find elementBy.xpath: //button[text()='Sign Out']
22:23:52.419  INFO  manager.ListenerWD - After find elementBy.xpath: //button[text()='Sign Out']
22:23:52.505  INFO  tests.TestBase - I need logout
22:23:52.509  INFO  manager.ListenerWD - Before find elementBy.xpath: //a[@href='/login']
22:23:52.530  INFO  manager.ListenerWD - After find elementBy.xpath: //a[@href='/login']
22:23:52.581  INFO  manager.ListenerWD - Before find elementBy.name: email
22:23:52.601  INFO  manager.ListenerWD - After find elementBy.name: email
22:23:54.827  INFO  manager.ListenerWD - Before find elementBy.xpath: //input[position()=2]
22:23:54.841  INFO  manager.ListenerWD - After find elementBy.xpath: //input[position()=2]
22:23:57.014  INFO  manager.ListenerWD - Before find elementBy.xpath: //button[@name='login']
22:23:57.027  INFO  manager.ListenerWD - After find elementBy.xpath: //button[@name='login']
22:23:57.066  INFO  manager.ListenerWD - Before find elementsBy.xpath: //button[text()='Sign Out']
22:23:57.578  INFO  manager.ListenerWD - After find elementBy.xpath: //button[text()='Sign Out']
22:23:57.578  INFO  manager.ListenerWD - List size is-->0
22:23:57.632  INFO  tests.TestBase - The name of starts method --->loginWrongEmail
22:23:57.634  INFO  manager.ListenerWD - Before find elementsBy.xpath: //button[text()='Sign Out']
22:24:02.681  INFO  manager.ListenerWD - After find elementBy.xpath: //button[text()='Sign Out']
22:24:02.682  INFO  manager.ListenerWD - List size is-->0
22:24:02.683  INFO  manager.ListenerWD - Before find elementBy.xpath: //a[@href='/login']
22:24:02.712  INFO  manager.ListenerWD - After find elementBy.xpath: //a[@href='/login']
22:24:02.747  INFO  manager.ListenerWD - Before find elementBy.name: email
22:24:02.762  INFO  manager.ListenerWD - After find elementBy.name: email
22:24:04.996  INFO  manager.ListenerWD - Before find elementBy.xpath: //input[position()=2]
22:24:05.008  INFO  manager.ListenerWD - After find elementBy.xpath: //input[position()=2]
22:24:07.193  INFO  manager.ListenerWD - Before find elementBy.xpath: //button[@name='login']
22:24:07.209  INFO  manager.ListenerWD - After find elementBy.xpath: //button[@name='login']
22:24:07.249  INFO  manager.ListenerWD - Before find elementsBy.xpath: //button[text()='Sign Out']
22:24:07.670  INFO  manager.ListenerWD - After find elementBy.xpath: //button[text()='Sign Out']
22:24:07.671  INFO  manager.ListenerWD - List size is-->0
22:24:07.733  INFO  tests.TestBase - The name of starts method --->loginWrongPassword
22:24:07.744  INFO  manager.ListenerWD - Before find elementsBy.xpath: //button[text()='Sign Out']
22:24:12.815  INFO  manager.ListenerWD - After find elementBy.xpath: //button[text()='Sign Out']
22:24:12.816  INFO  manager.ListenerWD - List size is-->0
22:24:12.817  INFO  manager.ListenerWD - Before find elementBy.xpath: //a[@href='/login']
22:24:12.851  INFO  manager.ListenerWD - After find elementBy.xpath: //a[@href='/login']
22:24:12.896  INFO  manager.ListenerWD - Before find elementBy.name: email
22:24:12.917  INFO  manager.ListenerWD - After find elementBy.name: email
22:24:15.100  INFO  manager.ListenerWD - Before find elementBy.xpath: //input[position()=2]
22:24:15.115  INFO  manager.ListenerWD - After find elementBy.xpath: //input[position()=2]
22:24:17.303  INFO  manager.ListenerWD - Before find elementBy.xpath: //button[@name='login']
22:24:17.324  INFO  manager.ListenerWD - After find elementBy.xpath: //button[@name='login']
22:24:17.363  INFO  manager.ListenerWD - Before find elementsBy.xpath: //button[text()='Sign Out']
22:24:17.767  INFO  manager.ListenerWD - After find elementBy.xpath: //button[text()='Sign Out']
22:24:17.768  INFO  manager.ListenerWD - List size is-->0
22:24:17.834  INFO  tests.TestBase - The name of starts method --->registrationSuccess
22:24:17.839  INFO  manager.ListenerWD - Before find elementsBy.xpath: //button[text()='Sign Out']
22:24:22.912  INFO  manager.ListenerWD - After find elementBy.xpath: //button[text()='Sign Out']
22:24:22.913  INFO  manager.ListenerWD - List size is-->0
22:24:22.914  INFO  manager.ListenerWD - Before find elementBy.xpath: //a[@href='/login']
22:24:22.935  INFO  manager.ListenerWD - After find elementBy.xpath: //a[@href='/login']
22:24:22.973  INFO  manager.ListenerWD - Before find elementBy.name: email
22:24:22.994  INFO  manager.ListenerWD - After find elementBy.name: email
22:24:25.227  INFO  manager.ListenerWD - Before find elementBy.xpath: //input[position()=2]
22:24:25.241  INFO  manager.ListenerWD - After find elementBy.xpath: //input[position()=2]
22:24:27.408  INFO  manager.ListenerWD - Before find elementBy.xpath: //button[starts-with(text(),'Registration')]
22:24:27.425  INFO  manager.ListenerWD - After find elementBy.xpath: //button[starts-with(text(),'Registration')]
22:24:27.462  INFO  manager.ListenerWD - Before find elementsBy.xpath: //button[text()='Sign Out']
22:24:28.066  INFO  manager.ListenerWD - After find elementBy.xpath: //button[text()='Sign Out']
22:24:28.066  INFO  manager.ListenerWD - List size is-->1
22:24:28.067  INFO  tests.TestBase - The name of starts method --->registrationUserAlreadyExist
22:24:28.068  INFO  manager.ListenerWD - Before find elementsBy.xpath: //button[text()='Sign Out']
22:24:28.078  INFO  manager.ListenerWD - After find elementBy.xpath: //button[text()='Sign Out']
22:24:28.078  INFO  manager.ListenerWD - List size is-->1
22:24:28.078  INFO  manager.ListenerWD - Before find elementBy.xpath: //button[text()='Sign Out']
22:24:28.089  INFO  manager.ListenerWD - After find elementBy.xpath: //button[text()='Sign Out']
22:24:28.136  INFO  manager.ListenerWD - Before find elementBy.xpath: //a[@href='/login']
22:24:28.148  INFO  manager.ListenerWD - After find elementBy.xpath: //a[@href='/login']
22:24:28.188  INFO  manager.ListenerWD - Before find elementBy.name: email
22:24:28.200  INFO  manager.ListenerWD - After find elementBy.name: email
22:24:30.368  INFO  manager.ListenerWD - Before find elementBy.xpath: //input[position()=2]
22:24:30.387  INFO  manager.ListenerWD - After find elementBy.xpath: //input[position()=2]
22:24:32.709  INFO  manager.ListenerWD - Before find elementBy.xpath: //button[starts-with(text(),'Registration')]
22:24:32.724  INFO  manager.ListenerWD - After find elementBy.xpath: //button[starts-with(text(),'Registration')]
22:24:32.763  INFO  manager.ListenerWD - Before find elementsBy.xpath: //button[text()='Sign Out']
22:24:32.990  INFO  manager.ListenerWD - After find elementBy.xpath: //button[text()='Sign Out']
22:24:32.990  INFO  manager.ListenerWD - List size is-->0
22:24:33.039  INFO  tests.TestBase - The name of starts method --->registrationWrongEmail
22:24:33.040  INFO  manager.ListenerWD - Before find elementsBy.xpath: //button[text()='Sign Out']
22:24:38.061  INFO  manager.ListenerWD - After find elementBy.xpath: //button[text()='Sign Out']
22:24:38.061  INFO  manager.ListenerWD - List size is-->0
22:24:38.062  INFO  manager.ListenerWD - Before find elementBy.xpath: //a[@href='/login']
22:24:38.092  INFO  manager.ListenerWD - After find elementBy.xpath: //a[@href='/login']
22:24:38.122  INFO  manager.ListenerWD - Before find elementBy.name: email
22:24:38.136  INFO  manager.ListenerWD - After find elementBy.name: email
22:24:40.373  INFO  manager.ListenerWD - Before find elementBy.xpath: //input[position()=2]
22:24:40.384  INFO  manager.ListenerWD - After find elementBy.xpath: //input[position()=2]
22:24:42.554  INFO  manager.ListenerWD - Before find elementBy.xpath: //button[starts-with(text(),'Registration')]
22:24:42.567  INFO  manager.ListenerWD - After find elementBy.xpath: //button[starts-with(text(),'Registration')]
22:24:42.605  INFO  manager.ListenerWD - Before find elementsBy.xpath: //button[text()='Sign Out']
22:24:42.810  INFO  manager.ListenerWD - After find elementBy.xpath: //button[text()='Sign Out']
22:24:42.810  INFO  manager.ListenerWD - List size is-->0
22:24:42.835  INFO  tests.TestBase - The name of starts method --->registrationWrongPassword
22:24:42.836  INFO  manager.ListenerWD - Before find elementsBy.xpath: //button[text()='Sign Out']
22:24:47.886  INFO  manager.ListenerWD - After find elementBy.xpath: //button[text()='Sign Out']
22:24:47.886  INFO  manager.ListenerWD - List size is-->0
22:24:47.887  INFO  manager.ListenerWD - Before find elementBy.xpath: //a[@href='/login']
22:24:47.916  INFO  manager.ListenerWD - After find elementBy.xpath: //a[@href='/login']
22:24:47.952  INFO  manager.ListenerWD - Before find elementBy.name: email
22:24:47.966  INFO  manager.ListenerWD - After find elementBy.name: email
22:24:50.151  INFO  manager.ListenerWD - Before find elementBy.xpath: //input[position()=2]
22:24:50.164  INFO  manager.ListenerWD - After find elementBy.xpath: //input[position()=2]
22:24:52.367  INFO  manager.ListenerWD - Before find elementBy.xpath: //button[starts-with(text(),'Registration')]
22:24:52.385  INFO  manager.ListenerWD - After find elementBy.xpath: //button[starts-with(text(),'Registration')]
22:24:52.422  INFO  manager.ListenerWD - Before find elementsBy.xpath: //button[text()='Sign Out']
22:24:52.670  INFO  manager.ListenerWD - After find elementBy.xpath: //button[text()='Sign Out']
22:24:52.671  INFO  manager.ListenerWD - List size is-->0
22:24:52.720  INFO  tests.TestBase - The name of starts method --->removeOneContactSuccess
22:24:52.721  INFO  manager.ListenerWD - Before find elementsBy.xpath: //button[text()='Sign Out']
22:24:57.783  INFO  manager.ListenerWD - After find elementBy.xpath: //button[text()='Sign Out']
22:24:57.783  INFO  manager.ListenerWD - List size is-->0
22:24:58.291  INFO  manager.ListenerWD - Before find elementBy.xpath: //a[@href='/login']
22:24:58.325  INFO  manager.ListenerWD - After find elementBy.xpath: //a[@href='/login']
22:24:58.874  INFO  manager.ListenerWD - Before find elementBy.name: email
22:24:58.913  INFO  manager.ListenerWD - After find elementBy.name: email
22:25:01.234  INFO  manager.ListenerWD - Before find elementBy.xpath: //input[position()=2]
22:25:01.252  INFO  manager.ListenerWD - After find elementBy.xpath: //input[position()=2]
22:25:04.000  INFO  manager.ListenerWD - Before find elementBy.xpath: //button[@name='login']
22:25:04.053  INFO  manager.ListenerWD - After find elementBy.xpath: //button[@name='login']
22:25:04.123  INFO  manager.ListenerWD - Before find elementsBy.cssSelector: .contact-item_card__2SOIM
22:25:05.313  INFO  manager.ListenerWD - After find elementBy.cssSelector: .contact-item_card__2SOIM
22:25:05.314  INFO  manager.ListenerWD - List size is-->97
22:25:05.314  INFO  manager.HelperContact - Number of contacts before is 97
22:25:05.315  INFO  manager.ListenerWD - Before find elementBy.cssSelector: .contact-item_card__2SOIM h3
22:25:05.330  INFO  manager.ListenerWD - After find elementBy.cssSelector: .contact-item_card__2SOIM h3
22:25:05.344  INFO  manager.HelperContact - The deleted number is 05612462569
22:25:05.344  INFO  manager.ListenerWD - Before find elementBy.cssSelector: .contact-item_card__2SOIM
22:25:05.362  INFO  manager.ListenerWD - After find elementBy.cssSelector: .contact-item_card__2SOIM
22:25:05.411  INFO  manager.ListenerWD - Before find elementBy.xpath: //button[text()='Remove']
22:25:05.432  INFO  manager.ListenerWD - After find elementBy.xpath: //button[text()='Remove']
22:25:06.492  INFO  manager.ListenerWD - Before find elementsBy.cssSelector: .contact-item_card__2SOIM
22:25:06.979  INFO  manager.ListenerWD - After find elementBy.cssSelector: .contact-item_card__2SOIM
22:25:06.979  INFO  manager.ListenerWD - List size is-->96
22:25:06.980  INFO  manager.HelperContact - Number of contacts after is 97
