18:09:22.771  INFO  manager.ApplicationManager - All test start in Chrome Browser
18:09:25.153  INFO  manager.ApplicationManager - Current Url -->https://telranedu.web.app/home
18:09:25.249  INFO  tests.TestBase - The name of starts method --->addNewContactSuccessAllFields
18:09:25.254  INFO  manager.ListenerWD - Before find elementsBy.xpath: //button[text()='Sign Out']
18:09:30.302  INFO  manager.ListenerWD - After find elementBy.xpath: //button[text()='Sign Out']
18:09:30.305  INFO  manager.ListenerWD - List size is-->0
18:09:30.809  INFO  manager.ListenerWD - Before find elementBy.xpath: //a[@href='/login']
18:09:30.846  INFO  manager.ListenerWD - After find elementBy.xpath: //a[@href='/login']
18:09:31.436  INFO  manager.ListenerWD - Before find elementBy.name: email
18:09:31.474  INFO  manager.ListenerWD - After find elementBy.name: email
18:09:31.669  INFO  manager.ListenerWD - Before find elementBy.xpath: //input[position()=2]
18:09:31.700  INFO  manager.ListenerWD - After find elementBy.xpath: //input[position()=2]
18:09:32.359  INFO  manager.ListenerWD - Before find elementBy.xpath: //button[@name='login']
18:09:32.386  INFO  manager.ListenerWD - After find elementBy.xpath: //button[@name='login']
18:09:32.509  INFO  tests.TestBase - Test start with data: Contacts(name=Melafifon977, lastName=Green, phone=0569772569, email=melG977@gmail.com, address=Netanya, description=All fields)
18:09:32.510  INFO  manager.ListenerWD - Before find elementBy.xpath: //a[@href='/add']
18:09:33.430  INFO  manager.ListenerWD - After find elementBy.xpath: //a[@href='/add']
18:09:33.502  INFO  manager.ListenerWD - Before find elementBy.xpath: //input[@placeholder='Name']
18:09:33.539  INFO  manager.ListenerWD - After find elementBy.xpath: //input[@placeholder='Name']
18:09:33.727  INFO  manager.ListenerWD - Before find elementBy.xpath: //input[@placeholder='Last Name']
18:09:33.756  INFO  manager.ListenerWD - After find elementBy.xpath: //input[@placeholder='Last Name']
18:09:33.886  INFO  manager.ListenerWD - Before find elementBy.cssSelector: input[placeholder='Phone']
18:09:33.912  INFO  manager.ListenerWD - After find elementBy.cssSelector: input[placeholder='Phone']
18:09:34.059  INFO  manager.ListenerWD - Before find elementBy.xpath: //input[@placeholder='email']
18:09:34.099  INFO  manager.ListenerWD - After find elementBy.xpath: //input[@placeholder='email']
18:09:34.253  INFO  manager.ListenerWD - Before find elementBy.xpath: //input[@placeholder='Address']
18:09:34.280  INFO  manager.ListenerWD - After find elementBy.xpath: //input[@placeholder='Address']
18:09:34.417  INFO  manager.ListenerWD - Before find elementBy.xpath: //input[@placeholder='description']
18:09:34.444  INFO  manager.ListenerWD - After find elementBy.xpath: //input[@placeholder='description']
18:09:34.647  INFO  manager.ListenerWD - Before find elementBy.xpath: //div[@class='add_form__2rsm2']//button
18:09:34.671  INFO  manager.ListenerWD - After find elementBy.xpath: //div[@class='add_form__2rsm2']//button
18:09:34.715  INFO  tests.TestBase - The name of starts method --->addNewContactSuccessRequiredFields
18:09:34.716  INFO  manager.ListenerWD - Before find elementsBy.xpath: //button[text()='Sign Out']
18:09:34.746  INFO  manager.ListenerWD - After find elementBy.xpath: //button[text()='Sign Out']
18:09:34.747  INFO  manager.ListenerWD - List size is-->1
18:09:34.748  INFO  manager.ListenerWD - Before find elementBy.xpath: //a[@href='/add']
18:09:34.764  INFO  manager.ListenerWD - After find elementBy.xpath: //a[@href='/add']
18:09:35.800  INFO  manager.ListenerWD - Before find elementBy.xpath: //input[@placeholder='Name']
18:09:40.884  INFO  manager.ListenerWD - Have a 'problem'
18:09:40.884  INFO  manager.ListenerWD - ***************************************
18:09:40.884  INFO  manager.ListenerWD - Method methodfindElement
18:09:40.886  INFO  manager.ListenerWD - ***************************************
18:09:40.886  INFO  manager.ListenerWD - ***************************************
18:09:40.889  INFO  manager.ListenerWD - InvocationTargetExceptionorg.openqa.selenium.NoSuchElementException: no such element: Unable to locate element: {"method":"xpath","selector":"//input[@placeholder='Name']"}
  (Session info: chrome=109.0.5414.120)
For documentation on this error, please visit: https://selenium.dev/exceptions/#no_such_element
Build info: version: '4.7.1', revision: 'c6795baf1a3'
System info: os.name: 'Windows 10', os.arch: 'amd64', os.version: '10.0', java.version: '11.0.17'
Driver info: org.openqa.selenium.chrome.ChromeDriver
Command: [f4c93a3f72fb757b7d8175f37f7b26e1, findElement {using=xpath, value=//input[@placeholder='Name']}]
Capabilities {acceptInsecureCerts: false, browserName: chrome, browserVersion: 109.0.5414.120, chrome: {chromedriverVersion: 109.0.5414.74 (e7c5703604da..., userDataDir: C:\Users\ALEKSA~1\AppData\L...}, goog:chromeOptions: {debuggerAddress: localhost:51423}, networkConnectionEnabled: false, pageLoadStrategy: normal, platformName: WINDOWS, proxy: Proxy(), se:cdp: ws://localhost:51423/devtoo..., se:cdpVersion: 109.0.5414.120, setWindowRect: true, strictFileInteractability: false, timeouts: {implicit: 0, pageLoad: 300000, script: 30000}, unhandledPromptBehavior: dismiss and notify, webauthn:extension:credBlob: true, webauthn:extension:largeBlob: true, webauthn:virtualAuthenticators: true}
Session ID: f4c93a3f72fb757b7d8175f37f7b26e1
18:09:40.890  INFO  manager.ListenerWD - ***************************************
18:09:40.890  INFO  manager.ListenerWD - ***************************************
18:09:40.890  INFO  manager.ListenerWD - Object targetChromeDriver: chrome on WINDOWS (f4c93a3f72fb757b7d8175f37f7b26e1)
18:09:40.891  INFO  manager.ListenerWD - ***************************************
18:09:40.891  INFO  manager.ListenerWD - Screen with error is--->src/test/screenshots/screen-728.png
18:09:41.426  INFO  tests.TestBase - The name of starts method --->addNewContactWithWrongMail
18:09:41.427  INFO  manager.ListenerWD - Before find elementsBy.xpath: //button[text()='Sign Out']
18:09:41.463  INFO  manager.ListenerWD - After find elementBy.xpath: //button[text()='Sign Out']
18:09:41.463  INFO  manager.ListenerWD - List size is-->1
18:09:41.465  INFO  manager.ListenerWD - Before find elementBy.xpath: //a[@href='/add']
18:09:41.520  INFO  manager.ListenerWD - After find elementBy.xpath: //a[@href='/add']
18:09:41.584  INFO  manager.ListenerWD - Before find elementBy.xpath: //input[@placeholder='Name']
18:09:41.628  INFO  manager.ListenerWD - After find elementBy.xpath: //input[@placeholder='Name']
18:09:41.797  INFO  manager.ListenerWD - Before find elementBy.xpath: //input[@placeholder='Last Name']
18:09:41.813  INFO  manager.ListenerWD - After find elementBy.xpath: //input[@placeholder='Last Name']
18:09:41.954  INFO  manager.ListenerWD - Before find elementBy.cssSelector: input[placeholder='Phone']
18:09:41.979  INFO  manager.ListenerWD - After find elementBy.cssSelector: input[placeholder='Phone']
18:09:42.113  INFO  manager.ListenerWD - Before find elementBy.xpath: //input[@placeholder='email']
18:09:42.131  INFO  manager.ListenerWD - After find elementBy.xpath: //input[@placeholder='email']
18:09:42.289  INFO  manager.ListenerWD - Before find elementBy.xpath: //input[@placeholder='Address']
18:09:42.311  INFO  manager.ListenerWD - After find elementBy.xpath: //input[@placeholder='Address']
18:09:42.465  INFO  manager.ListenerWD - Before find elementBy.xpath: //input[@placeholder='description']
18:09:42.483  INFO  manager.ListenerWD - After find elementBy.xpath: //input[@placeholder='description']
18:09:42.615  INFO  manager.ListenerWD - Before find elementBy.xpath: //div[@class='add_form__2rsm2']//button
18:09:42.635  INFO  manager.ListenerWD - After find elementBy.xpath: //div[@class='add_form__2rsm2']//button
18:09:42.683  INFO  manager.ListenerWD - Before find elementsBy.cssSelector: a.active[href='/add']
18:09:42.710  INFO  manager.ListenerWD - After find elementBy.cssSelector: a.active[href='/add']
18:09:42.711  INFO  manager.ListenerWD - List size is-->1
18:09:42.718  INFO  tests.TestBase - The name of starts method --->addNewContactWithWrongPhone
18:09:42.719  INFO  manager.ListenerWD - Before find elementsBy.xpath: //button[text()='Sign Out']
18:09:42.740  INFO  manager.ListenerWD - After find elementBy.xpath: //button[text()='Sign Out']
18:09:42.740  INFO  manager.ListenerWD - List size is-->1
18:09:42.741  INFO  manager.ListenerWD - Before find elementBy.xpath: //a[@href='/add']
18:09:42.757  INFO  manager.ListenerWD - After find elementBy.xpath: //a[@href='/add']
18:09:42.820  INFO  manager.ListenerWD - Before find elementBy.xpath: //input[@placeholder='Name']
18:09:42.843  INFO  manager.ListenerWD - After find elementBy.xpath: //input[@placeholder='Name']
18:09:43.023  INFO  manager.ListenerWD - Have a 'problem'
18:09:43.024  INFO  manager.ListenerWD - ***************************************
18:09:43.024  INFO  manager.ListenerWD - Method methodsendKeys
18:09:43.024  INFO  manager.ListenerWD - ***************************************
18:09:43.024  INFO  manager.ListenerWD - ***************************************
18:09:43.024  INFO  manager.ListenerWD - InvocationTargetExceptionorg.openqa.selenium.ElementNotInteractableException: element not interactable
  (Session info: chrome=109.0.5414.120)
Build info: version: '4.7.1', revision: 'c6795baf1a3'
System info: os.name: 'Windows 10', os.arch: 'amd64', os.version: '10.0', java.version: '11.0.17'
Driver info: org.openqa.selenium.chrome.ChromeDriver
Command: [f4c93a3f72fb757b7d8175f37f7b26e1, sendKeysToElement {id=b1ff17d0-6ef8-4697-8b1a-bfc6488fdda8, value=[Ljava.lang.CharSequence;@739e8b96}]
Capabilities {acceptInsecureCerts: false, browserName: chrome, browserVersion: 109.0.5414.120, chrome: {chromedriverVersion: 109.0.5414.74 (e7c5703604da..., userDataDir: C:\Users\ALEKSA~1\AppData\L...}, goog:chromeOptions: {debuggerAddress: localhost:51423}, networkConnectionEnabled: false, pageLoadStrategy: normal, platformName: WINDOWS, proxy: Proxy(), se:cdp: ws://localhost:51423/devtoo..., se:cdpVersion: 109.0.5414.120, setWindowRect: true, strictFileInteractability: false, timeouts: {implicit: 0, pageLoad: 300000, script: 30000}, unhandledPromptBehavior: dismiss and notify, webauthn:extension:credBlob: true, webauthn:extension:largeBlob: true, webauthn:virtualAuthenticators: true}
Element: [[ChromeDriver: chrome on WINDOWS (f4c93a3f72fb757b7d8175f37f7b26e1)] -> xpath: //input[@placeholder='Name']]
Session ID: f4c93a3f72fb757b7d8175f37f7b26e1
18:09:43.025  INFO  manager.ListenerWD - ***************************************
18:09:43.025  INFO  manager.ListenerWD - ***************************************
18:09:43.025  INFO  manager.ListenerWD - Object target[[ChromeDriver: chrome on WINDOWS (f4c93a3f72fb757b7d8175f37f7b26e1)] -> xpath: //input[@placeholder='Name']]
18:09:43.025  INFO  manager.ListenerWD - ***************************************
18:09:43.032  INFO  tests.TestBase - The name of starts method --->addNewContactWithoutAddress
18:09:43.034  INFO  manager.ListenerWD - Before find elementsBy.xpath: //button[text()='Sign Out']
18:09:43.069  INFO  manager.ListenerWD - After find elementBy.xpath: //button[text()='Sign Out']
18:09:43.069  INFO  manager.ListenerWD - List size is-->1
18:09:43.070  INFO  manager.ListenerWD - Before find elementBy.xpath: //a[@href='/add']
18:09:43.123  INFO  manager.ListenerWD - After find elementBy.xpath: //a[@href='/add']
18:09:43.177  INFO  manager.ListenerWD - Before find elementBy.xpath: //input[@placeholder='Name']
18:09:43.202  INFO  manager.ListenerWD - After find elementBy.xpath: //input[@placeholder='Name']
18:09:43.415  INFO  manager.ListenerWD - Before find elementBy.xpath: //input[@placeholder='Last Name']
18:09:43.450  INFO  manager.ListenerWD - After find elementBy.xpath: //input[@placeholder='Last Name']
18:09:43.701  INFO  manager.ListenerWD - Before find elementBy.cssSelector: input[placeholder='Phone']
18:09:43.737  INFO  manager.ListenerWD - After find elementBy.cssSelector: input[placeholder='Phone']
18:09:43.944  INFO  manager.ListenerWD - Before find elementBy.xpath: //input[@placeholder='email']
18:09:43.978  INFO  manager.ListenerWD - After find elementBy.xpath: //input[@placeholder='email']
18:09:44.130  INFO  manager.ListenerWD - Before find elementBy.xpath: //input[@placeholder='Address']
18:09:44.149  INFO  manager.ListenerWD - After find elementBy.xpath: //input[@placeholder='Address']
18:09:44.263  INFO  manager.ListenerWD - Before find elementBy.xpath: //input[@placeholder='description']
18:09:44.277  INFO  manager.ListenerWD - After find elementBy.xpath: //input[@placeholder='description']
18:09:44.446  INFO  manager.ListenerWD - Before find elementBy.xpath: //div[@class='add_form__2rsm2']//button
18:09:44.470  INFO  manager.ListenerWD - After find elementBy.xpath: //div[@class='add_form__2rsm2']//button
18:09:44.532  INFO  manager.ListenerWD - Before find elementsBy.xpath: //input[@placeholder='Name']
18:09:44.563  INFO  manager.ListenerWD - After find elementBy.xpath: //input[@placeholder='Name']
18:09:44.564  INFO  manager.ListenerWD - List size is-->1
18:09:44.565  INFO  tests.TestBase - The name of starts method --->addNewContactWithoutLastName
18:09:44.566  INFO  manager.ListenerWD - Before find elementsBy.xpath: //button[text()='Sign Out']
18:09:44.622  INFO  manager.ListenerWD - After find elementBy.xpath: //button[text()='Sign Out']
18:09:44.622  INFO  manager.ListenerWD - List size is-->1
18:09:44.623  INFO  manager.ListenerWD - Before find elementBy.xpath: //a[@href='/add']
18:09:44.648  INFO  manager.ListenerWD - After find elementBy.xpath: //a[@href='/add']
18:09:44.692  INFO  manager.ListenerWD - Before find elementBy.xpath: //input[@placeholder='Name']
18:09:44.711  INFO  manager.ListenerWD - After find elementBy.xpath: //input[@placeholder='Name']
18:09:44.985  INFO  manager.ListenerWD - Before find elementBy.xpath: //input[@placeholder='Last Name']
18:09:45.010  INFO  manager.ListenerWD - After find elementBy.xpath: //input[@placeholder='Last Name']
18:09:45.172  INFO  manager.ListenerWD - Before find elementBy.cssSelector: input[placeholder='Phone']
18:09:45.191  INFO  manager.ListenerWD - After find elementBy.cssSelector: input[placeholder='Phone']
18:09:45.349  INFO  manager.ListenerWD - Before find elementBy.xpath: //input[@placeholder='email']
18:09:45.365  INFO  manager.ListenerWD - After find elementBy.xpath: //input[@placeholder='email']
18:09:45.517  INFO  manager.ListenerWD - Before find elementBy.xpath: //input[@placeholder='Address']
18:09:45.535  INFO  manager.ListenerWD - After find elementBy.xpath: //input[@placeholder='Address']
18:09:45.645  INFO  manager.ListenerWD - Before find elementBy.xpath: //input[@placeholder='description']
18:09:45.661  INFO  manager.ListenerWD - After find elementBy.xpath: //input[@placeholder='description']
18:09:45.790  INFO  manager.ListenerWD - Before find elementBy.xpath: //div[@class='add_form__2rsm2']//button
18:09:45.805  INFO  manager.ListenerWD - After find elementBy.xpath: //div[@class='add_form__2rsm2']//button
18:09:45.833  INFO  manager.ListenerWD - Before find elementsBy.xpath: //input[@placeholder='Name']
18:09:45.852  INFO  manager.ListenerWD - After find elementBy.xpath: //input[@placeholder='Name']
18:09:45.852  INFO  manager.ListenerWD - List size is-->1
18:09:45.853  INFO  tests.TestBase - The name of starts method --->addNewContactWithoutName
18:09:45.854  INFO  manager.ListenerWD - Before find elementsBy.xpath: //button[text()='Sign Out']
18:09:45.878  INFO  manager.ListenerWD - After find elementBy.xpath: //button[text()='Sign Out']
18:09:45.878  INFO  manager.ListenerWD - List size is-->1
18:09:45.879  INFO  manager.ListenerWD - Before find elementBy.xpath: //a[@href='/add']
18:09:45.895  INFO  manager.ListenerWD - After find elementBy.xpath: //a[@href='/add']
18:09:45.929  INFO  manager.ListenerWD - Before find elementBy.xpath: //input[@placeholder='Name']
18:09:45.960  INFO  manager.ListenerWD - After find elementBy.xpath: //input[@placeholder='Name']
18:09:46.054  INFO  manager.ListenerWD - Before find elementBy.xpath: //input[@placeholder='Last Name']
18:09:46.078  INFO  manager.ListenerWD - After find elementBy.xpath: //input[@placeholder='Last Name']
18:09:46.200  INFO  manager.ListenerWD - Before find elementBy.cssSelector: input[placeholder='Phone']
18:09:46.224  INFO  manager.ListenerWD - After find elementBy.cssSelector: input[placeholder='Phone']
18:09:46.340  INFO  manager.ListenerWD - Before find elementBy.xpath: //input[@placeholder='email']
18:09:46.357  INFO  manager.ListenerWD - After find elementBy.xpath: //input[@placeholder='email']
18:09:46.491  INFO  manager.ListenerWD - Before find elementBy.xpath: //input[@placeholder='Address']
18:09:46.510  INFO  manager.ListenerWD - After find elementBy.xpath: //input[@placeholder='Address']
18:09:46.649  INFO  manager.ListenerWD - Before find elementBy.xpath: //input[@placeholder='description']
18:09:46.667  INFO  manager.ListenerWD - After find elementBy.xpath: //input[@placeholder='description']
18:09:46.786  INFO  manager.ListenerWD - Before find elementBy.xpath: //div[@class='add_form__2rsm2']//button
18:09:46.802  INFO  manager.ListenerWD - After find elementBy.xpath: //div[@class='add_form__2rsm2']//button
18:09:46.830  INFO  manager.ListenerWD - Before find elementsBy.xpath: //input[@placeholder='Name']
18:09:46.847  INFO  manager.ListenerWD - After find elementBy.xpath: //input[@placeholder='Name']
18:09:46.847  INFO  manager.ListenerWD - List size is-->1
18:09:46.852  INFO  tests.TestBase - The name of starts method --->loginSuccess
18:09:46.853  INFO  manager.ListenerWD - Before find elementsBy.xpath: //button[text()='Sign Out']
18:09:46.870  INFO  manager.ListenerWD - After find elementBy.xpath: //button[text()='Sign Out']
18:09:46.870  INFO  manager.ListenerWD - List size is-->1
18:09:46.870  INFO  manager.ListenerWD - Before find elementBy.xpath: //button[text()='Sign Out']
18:09:46.890  INFO  manager.ListenerWD - After find elementBy.xpath: //button[text()='Sign Out']
18:09:46.933  INFO  tests.TestBase - I need logout
18:09:46.953  INFO  tests.TestBase - Login with valid data: email: benb@gmail.com password: Beny$123456
18:09:46.953  INFO  manager.ListenerWD - Before find elementBy.xpath: //a[@href='/login']
18:09:46.973  INFO  manager.ListenerWD - After find elementBy.xpath: //a[@href='/login']
18:09:47.024  INFO  manager.ListenerWD - Before find elementBy.name: email
18:09:47.040  INFO  manager.ListenerWD - After find elementBy.name: email
18:09:47.201  INFO  manager.ListenerWD - Before find elementBy.xpath: //input[position()=2]
18:09:47.220  INFO  manager.ListenerWD - After find elementBy.xpath: //input[position()=2]
18:09:47.360  INFO  manager.ListenerWD - Before find elementBy.xpath: //button[@name='login']
18:09:47.376  INFO  manager.ListenerWD - After find elementBy.xpath: //button[@name='login']
18:09:47.424  INFO  manager.ListenerWD - Before find elementsBy.xpath: //button[text()='Sign Out']
18:09:47.742  INFO  manager.ListenerWD - After find elementBy.xpath: //button[text()='Sign Out']
18:09:47.743  INFO  manager.ListenerWD - List size is-->1
18:09:47.743  INFO  tests.TestBase - Test success
18:09:47.744  INFO  tests.TestBase - The name of starts method --->loginSuccess
18:09:47.745  INFO  manager.ListenerWD - Before find elementsBy.xpath: //button[text()='Sign Out']
18:09:47.763  INFO  manager.ListenerWD - After find elementBy.xpath: //button[text()='Sign Out']
18:09:47.763  INFO  manager.ListenerWD - List size is-->1
18:09:47.763  INFO  manager.ListenerWD - Before find elementBy.xpath: //button[text()='Sign Out']
18:09:47.799  INFO  manager.ListenerWD - After find elementBy.xpath: //button[text()='Sign Out']
18:09:47.848  INFO  tests.TestBase - I need logout
18:09:47.849  INFO  tests.TestBase - Login with valid data: email: ili@gmail.com password: IliB$123456
18:09:47.849  INFO  manager.ListenerWD - Before find elementBy.xpath: //a[@href='/login']
18:09:47.863  INFO  manager.ListenerWD - After find elementBy.xpath: //a[@href='/login']
18:09:47.906  INFO  manager.ListenerWD - Before find elementBy.name: email
18:09:47.925  INFO  manager.ListenerWD - After find elementBy.name: email
18:09:48.064  INFO  manager.ListenerWD - Before find elementBy.xpath: //input[position()=2]
18:09:48.082  INFO  manager.ListenerWD - After find elementBy.xpath: //input[position()=2]
18:09:48.217  INFO  manager.ListenerWD - Before find elementBy.xpath: //button[@name='login']
18:09:48.235  INFO  manager.ListenerWD - After find elementBy.xpath: //button[@name='login']
18:09:48.284  INFO  manager.ListenerWD - Before find elementsBy.xpath: //button[text()='Sign Out']
18:09:48.599  INFO  manager.ListenerWD - After find elementBy.xpath: //button[text()='Sign Out']
18:09:48.600  INFO  manager.ListenerWD - List size is-->1
18:09:48.600  INFO  tests.TestBase - Test success
18:09:48.601  INFO  tests.TestBase - The name of starts method --->loginSuccess
18:09:48.601  INFO  manager.ListenerWD - Before find elementsBy.xpath: //button[text()='Sign Out']
18:09:48.617  INFO  manager.ListenerWD - After find elementBy.xpath: //button[text()='Sign Out']
18:09:48.618  INFO  manager.ListenerWD - List size is-->1
18:09:48.618  INFO  manager.ListenerWD - Before find elementBy.xpath: //button[text()='Sign Out']
18:09:48.632  INFO  manager.ListenerWD - After find elementBy.xpath: //button[text()='Sign Out']
18:09:48.683  INFO  tests.TestBase - I need logout
18:09:48.683  INFO  tests.TestBase - Login with valid data: email: benb@gmail.com password: Beny$123456
18:09:48.684  INFO  manager.ListenerWD - Before find elementBy.xpath: //a[@href='/login']
18:09:48.702  INFO  manager.ListenerWD - After find elementBy.xpath: //a[@href='/login']
18:09:48.751  INFO  manager.ListenerWD - Before find elementBy.name: email
18:09:48.772  INFO  manager.ListenerWD - After find elementBy.name: email
18:09:48.933  INFO  manager.ListenerWD - Before find elementBy.xpath: //input[position()=2]
18:09:48.969  INFO  manager.ListenerWD - After find elementBy.xpath: //input[position()=2]
18:09:49.111  INFO  manager.ListenerWD - Before find elementBy.xpath: //button[@name='login']
18:09:49.127  INFO  manager.ListenerWD - After find elementBy.xpath: //button[@name='login']
18:09:49.168  INFO  manager.ListenerWD - Before find elementsBy.xpath: //button[text()='Sign Out']
18:09:49.508  INFO  manager.ListenerWD - After find elementBy.xpath: //button[text()='Sign Out']
18:09:49.508  INFO  manager.ListenerWD - List size is-->1
18:09:49.508  INFO  tests.TestBase - Test success
18:09:49.510  INFO  tests.TestBase - The name of starts method --->loginSuccess2
18:09:49.511  INFO  manager.ListenerWD - Before find elementsBy.xpath: //button[text()='Sign Out']
18:09:49.524  INFO  manager.ListenerWD - After find elementBy.xpath: //button[text()='Sign Out']
18:09:49.525  INFO  manager.ListenerWD - List size is-->1
18:09:49.525  INFO  manager.ListenerWD - Before find elementBy.xpath: //button[text()='Sign Out']
18:09:49.536  INFO  manager.ListenerWD - After find elementBy.xpath: //button[text()='Sign Out']
18:09:49.582  INFO  tests.TestBase - I need logout
18:09:49.593  INFO  tests.TestBase - Login with valid data: email: benb@gmail.com password: Beny$123456
18:09:49.593  INFO  manager.ListenerWD - Before find elementBy.xpath: //a[@href='/login']
18:09:49.612  INFO  manager.ListenerWD - After find elementBy.xpath: //a[@href='/login']
18:09:49.657  INFO  manager.ListenerWD - Before find elementBy.name: email
18:09:49.670  INFO  manager.ListenerWD - After find elementBy.name: email
18:09:49.840  INFO  manager.ListenerWD - Before find elementBy.xpath: //input[position()=2]
18:09:49.853  INFO  manager.ListenerWD - After find elementBy.xpath: //input[position()=2]
18:09:49.984  INFO  manager.ListenerWD - Before find elementBy.xpath: //button[@name='login']
18:09:50.000  INFO  manager.ListenerWD - After find elementBy.xpath: //button[@name='login']
18:09:50.045  INFO  tests.TestBase - Test success
18:09:50.046  INFO  tests.TestBase - The name of starts method --->loginSuccess2
18:09:50.047  INFO  manager.ListenerWD - Before find elementsBy.xpath: //button[text()='Sign Out']
18:09:50.372  INFO  manager.ListenerWD - After find elementBy.xpath: //button[text()='Sign Out']
18:09:50.373  INFO  manager.ListenerWD - List size is-->1
18:09:50.373  INFO  manager.ListenerWD - Before find elementBy.xpath: //button[text()='Sign Out']
18:09:50.387  INFO  manager.ListenerWD - After find elementBy.xpath: //button[text()='Sign Out']
18:09:50.432  INFO  tests.TestBase - I need logout
18:09:50.434  INFO  tests.TestBase - Login with valid data: email: ili@gmail.com password: IliB$123456
18:09:50.434  INFO  manager.ListenerWD - Before find elementBy.xpath: //a[@href='/login']
18:09:50.450  INFO  manager.ListenerWD - After find elementBy.xpath: //a[@href='/login']
18:09:50.495  INFO  manager.ListenerWD - Before find elementBy.name: email
18:09:50.513  INFO  manager.ListenerWD - After find elementBy.name: email
18:09:50.709  INFO  manager.ListenerWD - Before find elementBy.xpath: //input[position()=2]
18:09:50.724  INFO  manager.ListenerWD - After find elementBy.xpath: //input[position()=2]
18:09:50.925  INFO  manager.ListenerWD - Before find elementBy.xpath: //button[@name='login']
18:09:50.943  INFO  manager.ListenerWD - After find elementBy.xpath: //button[@name='login']
18:09:50.992  INFO  tests.TestBase - Test success
18:09:50.993  INFO  tests.TestBase - The name of starts method --->loginSuccess2
18:09:50.994  INFO  manager.ListenerWD - Before find elementsBy.xpath: //button[text()='Sign Out']
18:09:51.342  INFO  manager.ListenerWD - After find elementBy.xpath: //button[text()='Sign Out']
18:09:51.343  INFO  manager.ListenerWD - List size is-->1
18:09:51.343  INFO  manager.ListenerWD - Before find elementBy.xpath: //button[text()='Sign Out']
18:09:51.367  INFO  manager.ListenerWD - After find elementBy.xpath: //button[text()='Sign Out']
18:09:51.412  INFO  tests.TestBase - I need logout
18:09:51.413  INFO  tests.TestBase - Login with valid data: email: benb@gmail.com password: Beny$123456
18:09:51.413  INFO  manager.ListenerWD - Before find elementBy.xpath: //a[@href='/login']
18:09:51.429  INFO  manager.ListenerWD - After find elementBy.xpath: //a[@href='/login']
18:09:51.468  INFO  manager.ListenerWD - Before find elementBy.name: email
18:09:51.483  INFO  manager.ListenerWD - After find elementBy.name: email
18:09:51.624  INFO  manager.ListenerWD - Before find elementBy.xpath: //input[position()=2]
18:09:51.647  INFO  manager.ListenerWD - After find elementBy.xpath: //input[position()=2]
18:09:51.852  INFO  manager.ListenerWD - Before find elementBy.xpath: //button[@name='login']
18:09:51.897  INFO  manager.ListenerWD - After find elementBy.xpath: //button[@name='login']
18:09:51.945  INFO  tests.TestBase - Test success
18:09:51.947  INFO  tests.TestBase - The name of starts method --->loginSuccessModel
18:09:51.947  INFO  manager.ListenerWD - Before find elementsBy.xpath: //button[text()='Sign Out']
18:09:52.241  INFO  manager.ListenerWD - After find elementBy.xpath: //button[text()='Sign Out']
18:09:52.241  INFO  manager.ListenerWD - List size is-->1
18:09:52.241  INFO  manager.ListenerWD - Before find elementBy.xpath: //button[text()='Sign Out']
18:09:52.252  INFO  manager.ListenerWD - After find elementBy.xpath: //button[text()='Sign Out']
18:09:52.295  INFO  tests.TestBase - I need logout
18:09:52.303  INFO  tests.TestBase - Test start with user: User(email=benb@gmail.com, password=Beny$123456)
18:09:52.303  INFO  manager.ListenerWD - Before find elementBy.xpath: //a[@href='/login']
18:09:52.320  INFO  manager.ListenerWD - After find elementBy.xpath: //a[@href='/login']
18:09:52.355  INFO  manager.ListenerWD - Before find elementBy.name: email
18:09:52.372  INFO  manager.ListenerWD - After find elementBy.name: email
18:09:52.507  INFO  manager.ListenerWD - Before find elementBy.name: password
18:09:52.525  INFO  manager.ListenerWD - After find elementBy.name: password
18:09:52.669  INFO  manager.ListenerWD - Before find elementBy.xpath: //button[@name='login']
18:09:52.695  INFO  manager.ListenerWD - After find elementBy.xpath: //button[@name='login']
18:09:52.743  INFO  tests.TestBase - The name of starts method --->loginSuccessModel
18:09:52.743  INFO  manager.ListenerWD - Before find elementsBy.xpath: //button[text()='Sign Out']
18:09:53.044  INFO  manager.ListenerWD - After find elementBy.xpath: //button[text()='Sign Out']
18:09:53.044  INFO  manager.ListenerWD - List size is-->1
18:09:53.044  INFO  manager.ListenerWD - Before find elementBy.xpath: //button[text()='Sign Out']
18:09:53.058  INFO  manager.ListenerWD - After find elementBy.xpath: //button[text()='Sign Out']
18:09:53.107  INFO  tests.TestBase - I need logout
18:09:53.109  INFO  tests.TestBase - Test start with user: User(email=ili@gmail.com, password=IliB$123456)
18:09:53.109  INFO  manager.ListenerWD - Before find elementBy.xpath: //a[@href='/login']
18:09:53.126  INFO  manager.ListenerWD - After find elementBy.xpath: //a[@href='/login']
18:09:53.169  INFO  manager.ListenerWD - Before find elementBy.name: email
18:09:53.185  INFO  manager.ListenerWD - After find elementBy.name: email
18:09:53.329  INFO  manager.ListenerWD - Before find elementBy.name: password
18:09:53.349  INFO  manager.ListenerWD - After find elementBy.name: password
18:09:53.513  INFO  manager.ListenerWD - Before find elementBy.xpath: //button[@name='login']
18:09:53.529  INFO  manager.ListenerWD - After find elementBy.xpath: //button[@name='login']
18:09:53.595  INFO  tests.TestBase - The name of starts method --->loginSuccessModel
18:09:53.596  INFO  manager.ListenerWD - Before find elementsBy.xpath: //button[text()='Sign Out']
18:09:53.904  INFO  manager.ListenerWD - After find elementBy.xpath: //button[text()='Sign Out']
18:09:53.905  INFO  manager.ListenerWD - List size is-->1
18:09:53.905  INFO  manager.ListenerWD - Before find elementBy.xpath: //button[text()='Sign Out']
18:09:53.918  INFO  manager.ListenerWD - After find elementBy.xpath: //button[text()='Sign Out']
18:09:53.966  INFO  tests.TestBase - I need logout
18:09:53.967  INFO  tests.TestBase - Test start with user: User(email=benb@gmail.com, password=Beny$123456)
18:09:53.967  INFO  manager.ListenerWD - Before find elementBy.xpath: //a[@href='/login']
18:09:53.990  INFO  manager.ListenerWD - After find elementBy.xpath: //a[@href='/login']
18:09:54.028  INFO  manager.ListenerWD - Before find elementBy.name: email
18:09:54.046  INFO  manager.ListenerWD - After find elementBy.name: email
18:09:54.218  INFO  manager.ListenerWD - Before find elementBy.name: password
18:09:54.233  INFO  manager.ListenerWD - After find elementBy.name: password
18:09:54.371  INFO  manager.ListenerWD - Before find elementBy.xpath: //button[@name='login']
18:09:54.383  INFO  manager.ListenerWD - After find elementBy.xpath: //button[@name='login']
18:09:54.427  INFO  tests.TestBase - The name of starts method --->loginSuccessModelFromFile
18:09:54.428  INFO  manager.ListenerWD - Before find elementsBy.xpath: //button[text()='Sign Out']
18:09:54.743  INFO  manager.ListenerWD - After find elementBy.xpath: //button[text()='Sign Out']
18:09:54.744  INFO  manager.ListenerWD - List size is-->1
18:09:54.744  INFO  manager.ListenerWD - Before find elementBy.xpath: //button[text()='Sign Out']
18:09:54.758  INFO  manager.ListenerWD - After find elementBy.xpath: //button[text()='Sign Out']
18:09:54.809  INFO  tests.TestBase - I need logout
18:09:54.810  INFO  tests.TestBase - Test start with user: User(email=benb@gmail.com, password=Beny$123456)
18:09:54.810  INFO  manager.ListenerWD - Before find elementBy.xpath: //a[@href='/login']
18:09:54.827  INFO  manager.ListenerWD - After find elementBy.xpath: //a[@href='/login']
18:09:54.871  INFO  manager.ListenerWD - Before find elementBy.name: email
18:09:54.895  INFO  manager.ListenerWD - After find elementBy.name: email
18:09:55.059  INFO  manager.ListenerWD - Before find elementBy.name: password
18:09:55.077  INFO  manager.ListenerWD - After find elementBy.name: password
18:09:55.231  INFO  manager.ListenerWD - Before find elementBy.xpath: //button[@name='login']
18:09:55.246  INFO  manager.ListenerWD - After find elementBy.xpath: //button[@name='login']
18:09:55.284  INFO  tests.TestBase - The name of starts method --->loginSuccessModelFromFile
18:09:55.285  INFO  manager.ListenerWD - Before find elementsBy.xpath: //button[text()='Sign Out']
18:09:55.607  INFO  manager.ListenerWD - After find elementBy.xpath: //button[text()='Sign Out']
18:09:55.607  INFO  manager.ListenerWD - List size is-->1
18:09:55.607  INFO  manager.ListenerWD - Before find elementBy.xpath: //button[text()='Sign Out']
18:09:55.624  INFO  manager.ListenerWD - After find elementBy.xpath: //button[text()='Sign Out']
18:09:55.668  INFO  tests.TestBase - I need logout
18:09:55.672  INFO  tests.TestBase - Test start with user: User(email=ili@gmail.com, password=IliB$123456)
18:09:55.673  INFO  manager.ListenerWD - Before find elementBy.xpath: //a[@href='/login']
18:09:55.691  INFO  manager.ListenerWD - After find elementBy.xpath: //a[@href='/login']
18:09:55.735  INFO  manager.ListenerWD - Before find elementBy.name: email
18:09:55.754  INFO  manager.ListenerWD - After find elementBy.name: email
18:09:55.911  INFO  manager.ListenerWD - Before find elementBy.name: password
18:09:55.925  INFO  manager.ListenerWD - After find elementBy.name: password
18:09:56.058  INFO  manager.ListenerWD - Before find elementBy.xpath: //button[@name='login']
18:09:56.085  INFO  manager.ListenerWD - After find elementBy.xpath: //button[@name='login']
18:09:56.154  INFO  tests.TestBase - The name of starts method --->loginSuccessModelFromFile
18:09:56.157  INFO  manager.ListenerWD - Before find elementsBy.xpath: //button[text()='Sign Out']
18:09:56.470  INFO  manager.ListenerWD - After find elementBy.xpath: //button[text()='Sign Out']
18:09:56.471  INFO  manager.ListenerWD - List size is-->1
18:09:56.471  INFO  manager.ListenerWD - Before find elementBy.xpath: //button[text()='Sign Out']
18:09:56.483  INFO  manager.ListenerWD - After find elementBy.xpath: //button[text()='Sign Out']
18:09:56.526  INFO  tests.TestBase - I need logout
18:09:56.527  INFO  tests.TestBase - Test start with user: User(email=benb@gmail.com, password=Beny$123456)
18:09:56.527  INFO  manager.ListenerWD - Before find elementBy.xpath: //a[@href='/login']
18:09:56.543  INFO  manager.ListenerWD - After find elementBy.xpath: //a[@href='/login']
18:09:56.580  INFO  manager.ListenerWD - Before find elementBy.name: email
18:09:56.596  INFO  manager.ListenerWD - After find elementBy.name: email
18:09:56.739  INFO  manager.ListenerWD - Before find elementBy.name: password
18:09:56.755  INFO  manager.ListenerWD - After find elementBy.name: password
18:09:56.923  INFO  manager.ListenerWD - Before find elementBy.xpath: //button[@name='login']
18:09:56.937  INFO  manager.ListenerWD - After find elementBy.xpath: //button[@name='login']
18:09:56.986  INFO  tests.TestBase - The name of starts method --->loginSuccessNew
18:09:56.987  INFO  manager.ListenerWD - Before find elementsBy.xpath: //button[text()='Sign Out']
18:09:57.291  INFO  manager.ListenerWD - After find elementBy.xpath: //button[text()='Sign Out']
18:09:57.291  INFO  manager.ListenerWD - List size is-->1
18:09:57.291  INFO  manager.ListenerWD - Before find elementBy.xpath: //button[text()='Sign Out']
18:09:57.306  INFO  manager.ListenerWD - After find elementBy.xpath: //button[text()='Sign Out']
18:09:57.344  INFO  tests.TestBase - I need logout
18:09:57.345  INFO  manager.ListenerWD - Before find elementBy.xpath: //a[@href='/login']
18:09:57.361  INFO  manager.ListenerWD - After find elementBy.xpath: //a[@href='/login']
18:09:57.415  INFO  manager.ListenerWD - Before find elementBy.name: email
18:09:57.428  INFO  manager.ListenerWD - After find elementBy.name: email
18:09:57.561  INFO  manager.ListenerWD - Before find elementBy.xpath: //input[position()=2]
18:09:57.579  INFO  manager.ListenerWD - After find elementBy.xpath: //input[position()=2]
18:09:57.722  INFO  manager.ListenerWD - Before find elementBy.xpath: //button[@name='login']
18:09:57.733  INFO  manager.ListenerWD - After find elementBy.xpath: //button[@name='login']
18:09:57.785  INFO  tests.TestBase - The name of starts method --->loginSuccessNew
18:09:57.787  INFO  manager.ListenerWD - Before find elementsBy.xpath: //button[text()='Sign Out']
18:09:58.101  INFO  manager.ListenerWD - After find elementBy.xpath: //button[text()='Sign Out']
18:09:58.101  INFO  manager.ListenerWD - List size is-->1
18:09:58.101  INFO  manager.ListenerWD - Before find elementBy.xpath: //button[text()='Sign Out']
18:09:58.115  INFO  manager.ListenerWD - After find elementBy.xpath: //button[text()='Sign Out']
18:09:58.164  INFO  tests.TestBase - I need logout
18:09:58.167  INFO  manager.ListenerWD - Before find elementBy.xpath: //a[@href='/login']
18:09:58.183  INFO  manager.ListenerWD - After find elementBy.xpath: //a[@href='/login']
18:09:58.221  INFO  manager.ListenerWD - Before find elementBy.name: email
18:09:58.234  INFO  manager.ListenerWD - After find elementBy.name: email
18:09:58.370  INFO  manager.ListenerWD - Before find elementBy.xpath: //input[position()=2]
18:09:58.382  INFO  manager.ListenerWD - After find elementBy.xpath: //input[position()=2]
18:09:58.513  INFO  manager.ListenerWD - Before find elementBy.xpath: //button[@name='login']
18:09:58.528  INFO  manager.ListenerWD - After find elementBy.xpath: //button[@name='login']
18:09:58.578  INFO  tests.TestBase - The name of starts method --->loginUnregisterUser
18:09:58.579  INFO  manager.ListenerWD - Before find elementsBy.xpath: //button[text()='Sign Out']
18:09:58.933  INFO  manager.ListenerWD - After find elementBy.xpath: //button[text()='Sign Out']
18:09:58.934  INFO  manager.ListenerWD - List size is-->1
18:09:58.934  INFO  manager.ListenerWD - Before find elementBy.xpath: //button[text()='Sign Out']
18:09:58.946  INFO  manager.ListenerWD - After find elementBy.xpath: //button[text()='Sign Out']
18:09:58.989  INFO  tests.TestBase - I need logout
18:09:58.991  INFO  manager.ListenerWD - Before find elementBy.xpath: //a[@href='/login']
18:09:59.006  INFO  manager.ListenerWD - After find elementBy.xpath: //a[@href='/login']
18:09:59.045  INFO  manager.ListenerWD - Before find elementBy.name: email
18:09:59.059  INFO  manager.ListenerWD - After find elementBy.name: email
18:09:59.210  INFO  manager.ListenerWD - Before find elementBy.xpath: //input[position()=2]
18:09:59.229  INFO  manager.ListenerWD - After find elementBy.xpath: //input[position()=2]
18:09:59.372  INFO  manager.ListenerWD - Before find elementBy.xpath: //button[@name='login']
18:09:59.385  INFO  manager.ListenerWD - After find elementBy.xpath: //button[@name='login']
18:09:59.460  INFO  manager.ListenerWD - Have a 'problem'
18:09:59.460  INFO  manager.ListenerWD - ***************************************
18:09:59.460  INFO  manager.ListenerWD - Method methodalert
18:09:59.460  INFO  manager.ListenerWD - ***************************************
18:09:59.460  INFO  manager.ListenerWD - ***************************************
18:09:59.460  INFO  manager.ListenerWD - InvocationTargetExceptionorg.openqa.selenium.NoAlertPresentException: no such alert
  (Session info: chrome=109.0.5414.120)
Build info: version: '4.7.1', revision: 'c6795baf1a3'
System info: os.name: 'Windows 10', os.arch: 'amd64', os.version: '10.0', java.version: '11.0.17'
Driver info: org.openqa.selenium.chrome.ChromeDriver
Command: [f4c93a3f72fb757b7d8175f37f7b26e1, getAlertText {}]
Capabilities {acceptInsecureCerts: false, browserName: chrome, browserVersion: 109.0.5414.120, chrome: {chromedriverVersion: 109.0.5414.74 (e7c5703604da..., userDataDir: C:\Users\ALEKSA~1\AppData\L...}, goog:chromeOptions: {debuggerAddress: localhost:51423}, networkConnectionEnabled: false, pageLoadStrategy: normal, platformName: WINDOWS, proxy: Proxy(), se:cdp: ws://localhost:51423/devtoo..., se:cdpVersion: 109.0.5414.120, setWindowRect: true, strictFileInteractability: false, timeouts: {implicit: 0, pageLoad: 300000, script: 30000}, unhandledPromptBehavior: dismiss and notify, webauthn:extension:credBlob: true, webauthn:extension:largeBlob: true, webauthn:virtualAuthenticators: true}
Session ID: f4c93a3f72fb757b7d8175f37f7b26e1
18:09:59.460  INFO  manager.ListenerWD - ***************************************
18:09:59.460  INFO  manager.ListenerWD - ***************************************
18:09:59.460  INFO  manager.ListenerWD - Object targetorg.openqa.selenium.remote.RemoteWebDriver$RemoteTargetLocator@39a865c1
18:09:59.460  INFO  manager.ListenerWD - ***************************************
18:09:59.994  INFO  tests.TestBase - The name of starts method --->loginWrongEmail
18:09:59.995  INFO  manager.ListenerWD - Before find elementsBy.xpath: //button[text()='Sign Out']
18:10:05.044  INFO  manager.ListenerWD - After find elementBy.xpath: //button[text()='Sign Out']
18:10:05.044  INFO  manager.ListenerWD - List size is-->0
18:10:05.044  INFO  manager.ListenerWD - Before find elementBy.xpath: //a[@href='/login']
18:10:05.059  INFO  manager.ListenerWD - After find elementBy.xpath: //a[@href='/login']
18:10:05.116  INFO  manager.ListenerWD - Before find elementBy.name: email
18:10:05.144  INFO  manager.ListenerWD - After find elementBy.name: email
18:10:05.288  INFO  manager.ListenerWD - Before find elementBy.xpath: //input[position()=2]
18:10:05.300  INFO  manager.ListenerWD - After find elementBy.xpath: //input[position()=2]
18:10:05.465  INFO  manager.ListenerWD - Before find elementBy.xpath: //button[@name='login']
18:10:05.479  INFO  manager.ListenerWD - After find elementBy.xpath: //button[@name='login']
18:10:05.529  INFO  manager.ListenerWD - Have a 'problem'
18:10:05.529  INFO  manager.ListenerWD - ***************************************
18:10:05.529  INFO  manager.ListenerWD - Method methodalert
18:10:05.529  INFO  manager.ListenerWD - ***************************************
18:10:05.529  INFO  manager.ListenerWD - ***************************************
18:10:05.529  INFO  manager.ListenerWD - InvocationTargetExceptionorg.openqa.selenium.NoAlertPresentException: no such alert
  (Session info: chrome=109.0.5414.120)
Build info: version: '4.7.1', revision: 'c6795baf1a3'
System info: os.name: 'Windows 10', os.arch: 'amd64', os.version: '10.0', java.version: '11.0.17'
Driver info: org.openqa.selenium.chrome.ChromeDriver
Command: [f4c93a3f72fb757b7d8175f37f7b26e1, getAlertText {}]
Capabilities {acceptInsecureCerts: false, browserName: chrome, browserVersion: 109.0.5414.120, chrome: {chromedriverVersion: 109.0.5414.74 (e7c5703604da..., userDataDir: C:\Users\ALEKSA~1\AppData\L...}, goog:chromeOptions: {debuggerAddress: localhost:51423}, networkConnectionEnabled: false, pageLoadStrategy: normal, platformName: WINDOWS, proxy: Proxy(), se:cdp: ws://localhost:51423/devtoo..., se:cdpVersion: 109.0.5414.120, setWindowRect: true, strictFileInteractability: false, timeouts: {implicit: 0, pageLoad: 300000, script: 30000}, unhandledPromptBehavior: dismiss and notify, webauthn:extension:credBlob: true, webauthn:extension:largeBlob: true, webauthn:virtualAuthenticators: true}
Session ID: f4c93a3f72fb757b7d8175f37f7b26e1
18:10:05.529  INFO  manager.ListenerWD - ***************************************
18:10:05.529  INFO  manager.ListenerWD - ***************************************
18:10:05.529  INFO  manager.ListenerWD - Object targetorg.openqa.selenium.remote.RemoteWebDriver$RemoteTargetLocator@450d10cb
18:10:05.529  INFO  manager.ListenerWD - ***************************************
18:10:06.070  INFO  tests.TestBase - The name of starts method --->loginWrongPassword
18:10:06.072  INFO  manager.ListenerWD - Before find elementsBy.xpath: //button[text()='Sign Out']
18:10:11.135  INFO  manager.ListenerWD - After find elementBy.xpath: //button[text()='Sign Out']
18:10:11.135  INFO  manager.ListenerWD - List size is-->0
18:10:11.136  INFO  manager.ListenerWD - Before find elementBy.xpath: //a[@href='/login']
18:10:11.149  INFO  manager.ListenerWD - After find elementBy.xpath: //a[@href='/login']
18:10:11.180  INFO  manager.ListenerWD - Before find elementBy.name: email
18:10:11.198  INFO  manager.ListenerWD - After find elementBy.name: email
18:10:11.330  INFO  manager.ListenerWD - Before find elementBy.xpath: //input[position()=2]
18:10:11.342  INFO  manager.ListenerWD - After find elementBy.xpath: //input[position()=2]
18:10:11.462  INFO  manager.ListenerWD - Before find elementBy.xpath: //button[@name='login']
18:10:11.475  INFO  manager.ListenerWD - After find elementBy.xpath: //button[@name='login']
18:10:11.527  INFO  manager.ListenerWD - Have a 'problem'
18:10:11.527  INFO  manager.ListenerWD - ***************************************
18:10:11.527  INFO  manager.ListenerWD - Method methodalert
18:10:11.527  INFO  manager.ListenerWD - ***************************************
18:10:11.527  INFO  manager.ListenerWD - ***************************************
18:10:11.528  INFO  manager.ListenerWD - InvocationTargetExceptionorg.openqa.selenium.NoAlertPresentException: no such alert
  (Session info: chrome=109.0.5414.120)
Build info: version: '4.7.1', revision: 'c6795baf1a3'
System info: os.name: 'Windows 10', os.arch: 'amd64', os.version: '10.0', java.version: '11.0.17'
Driver info: org.openqa.selenium.chrome.ChromeDriver
Command: [f4c93a3f72fb757b7d8175f37f7b26e1, getAlertText {}]
Capabilities {acceptInsecureCerts: false, browserName: chrome, browserVersion: 109.0.5414.120, chrome: {chromedriverVersion: 109.0.5414.74 (e7c5703604da..., userDataDir: C:\Users\ALEKSA~1\AppData\L...}, goog:chromeOptions: {debuggerAddress: localhost:51423}, networkConnectionEnabled: false, pageLoadStrategy: normal, platformName: WINDOWS, proxy: Proxy(), se:cdp: ws://localhost:51423/devtoo..., se:cdpVersion: 109.0.5414.120, setWindowRect: true, strictFileInteractability: false, timeouts: {implicit: 0, pageLoad: 300000, script: 30000}, unhandledPromptBehavior: dismiss and notify, webauthn:extension:credBlob: true, webauthn:extension:largeBlob: true, webauthn:virtualAuthenticators: true}
Session ID: f4c93a3f72fb757b7d8175f37f7b26e1
18:10:11.528  INFO  manager.ListenerWD - ***************************************
18:10:11.528  INFO  manager.ListenerWD - ***************************************
18:10:11.528  INFO  manager.ListenerWD - Object targetorg.openqa.selenium.remote.RemoteWebDriver$RemoteTargetLocator@540212be
18:10:11.528  INFO  manager.ListenerWD - ***************************************
18:10:12.058  INFO  tests.TestBase - The name of starts method --->registrationSuccess
18:10:12.059  INFO  manager.ListenerWD - Before find elementsBy.xpath: //button[text()='Sign Out']
18:10:17.103  INFO  manager.ListenerWD - After find elementBy.xpath: //button[text()='Sign Out']
18:10:17.103  INFO  manager.ListenerWD - List size is-->0
18:10:17.103  INFO  manager.ListenerWD - Before find elementBy.xpath: //a[@href='/login']
18:10:17.118  INFO  manager.ListenerWD - After find elementBy.xpath: //a[@href='/login']
18:10:17.159  INFO  manager.ListenerWD - Before find elementBy.name: email
18:10:17.192  INFO  manager.ListenerWD - After find elementBy.name: email
18:10:17.339  INFO  manager.ListenerWD - Before find elementBy.xpath: //input[position()=2]
18:10:17.355  INFO  manager.ListenerWD - After find elementBy.xpath: //input[position()=2]
18:10:17.485  INFO  manager.ListenerWD - Before find elementBy.xpath: //button[starts-with(text(),'Registration')]
18:10:17.503  INFO  manager.ListenerWD - After find elementBy.xpath: //button[starts-with(text(),'Registration')]
18:10:17.554  INFO  tests.TestBase - The name of starts method --->registrationUserAlreadyExist
18:10:17.555  INFO  manager.ListenerWD - Before find elementsBy.xpath: //button[text()='Sign Out']
18:10:18.079  INFO  manager.ListenerWD - After find elementBy.xpath: //button[text()='Sign Out']
18:10:18.079  INFO  manager.ListenerWD - List size is-->1
18:10:18.079  INFO  manager.ListenerWD - Before find elementBy.xpath: //button[text()='Sign Out']
18:10:18.092  INFO  manager.ListenerWD - After find elementBy.xpath: //button[text()='Sign Out']
18:10:18.144  INFO  manager.ListenerWD - Before find elementBy.xpath: //a[@href='/login']
18:10:18.160  INFO  manager.ListenerWD - After find elementBy.xpath: //a[@href='/login']
18:10:18.205  INFO  manager.ListenerWD - Before find elementBy.name: email
18:10:18.223  INFO  manager.ListenerWD - After find elementBy.name: email
18:10:18.392  INFO  manager.ListenerWD - Before find elementBy.xpath: //input[position()=2]
18:10:18.407  INFO  manager.ListenerWD - After find elementBy.xpath: //input[position()=2]
18:10:18.561  INFO  manager.ListenerWD - Before find elementBy.xpath: //button[starts-with(text(),'Registration')]
18:10:18.577  INFO  manager.ListenerWD - After find elementBy.xpath: //button[starts-with(text(),'Registration')]
18:10:18.636  INFO  manager.ListenerWD - Have a 'problem'
18:10:18.636  INFO  manager.ListenerWD - ***************************************
18:10:18.636  INFO  manager.ListenerWD - Method methodalert
18:10:18.636  INFO  manager.ListenerWD - ***************************************
18:10:18.636  INFO  manager.ListenerWD - ***************************************
18:10:18.637  INFO  manager.ListenerWD - InvocationTargetExceptionorg.openqa.selenium.NoAlertPresentException: no such alert
  (Session info: chrome=109.0.5414.120)
Build info: version: '4.7.1', revision: 'c6795baf1a3'
System info: os.name: 'Windows 10', os.arch: 'amd64', os.version: '10.0', java.version: '11.0.17'
Driver info: org.openqa.selenium.chrome.ChromeDriver
Command: [f4c93a3f72fb757b7d8175f37f7b26e1, getAlertText {}]
Capabilities {acceptInsecureCerts: false, browserName: chrome, browserVersion: 109.0.5414.120, chrome: {chromedriverVersion: 109.0.5414.74 (e7c5703604da..., userDataDir: C:\Users\ALEKSA~1\AppData\L...}, goog:chromeOptions: {debuggerAddress: localhost:51423}, networkConnectionEnabled: false, pageLoadStrategy: normal, platformName: WINDOWS, proxy: Proxy(), se:cdp: ws://localhost:51423/devtoo..., se:cdpVersion: 109.0.5414.120, setWindowRect: true, strictFileInteractability: false, timeouts: {implicit: 0, pageLoad: 300000, script: 30000}, unhandledPromptBehavior: dismiss and notify, webauthn:extension:credBlob: true, webauthn:extension:largeBlob: true, webauthn:virtualAuthenticators: true}
Session ID: f4c93a3f72fb757b7d8175f37f7b26e1
18:10:18.637  INFO  manager.ListenerWD - ***************************************
18:10:18.637  INFO  manager.ListenerWD - ***************************************
18:10:18.637  INFO  manager.ListenerWD - Object targetorg.openqa.selenium.remote.RemoteWebDriver$RemoteTargetLocator@1c0cf193
18:10:18.637  INFO  manager.ListenerWD - ***************************************
18:10:19.183  INFO  tests.TestBase - The name of starts method --->registrationWrongEmail
18:10:19.184  INFO  manager.ListenerWD - Before find elementsBy.xpath: //button[text()='Sign Out']
18:10:24.259  INFO  manager.ListenerWD - After find elementBy.xpath: //button[text()='Sign Out']
18:10:24.259  INFO  manager.ListenerWD - List size is-->0
18:10:24.260  INFO  manager.ListenerWD - Before find elementBy.xpath: //a[@href='/login']
18:10:24.278  INFO  manager.ListenerWD - After find elementBy.xpath: //a[@href='/login']
18:10:24.305  INFO  manager.ListenerWD - Before find elementBy.name: email
18:10:24.322  INFO  manager.ListenerWD - After find elementBy.name: email
18:10:24.462  INFO  manager.ListenerWD - Before find elementBy.xpath: //input[position()=2]
18:10:24.474  INFO  manager.ListenerWD - After find elementBy.xpath: //input[position()=2]
18:10:24.588  INFO  manager.ListenerWD - Before find elementBy.xpath: //button[starts-with(text(),'Registration')]
18:10:24.600  INFO  manager.ListenerWD - After find elementBy.xpath: //button[starts-with(text(),'Registration')]
18:10:24.641  INFO  manager.ListenerWD - Have a 'problem'
18:10:24.641  INFO  manager.ListenerWD - ***************************************
18:10:24.641  INFO  manager.ListenerWD - Method methodalert
18:10:24.641  INFO  manager.ListenerWD - ***************************************
18:10:24.641  INFO  manager.ListenerWD - ***************************************
18:10:24.641  INFO  manager.ListenerWD - InvocationTargetExceptionorg.openqa.selenium.NoAlertPresentException: no such alert
  (Session info: chrome=109.0.5414.120)
Build info: version: '4.7.1', revision: 'c6795baf1a3'
System info: os.name: 'Windows 10', os.arch: 'amd64', os.version: '10.0', java.version: '11.0.17'
Driver info: org.openqa.selenium.chrome.ChromeDriver
Command: [f4c93a3f72fb757b7d8175f37f7b26e1, getAlertText {}]
Capabilities {acceptInsecureCerts: false, browserName: chrome, browserVersion: 109.0.5414.120, chrome: {chromedriverVersion: 109.0.5414.74 (e7c5703604da..., userDataDir: C:\Users\ALEKSA~1\AppData\L...}, goog:chromeOptions: {debuggerAddress: localhost:51423}, networkConnectionEnabled: false, pageLoadStrategy: normal, platformName: WINDOWS, proxy: Proxy(), se:cdp: ws://localhost:51423/devtoo..., se:cdpVersion: 109.0.5414.120, setWindowRect: true, strictFileInteractability: false, timeouts: {implicit: 0, pageLoad: 300000, script: 30000}, unhandledPromptBehavior: dismiss and notify, webauthn:extension:credBlob: true, webauthn:extension:largeBlob: true, webauthn:virtualAuthenticators: true}
Session ID: f4c93a3f72fb757b7d8175f37f7b26e1
18:10:24.641  INFO  manager.ListenerWD - ***************************************
18:10:24.641  INFO  manager.ListenerWD - ***************************************
18:10:24.641  INFO  manager.ListenerWD - Object targetorg.openqa.selenium.remote.RemoteWebDriver$RemoteTargetLocator@511de4dd
18:10:24.641  INFO  manager.ListenerWD - ***************************************
18:10:25.184  INFO  tests.TestBase - The name of starts method --->registrationWrongPassword
18:10:25.185  INFO  manager.ListenerWD - Before find elementsBy.xpath: //button[text()='Sign Out']
18:10:30.308  INFO  manager.ListenerWD - After find elementBy.xpath: //button[text()='Sign Out']
18:10:30.308  INFO  manager.ListenerWD - List size is-->0
18:10:30.311  INFO  manager.ListenerWD - Before find elementBy.xpath: //a[@href='/login']
18:10:30.331  INFO  manager.ListenerWD - After find elementBy.xpath: //a[@href='/login']
18:10:30.368  INFO  manager.ListenerWD - Before find elementBy.name: email
18:10:30.382  INFO  manager.ListenerWD - After find elementBy.name: email
18:10:30.542  INFO  manager.ListenerWD - Before find elementBy.xpath: //input[position()=2]
18:10:30.554  INFO  manager.ListenerWD - After find elementBy.xpath: //input[position()=2]
18:10:30.688  INFO  manager.ListenerWD - Before find elementBy.xpath: //button[starts-with(text(),'Registration')]
18:10:30.707  INFO  manager.ListenerWD - After find elementBy.xpath: //button[starts-with(text(),'Registration')]
18:10:30.750  INFO  manager.ListenerWD - Have a 'problem'
18:10:30.750  INFO  manager.ListenerWD - ***************************************
18:10:30.750  INFO  manager.ListenerWD - Method methodalert
18:10:30.750  INFO  manager.ListenerWD - ***************************************
18:10:30.750  INFO  manager.ListenerWD - ***************************************
18:10:30.750  INFO  manager.ListenerWD - InvocationTargetExceptionorg.openqa.selenium.NoAlertPresentException: no such alert
  (Session info: chrome=109.0.5414.120)
Build info: version: '4.7.1', revision: 'c6795baf1a3'
System info: os.name: 'Windows 10', os.arch: 'amd64', os.version: '10.0', java.version: '11.0.17'
Driver info: org.openqa.selenium.chrome.ChromeDriver
Command: [f4c93a3f72fb757b7d8175f37f7b26e1, getAlertText {}]
Capabilities {acceptInsecureCerts: false, browserName: chrome, browserVersion: 109.0.5414.120, chrome: {chromedriverVersion: 109.0.5414.74 (e7c5703604da..., userDataDir: C:\Users\ALEKSA~1\AppData\L...}, goog:chromeOptions: {debuggerAddress: localhost:51423}, networkConnectionEnabled: false, pageLoadStrategy: normal, platformName: WINDOWS, proxy: Proxy(), se:cdp: ws://localhost:51423/devtoo..., se:cdpVersion: 109.0.5414.120, setWindowRect: true, strictFileInteractability: false, timeouts: {implicit: 0, pageLoad: 300000, script: 30000}, unhandledPromptBehavior: dismiss and notify, webauthn:extension:credBlob: true, webauthn:extension:largeBlob: true, webauthn:virtualAuthenticators: true}
Session ID: f4c93a3f72fb757b7d8175f37f7b26e1
18:10:30.750  INFO  manager.ListenerWD - ***************************************
18:10:30.750  INFO  manager.ListenerWD - ***************************************
18:10:30.750  INFO  manager.ListenerWD - Object targetorg.openqa.selenium.remote.RemoteWebDriver$RemoteTargetLocator@61d7bb61
18:10:30.750  INFO  manager.ListenerWD - ***************************************
18:10:31.273  INFO  tests.TestBase - The name of starts method --->removeOneContactSuccess
18:10:31.277  INFO  manager.ListenerWD - Before find elementsBy.xpath: //button[text()='Sign Out']
18:10:36.367  INFO  manager.ListenerWD - After find elementBy.xpath: //button[text()='Sign Out']
18:10:36.368  INFO  manager.ListenerWD - List size is-->0
18:10:36.872  INFO  manager.ListenerWD - Before find elementBy.xpath: //a[@href='/login']
18:10:36.895  INFO  manager.ListenerWD - After find elementBy.xpath: //a[@href='/login']
18:10:37.463  INFO  manager.ListenerWD - Before find elementBy.name: email
18:10:37.478  INFO  manager.ListenerWD - After find elementBy.name: email
18:10:37.629  INFO  manager.ListenerWD - Before find elementBy.xpath: //input[position()=2]
18:10:37.641  INFO  manager.ListenerWD - After find elementBy.xpath: //input[position()=2]
18:10:38.290  INFO  manager.ListenerWD - Before find elementBy.xpath: //button[@name='login']
18:10:38.326  INFO  manager.ListenerWD - After find elementBy.xpath: //button[@name='login']
18:10:38.365  INFO  manager.ListenerWD - Before find elementsBy.cssSelector: .contact-item_card__2SOIM
18:10:40.181  INFO  manager.ListenerWD - After find elementBy.cssSelector: .contact-item_card__2SOIM
18:10:40.181  INFO  manager.ListenerWD - List size is-->101
18:10:40.181  INFO  manager.HelperContact - Number of contacts before is 101
18:10:40.182  INFO  manager.ListenerWD - Before find elementBy.cssSelector: .contact-item_card__2SOIM h3
18:10:40.202  INFO  manager.ListenerWD - After find elementBy.cssSelector: .contact-item_card__2SOIM h3
18:10:40.222  INFO  manager.HelperContact - The deleted number is 05618692569
18:10:40.223  INFO  manager.ListenerWD - Before find elementBy.cssSelector: .contact-item_card__2SOIM
18:10:40.236  INFO  manager.ListenerWD - After find elementBy.cssSelector: .contact-item_card__2SOIM
18:10:40.277  INFO  manager.ListenerWD - Before find elementBy.xpath: //button[text()='Remove']
18:10:40.299  INFO  manager.ListenerWD - After find elementBy.xpath: //button[text()='Remove']
18:10:41.340  INFO  manager.ListenerWD - Before find elementsBy.cssSelector: .contact-item_card__2SOIM
18:10:41.826  INFO  manager.ListenerWD - After find elementBy.cssSelector: .contact-item_card__2SOIM
18:10:41.826  INFO  manager.ListenerWD - List size is-->100
18:10:41.827  INFO  manager.HelperContact - Number of contacts after is 101
