17:15:54.479  INFO  manager.ApplicationManager - All test start in Chrome Browser
17:15:56.241  INFO  manager.ApplicationManager - Current Url -->https://telranedu.web.app/home
17:15:56.292  INFO  tests.TestBase - The name of starts method --->addNewContactSuccessAllFields
17:15:56.294  INFO  manager.ListenerWD - Before find elementsBy.xpath: //button[text()='Sign Out']
17:16:01.318  INFO  manager.ListenerWD - After find elementBy.xpath: //button[text()='Sign Out']
17:16:01.321  INFO  manager.ListenerWD - List size is-->0
17:16:01.824  INFO  manager.ListenerWD - Before find elementBy.xpath: //a[@href='/login']
17:16:01.856  INFO  manager.ListenerWD - After find elementBy.xpath: //a[@href='/login']
17:16:02.432  INFO  manager.ListenerWD - Before find elementBy.name: email
17:16:02.462  INFO  manager.ListenerWD - After find elementBy.name: email
17:16:04.654  INFO  manager.ListenerWD - Before find elementBy.xpath: //input[position()=2]
17:16:04.679  INFO  manager.ListenerWD - After find elementBy.xpath: //input[position()=2]
17:16:07.354  INFO  manager.ListenerWD - Before find elementBy.xpath: //button[@name='login']
17:16:07.398  INFO  manager.ListenerWD - After find elementBy.xpath: //button[@name='login']
17:16:07.468  INFO  tests.TestBase - Test start with data: Contacts(name=Melafifon43, lastName=Green, phone=056432569, email=melG43@gmail.com, address=Netanya, description=All fields)
17:16:07.468  INFO  manager.ListenerWD - Before find elementBy.xpath: //a[@href='/add']
17:16:08.467  INFO  manager.ListenerWD - After find elementBy.xpath: //a[@href='/add']
17:16:08.568  INFO  manager.ListenerWD - Before find elementBy.xpath: //input[@placeholder='Name']
17:16:08.644  INFO  manager.ListenerWD - After find elementBy.xpath: //input[@placeholder='Name']
17:16:10.892  INFO  manager.ListenerWD - Before find elementBy.xpath: //input[@placeholder='Last Name']
17:16:10.944  INFO  manager.ListenerWD - After find elementBy.xpath: //input[@placeholder='Last Name']
17:16:13.105  INFO  manager.ListenerWD - Before find elementBy.cssSelector: input[placeholder='Phone']
17:16:13.133  INFO  manager.ListenerWD - After find elementBy.cssSelector: input[placeholder='Phone']
17:16:15.292  INFO  manager.ListenerWD - Before find elementBy.xpath: //input[@placeholder='email']
17:16:15.315  INFO  manager.ListenerWD - After find elementBy.xpath: //input[@placeholder='email']
17:16:17.494  INFO  manager.ListenerWD - Before find elementBy.xpath: //input[@placeholder='Address']
17:16:17.515  INFO  manager.ListenerWD - After find elementBy.xpath: //input[@placeholder='Address']
17:16:19.684  INFO  manager.ListenerWD - Before find elementBy.xpath: //input[@placeholder='description']
17:16:19.707  INFO  manager.ListenerWD - After find elementBy.xpath: //input[@placeholder='description']
17:16:21.868  INFO  manager.ListenerWD - Before find elementBy.xpath: //div[@class='add_form__2rsm2']//button
17:16:21.893  INFO  manager.ListenerWD - After find elementBy.xpath: //div[@class='add_form__2rsm2']//button
