16:35:30.803  INFO  manager.ApplicationManager - All test start in Chrome Browser
16:35:32.455  INFO  manager.ApplicationManager - Current Url -->https://telranedu.web.app/home
16:35:32.502  INFO  tests.TestBase - The name of starts method --->addNewContactSuccessAllFields
16:35:32.505  INFO  manager.ListenerWD - Before find elementsBy.xpath: //button[text()='Sign Out']
16:35:37.519  INFO  manager.ListenerWD - After find elementBy.xpath: //button[text()='Sign Out']
16:35:37.523  INFO  manager.ListenerWD - List size is-->0
16:35:38.033  INFO  manager.ListenerWD - Before find elementBy.xpath: //a[@href='/login']
16:35:38.067  INFO  manager.ListenerWD - After find elementBy.xpath: //a[@href='/login']
16:35:38.663  INFO  manager.ListenerWD - Before find elementBy.name: email
16:35:38.694  INFO  manager.ListenerWD - After find elementBy.name: email
16:35:39.865  INFO  manager.ListenerWD - Before find elementBy.xpath: //input[position()=2]
16:35:39.894  INFO  manager.ListenerWD - After find elementBy.xpath: //input[position()=2]
16:35:41.553  INFO  manager.ListenerWD - Before find elementBy.xpath: //button[@name='login']
16:35:41.580  INFO  manager.ListenerWD - After find elementBy.xpath: //button[@name='login']
16:35:41.651  INFO  tests.TestBase - Test start with data: Contacts(name=Melafifon1152, lastName=Green, phone=05611522569, email=melG1152@gmail.com, address=Netanya, description=All fields)
16:35:41.651  INFO  manager.ListenerWD - Before find elementBy.xpath: //a[@href='/add']
16:35:42.705  INFO  manager.ListenerWD - After find elementBy.xpath: //a[@href='/add']
16:35:42.758  INFO  manager.ListenerWD - Before find elementBy.xpath: //input[@placeholder='Name']
16:35:42.793  INFO  manager.ListenerWD - After find elementBy.xpath: //input[@placeholder='Name']
16:35:43.945  INFO  manager.ListenerWD - Before find elementBy.xpath: //input[@placeholder='Last Name']
16:35:43.971  INFO  manager.ListenerWD - After find elementBy.xpath: //input[@placeholder='Last Name']
16:35:45.135  INFO  manager.ListenerWD - Before find elementBy.cssSelector: input[placeholder='Phone']
16:35:45.177  INFO  manager.ListenerWD - After find elementBy.cssSelector: input[placeholder='Phone']
16:35:46.416  INFO  manager.ListenerWD - Before find elementBy.xpath: //input[@placeholder='email']
16:35:46.471  INFO  manager.ListenerWD - After find elementBy.xpath: //input[@placeholder='email']
16:35:47.729  INFO  manager.ListenerWD - Before find elementBy.xpath: //input[@placeholder='Address']
16:35:47.755  INFO  manager.ListenerWD - After find elementBy.xpath: //input[@placeholder='Address']
16:35:48.937  INFO  manager.ListenerWD - Before find elementBy.xpath: //input[@placeholder='description']
16:35:48.959  INFO  manager.ListenerWD - After find elementBy.xpath: //input[@placeholder='description']
16:35:50.100  INFO  manager.ListenerWD - Before find elementBy.xpath: //div[@class='add_form__2rsm2']//button
16:35:50.125  INFO  manager.ListenerWD - After find elementBy.xpath: //div[@class='add_form__2rsm2']//button
16:35:50.161  INFO  manager.ListenerWD - Before find elementsBy.cssSelector: h2
16:35:51.536  INFO  manager.ListenerWD - After find elementBy.cssSelector: h2
16:35:51.537  INFO  manager.ListenerWD - List size is-->80
16:35:52.636  INFO  tests.TestBase - The name of starts method --->addNewContactSuccessRequiredFields
16:35:52.637  INFO  manager.ListenerWD - Before find elementsBy.xpath: //button[text()='Sign Out']
16:35:52.651  INFO  manager.ListenerWD - After find elementBy.xpath: //button[text()='Sign Out']
16:35:52.651  INFO  manager.ListenerWD - List size is-->1
16:35:52.652  INFO  manager.ListenerWD - Before find elementBy.xpath: //a[@href='/add']
16:35:52.668  INFO  manager.ListenerWD - After find elementBy.xpath: //a[@href='/add']
16:35:53.724  INFO  manager.ListenerWD - Before find elementBy.xpath: //input[@placeholder='Name']
16:35:53.742  INFO  manager.ListenerWD - After find elementBy.xpath: //input[@placeholder='Name']
16:35:54.873  INFO  manager.ListenerWD - Before find elementBy.xpath: //input[@placeholder='Last Name']
16:35:54.888  INFO  manager.ListenerWD - After find elementBy.xpath: //input[@placeholder='Last Name']
16:35:56.040  INFO  manager.ListenerWD - Before find elementBy.cssSelector: input[placeholder='Phone']
16:35:56.054  INFO  manager.ListenerWD - After find elementBy.cssSelector: input[placeholder='Phone']
16:35:57.206  INFO  manager.ListenerWD - Before find elementBy.xpath: //input[@placeholder='email']
16:35:57.220  INFO  manager.ListenerWD - After find elementBy.xpath: //input[@placeholder='email']
16:35:58.382  INFO  manager.ListenerWD - Before find elementBy.xpath: //input[@placeholder='Address']
16:35:58.398  INFO  manager.ListenerWD - After find elementBy.xpath: //input[@placeholder='Address']
16:35:59.534  INFO  manager.ListenerWD - Before find elementBy.xpath: //input[@placeholder='description']
16:35:59.552  INFO  manager.ListenerWD - After find elementBy.xpath: //input[@placeholder='description']
16:36:00.656  INFO  manager.ListenerWD - Before find elementBy.xpath: //div[@class='add_form__2rsm2']//button
16:36:00.689  INFO  manager.ListenerWD - After find elementBy.xpath: //div[@class='add_form__2rsm2']//button
16:36:00.730  INFO  manager.ListenerWD - Before find elementsBy.cssSelector: h3
16:36:01.846  INFO  manager.ListenerWD - After find elementBy.cssSelector: h3
16:36:01.847  INFO  manager.ListenerWD - List size is-->81
16:36:01.925  INFO  tests.TestBase - The name of starts method --->addNewContactWithWrongMail
16:36:01.926  INFO  manager.ListenerWD - Before find elementsBy.xpath: //button[text()='Sign Out']
16:36:01.944  INFO  manager.ListenerWD - After find elementBy.xpath: //button[text()='Sign Out']
16:36:01.944  INFO  manager.ListenerWD - List size is-->1
16:36:01.945  INFO  manager.ListenerWD - Before find elementBy.xpath: //a[@href='/add']
16:36:01.960  INFO  manager.ListenerWD - After find elementBy.xpath: //a[@href='/add']
16:36:02.000  INFO  manager.ListenerWD - Before find elementBy.xpath: //input[@placeholder='Name']
16:36:02.019  INFO  manager.ListenerWD - After find elementBy.xpath: //input[@placeholder='Name']
16:36:03.168  INFO  manager.ListenerWD - Before find elementBy.xpath: //input[@placeholder='Last Name']
16:36:03.182  INFO  manager.ListenerWD - After find elementBy.xpath: //input[@placeholder='Last Name']
16:36:04.331  INFO  manager.ListenerWD - Before find elementBy.cssSelector: input[placeholder='Phone']
16:36:04.344  INFO  manager.ListenerWD - After find elementBy.cssSelector: input[placeholder='Phone']
16:36:05.502  INFO  manager.ListenerWD - Before find elementBy.xpath: //input[@placeholder='email']
16:36:05.516  INFO  manager.ListenerWD - After find elementBy.xpath: //input[@placeholder='email']
16:36:06.652  INFO  manager.ListenerWD - Before find elementBy.xpath: //input[@placeholder='Address']
16:36:06.670  INFO  manager.ListenerWD - After find elementBy.xpath: //input[@placeholder='Address']
16:36:07.821  INFO  manager.ListenerWD - Before find elementBy.xpath: //input[@placeholder='description']
16:36:07.836  INFO  manager.ListenerWD - After find elementBy.xpath: //input[@placeholder='description']
16:36:08.981  INFO  manager.ListenerWD - Before find elementBy.xpath: //div[@class='add_form__2rsm2']//button
16:36:08.993  INFO  manager.ListenerWD - After find elementBy.xpath: //div[@class='add_form__2rsm2']//button
16:36:09.029  INFO  manager.ListenerWD - Before find elementsBy.cssSelector: a.active[href='/add']
16:36:09.046  INFO  manager.ListenerWD - After find elementBy.cssSelector: a.active[href='/add']
16:36:09.046  INFO  manager.ListenerWD - List size is-->1
16:36:09.047  INFO  tests.TestBase - The name of starts method --->addNewContactWithoutAddress
16:36:09.048  INFO  manager.ListenerWD - Before find elementsBy.xpath: //button[text()='Sign Out']
16:36:09.061  INFO  manager.ListenerWD - After find elementBy.xpath: //button[text()='Sign Out']
16:36:09.061  INFO  manager.ListenerWD - List size is-->1
16:36:09.062  INFO  manager.ListenerWD - Before find elementBy.xpath: //a[@href='/add']
16:36:09.074  INFO  manager.ListenerWD - After find elementBy.xpath: //a[@href='/add']
16:36:09.104  INFO  manager.ListenerWD - Before find elementBy.xpath: //input[@placeholder='Name']
16:36:09.121  INFO  manager.ListenerWD - After find elementBy.xpath: //input[@placeholder='Name']
16:36:10.214  INFO  manager.ListenerWD - Have a 'problem'
16:36:10.215  INFO  manager.ListenerWD - ***************************************
16:36:10.215  INFO  manager.ListenerWD - Method methodsendKeys
16:36:10.215  INFO  manager.ListenerWD - ***************************************
16:36:10.215  INFO  manager.ListenerWD - ***************************************
16:36:10.217  INFO  manager.ListenerWD - InvocationTargetExceptionorg.openqa.selenium.UnhandledAlertException: unexpected alert open: {Alert text : Email not valid: must be a well-formed email address}
  (Session info: chrome=109.0.5414.120): Email not valid: must be a well-formed email address
Build info: version: '4.7.1', revision: 'c6795baf1a3'
System info: os.name: 'Windows 10', os.arch: 'amd64', os.version: '10.0', java.version: '11.0.17'
Driver info: org.openqa.selenium.chrome.ChromeDriver
Command: [46338d04b39ac6c8ef9eb211a5de81b0, sendKeysToElement {id=f2b3d449-d392-405b-8f34-8ab906a57f55, value=[Ljava.lang.CharSequence;@5a9840f3}]
Capabilities {acceptInsecureCerts: false, browserName: chrome, browserVersion: 109.0.5414.120, chrome: {chromedriverVersion: 109.0.5414.74 (e7c5703604da..., userDataDir: C:\Users\ALEKSA~1\AppData\L...}, goog:chromeOptions: {debuggerAddress: localhost:65520}, networkConnectionEnabled: false, pageLoadStrategy: normal, platformName: WINDOWS, proxy: Proxy(), se:cdp: ws://localhost:65520/devtoo..., se:cdpVersion: 109.0.5414.120, setWindowRect: true, strictFileInteractability: false, timeouts: {implicit: 0, pageLoad: 300000, script: 30000}, unhandledPromptBehavior: dismiss and notify, webauthn:extension:credBlob: true, webauthn:extension:largeBlob: true, webauthn:virtualAuthenticators: true}
Element: [[ChromeDriver: chrome on WINDOWS (46338d04b39ac6c8ef9eb211a5de81b0)] -> xpath: //input[@placeholder='Name']]
Session ID: 46338d04b39ac6c8ef9eb211a5de81b0
16:36:10.218  INFO  manager.ListenerWD - ***************************************
16:36:10.218  INFO  manager.ListenerWD - ***************************************
16:36:10.218  INFO  manager.ListenerWD - Object target[[ChromeDriver: chrome on WINDOWS (46338d04b39ac6c8ef9eb211a5de81b0)] -> xpath: //input[@placeholder='Name']]
16:36:10.218  INFO  manager.ListenerWD - ***************************************
16:36:11.125  INFO  manager.ListenerWD - Screen with error is--->src/test/screenshots/screen-757.png
16:36:11.315  INFO  tests.TestBase - The name of starts method --->addNewContactWithoutLastName
16:36:11.316  INFO  manager.ListenerWD - Before find elementsBy.xpath: //button[text()='Sign Out']
16:36:11.358  INFO  manager.ListenerWD - After find elementBy.xpath: //button[text()='Sign Out']
16:36:11.358  INFO  manager.ListenerWD - List size is-->1
16:36:11.359  INFO  manager.ListenerWD - Before find elementBy.xpath: //a[@href='/add']
16:36:11.439  INFO  manager.ListenerWD - After find elementBy.xpath: //a[@href='/add']
16:36:11.490  INFO  manager.ListenerWD - Before find elementBy.xpath: //input[@placeholder='Name']
16:36:11.506  INFO  manager.ListenerWD - After find elementBy.xpath: //input[@placeholder='Name']
16:36:12.681  INFO  manager.ListenerWD - Before find elementBy.xpath: //input[@placeholder='Last Name']
16:36:12.694  INFO  manager.ListenerWD - After find elementBy.xpath: //input[@placeholder='Last Name']
16:36:13.783  INFO  manager.ListenerWD - Before find elementBy.cssSelector: input[placeholder='Phone']
16:36:13.797  INFO  manager.ListenerWD - After find elementBy.cssSelector: input[placeholder='Phone']
16:36:14.916  INFO  manager.ListenerWD - Before find elementBy.xpath: //input[@placeholder='email']
16:36:14.931  INFO  manager.ListenerWD - After find elementBy.xpath: //input[@placeholder='email']
16:36:16.064  INFO  manager.ListenerWD - Before find elementBy.xpath: //input[@placeholder='Address']
16:36:16.077  INFO  manager.ListenerWD - After find elementBy.xpath: //input[@placeholder='Address']
16:36:17.196  INFO  manager.ListenerWD - Before find elementBy.xpath: //input[@placeholder='description']
16:36:17.211  INFO  manager.ListenerWD - After find elementBy.xpath: //input[@placeholder='description']
16:36:18.348  INFO  manager.ListenerWD - Before find elementBy.xpath: //div[@class='add_form__2rsm2']//button
16:36:18.362  INFO  manager.ListenerWD - After find elementBy.xpath: //div[@class='add_form__2rsm2']//button
16:36:18.389  INFO  manager.ListenerWD - Before find elementsBy.xpath: //input[@placeholder='Name']
16:36:18.410  INFO  manager.ListenerWD - After find elementBy.xpath: //input[@placeholder='Name']
16:36:18.410  INFO  manager.ListenerWD - List size is-->1
16:36:18.411  INFO  tests.TestBase - The name of starts method --->addNewContactWithoutName
16:36:18.412  INFO  manager.ListenerWD - Before find elementsBy.xpath: //button[text()='Sign Out']
16:36:18.427  INFO  manager.ListenerWD - After find elementBy.xpath: //button[text()='Sign Out']
16:36:18.428  INFO  manager.ListenerWD - List size is-->1
16:36:18.428  INFO  manager.ListenerWD - Before find elementBy.xpath: //a[@href='/add']
16:36:18.444  INFO  manager.ListenerWD - After find elementBy.xpath: //a[@href='/add']
16:36:18.486  INFO  manager.ListenerWD - Before find elementBy.xpath: //input[@placeholder='Name']
16:36:18.501  INFO  manager.ListenerWD - After find elementBy.xpath: //input[@placeholder='Name']
16:36:19.586  INFO  manager.ListenerWD - Before find elementBy.xpath: //input[@placeholder='Last Name']
16:36:19.601  INFO  manager.ListenerWD - After find elementBy.xpath: //input[@placeholder='Last Name']
16:36:20.718  INFO  manager.ListenerWD - Before find elementBy.cssSelector: input[placeholder='Phone']
16:36:20.733  INFO  manager.ListenerWD - After find elementBy.cssSelector: input[placeholder='Phone']
16:36:21.843  INFO  manager.ListenerWD - Before find elementBy.xpath: //input[@placeholder='email']
16:36:21.856  INFO  manager.ListenerWD - After find elementBy.xpath: //input[@placeholder='email']
16:36:22.988  INFO  manager.ListenerWD - Before find elementBy.xpath: //input[@placeholder='Address']
16:36:22.999  INFO  manager.ListenerWD - After find elementBy.xpath: //input[@placeholder='Address']
16:36:24.131  INFO  manager.ListenerWD - Before find elementBy.xpath: //input[@placeholder='description']
16:36:24.143  INFO  manager.ListenerWD - After find elementBy.xpath: //input[@placeholder='description']
16:36:25.421  INFO  manager.ListenerWD - Before find elementBy.xpath: //div[@class='add_form__2rsm2']//button
16:36:25.444  INFO  manager.ListenerWD - After find elementBy.xpath: //div[@class='add_form__2rsm2']//button
16:36:25.491  INFO  manager.ListenerWD - Before find elementsBy.xpath: //input[@placeholder='Name']
16:36:25.511  INFO  manager.ListenerWD - After find elementBy.xpath: //input[@placeholder='Name']
16:36:25.512  INFO  manager.ListenerWD - List size is-->1
