18:49:19.701  INFO  manager.ApplicationManager - All test start in Chrome Browser
18:49:21.478  INFO  manager.ApplicationManager - Current Url -->https://telranedu.web.app/home
18:49:21.535  INFO  tests.TestBase - The name of starts method --->addNewContactSuccessAllFields
18:49:21.578  INFO  manager.ListenerWD - Before find elementsBy.xpath: //button[text()='Sign Out']
18:49:26.653  INFO  manager.ListenerWD - After find elementBy.xpath: //button[text()='Sign Out']
18:49:26.657  INFO  manager.ListenerWD - List size is-->0
18:49:27.165  INFO  manager.ListenerWD - Before find elementBy.xpath: //a[@href='/login']
18:49:27.212  INFO  manager.ListenerWD - After find elementBy.xpath: //a[@href='/login']
18:49:27.796  INFO  manager.ListenerWD - Before find elementBy.name: email
18:49:27.824  INFO  manager.ListenerWD - After find elementBy.name: email
18:49:27.990  INFO  manager.ListenerWD - Before find elementBy.xpath: //input[position()=2]
18:49:28.018  INFO  manager.ListenerWD - After find elementBy.xpath: //input[position()=2]
18:49:28.680  INFO  manager.ListenerWD - Before find elementBy.xpath: //button[@name='login']
18:49:28.706  INFO  manager.ListenerWD - After find elementBy.xpath: //button[@name='login']
18:49:28.790  INFO  tests.TestBase - Test start with data: Contacts(name=Melafifon263, lastName=Green, phone=0562632569, email=melG263@gmail.com, address=Netanya, description=All fields)
18:49:28.792  INFO  manager.ListenerWD - Before find elementBy.xpath: //a[@href='/add']
18:49:29.762  INFO  manager.ListenerWD - After find elementBy.xpath: //a[@href='/add']
18:49:29.820  INFO  manager.ListenerWD - Before find elementBy.xpath: //input[@placeholder='Name']
18:49:29.852  INFO  manager.ListenerWD - After find elementBy.xpath: //input[@placeholder='Name']
18:49:29.996  INFO  manager.ListenerWD - Before find elementBy.xpath: //input[@placeholder='Last Name']
18:49:30.019  INFO  manager.ListenerWD - After find elementBy.xpath: //input[@placeholder='Last Name']
18:49:30.148  INFO  manager.ListenerWD - Before find elementBy.cssSelector: input[placeholder='Phone']
18:49:30.170  INFO  manager.ListenerWD - After find elementBy.cssSelector: input[placeholder='Phone']
18:49:30.299  INFO  manager.ListenerWD - Before find elementBy.xpath: //input[@placeholder='email']
18:49:30.326  INFO  manager.ListenerWD - After find elementBy.xpath: //input[@placeholder='email']
18:49:30.472  INFO  manager.ListenerWD - Before find elementBy.xpath: //input[@placeholder='Address']
18:49:30.495  INFO  manager.ListenerWD - After find elementBy.xpath: //input[@placeholder='Address']
18:49:30.636  INFO  manager.ListenerWD - Before find elementBy.xpath: //input[@placeholder='description']
18:49:30.659  INFO  manager.ListenerWD - After find elementBy.xpath: //input[@placeholder='description']
18:49:30.797  INFO  manager.ListenerWD - Before find elementBy.xpath: //div[@class='add_form__2rsm2']//button
18:49:30.819  INFO  manager.ListenerWD - After find elementBy.xpath: //div[@class='add_form__2rsm2']//button
18:49:30.864  INFO  tests.TestBase - The name of starts method --->addNewContactSuccessRequiredFields
18:49:30.865  INFO  manager.ListenerWD - Before find elementsBy.xpath: //button[text()='Sign Out']
18:49:30.884  INFO  manager.ListenerWD - After find elementBy.xpath: //button[text()='Sign Out']
18:49:30.885  INFO  manager.ListenerWD - List size is-->1
18:49:30.886  INFO  manager.ListenerWD - Before find elementBy.xpath: //a[@href='/add']
18:49:30.905  INFO  manager.ListenerWD - After find elementBy.xpath: //a[@href='/add']
18:49:31.946  INFO  manager.ListenerWD - Before find elementBy.xpath: //input[@placeholder='Name']
18:49:36.988  INFO  manager.ListenerWD - Have a 'problem'
18:49:36.988  INFO  manager.ListenerWD - ***************************************
18:49:36.989  INFO  manager.ListenerWD - Method methodfindElement
18:49:36.989  INFO  manager.ListenerWD - ***************************************
18:49:36.989  INFO  manager.ListenerWD - ***************************************
18:49:36.991  INFO  manager.ListenerWD - InvocationTargetExceptionorg.openqa.selenium.NoSuchElementException: no such element: Unable to locate element: {"method":"xpath","selector":"//input[@placeholder='Name']"}
  (Session info: chrome=109.0.5414.120)
For documentation on this error, please visit: https://selenium.dev/exceptions/#no_such_element
Build info: version: '4.7.1', revision: 'c6795baf1a3'
System info: os.name: 'Windows 10', os.arch: 'amd64', os.version: '10.0', java.version: '11.0.17'
Driver info: org.openqa.selenium.chrome.ChromeDriver
Command: [b5d656ddd36923a4ee7b5ba8bc5b358e, findElement {using=xpath, value=//input[@placeholder='Name']}]
Capabilities {acceptInsecureCerts: false, browserName: chrome, browserVersion: 109.0.5414.120, chrome: {chromedriverVersion: 109.0.5414.74 (e7c5703604da..., userDataDir: C:\Users\ALEKSA~1\AppData\L...}, goog:chromeOptions: {debuggerAddress: localhost:64285}, networkConnectionEnabled: false, pageLoadStrategy: normal, platformName: WINDOWS, proxy: Proxy(), se:cdp: ws://localhost:64285/devtoo..., se:cdpVersion: 109.0.5414.120, setWindowRect: true, strictFileInteractability: false, timeouts: {implicit: 0, pageLoad: 300000, script: 30000}, unhandledPromptBehavior: dismiss and notify, webauthn:extension:credBlob: true, webauthn:extension:largeBlob: true, webauthn:virtualAuthenticators: true}
Session ID: b5d656ddd36923a4ee7b5ba8bc5b358e
18:49:36.992  INFO  manager.ListenerWD - ***************************************
18:49:36.992  INFO  manager.ListenerWD - ***************************************
18:49:36.993  INFO  manager.ListenerWD - Object targetChromeDriver: chrome on WINDOWS (b5d656ddd36923a4ee7b5ba8bc5b358e)
18:49:36.993  INFO  manager.ListenerWD - ***************************************
18:49:36.993  INFO  manager.ListenerWD - Screen with error is--->src/test/screenshots/screen-38.png
18:49:37.459  INFO  tests.TestBase - The name of starts method --->addNewContactWithWrongMail
18:49:37.460  INFO  manager.ListenerWD - Before find elementsBy.xpath: //button[text()='Sign Out']
18:49:37.489  INFO  manager.ListenerWD - After find elementBy.xpath: //button[text()='Sign Out']
18:49:37.489  INFO  manager.ListenerWD - List size is-->1
18:49:37.490  INFO  manager.ListenerWD - Before find elementBy.xpath: //a[@href='/add']
18:49:37.542  INFO  manager.ListenerWD - After find elementBy.xpath: //a[@href='/add']
18:49:37.587  INFO  manager.ListenerWD - Before find elementBy.xpath: //input[@placeholder='Name']
18:49:37.612  INFO  manager.ListenerWD - After find elementBy.xpath: //input[@placeholder='Name']
18:49:37.736  INFO  manager.ListenerWD - Before find elementBy.xpath: //input[@placeholder='Last Name']
18:49:37.755  INFO  manager.ListenerWD - After find elementBy.xpath: //input[@placeholder='Last Name']
18:49:37.885  INFO  manager.ListenerWD - Before find elementBy.cssSelector: input[placeholder='Phone']
18:49:37.903  INFO  manager.ListenerWD - After find elementBy.cssSelector: input[placeholder='Phone']
18:49:38.024  INFO  manager.ListenerWD - Before find elementBy.xpath: //input[@placeholder='email']
18:49:38.040  INFO  manager.ListenerWD - After find elementBy.xpath: //input[@placeholder='email']
18:49:38.184  INFO  manager.ListenerWD - Before find elementBy.xpath: //input[@placeholder='Address']
18:49:38.201  INFO  manager.ListenerWD - After find elementBy.xpath: //input[@placeholder='Address']
18:49:38.324  INFO  manager.ListenerWD - Before find elementBy.xpath: //input[@placeholder='description']
18:49:38.340  INFO  manager.ListenerWD - After find elementBy.xpath: //input[@placeholder='description']
18:49:38.463  INFO  manager.ListenerWD - Before find elementBy.xpath: //div[@class='add_form__2rsm2']//button
18:49:38.483  INFO  manager.ListenerWD - After find elementBy.xpath: //div[@class='add_form__2rsm2']//button
18:49:38.522  INFO  manager.ListenerWD - Before find elementsBy.cssSelector: a.active[href='/add']
18:49:38.547  INFO  manager.ListenerWD - After find elementBy.cssSelector: a.active[href='/add']
18:49:38.547  INFO  manager.ListenerWD - List size is-->1
18:49:38.551  INFO  tests.TestBase - The name of starts method --->addNewContactWithWrongPhone
18:49:38.554  INFO  manager.ListenerWD - Before find elementsBy.xpath: //button[text()='Sign Out']
18:49:38.571  INFO  manager.ListenerWD - After find elementBy.xpath: //button[text()='Sign Out']
18:49:38.571  INFO  manager.ListenerWD - List size is-->1
18:49:38.572  INFO  manager.ListenerWD - Before find elementBy.xpath: //a[@href='/add']
18:49:38.607  INFO  manager.ListenerWD - After find elementBy.xpath: //a[@href='/add']
18:49:38.637  INFO  manager.ListenerWD - Before find elementBy.xpath: //input[@placeholder='Name']
18:49:38.656  INFO  manager.ListenerWD - After find elementBy.xpath: //input[@placeholder='Name']
18:49:38.748  INFO  manager.ListenerWD - Have a 'problem'
18:49:38.748  INFO  manager.ListenerWD - ***************************************
18:49:38.748  INFO  manager.ListenerWD - Method methodsendKeys
18:49:38.749  INFO  manager.ListenerWD - ***************************************
18:49:38.749  INFO  manager.ListenerWD - ***************************************
18:49:38.749  INFO  manager.ListenerWD - InvocationTargetExceptionorg.openqa.selenium.ElementNotInteractableException: element not interactable
  (Session info: chrome=109.0.5414.120)
Build info: version: '4.7.1', revision: 'c6795baf1a3'
System info: os.name: 'Windows 10', os.arch: 'amd64', os.version: '10.0', java.version: '11.0.17'
Driver info: org.openqa.selenium.chrome.ChromeDriver
Command: [b5d656ddd36923a4ee7b5ba8bc5b358e, sendKeysToElement {id=d4f6f8f7-f33b-40df-a531-4a89790fa159, value=[Ljava.lang.CharSequence;@4c531172}]
Capabilities {acceptInsecureCerts: false, browserName: chrome, browserVersion: 109.0.5414.120, chrome: {chromedriverVersion: 109.0.5414.74 (e7c5703604da..., userDataDir: C:\Users\ALEKSA~1\AppData\L...}, goog:chromeOptions: {debuggerAddress: localhost:64285}, networkConnectionEnabled: false, pageLoadStrategy: normal, platformName: WINDOWS, proxy: Proxy(), se:cdp: ws://localhost:64285/devtoo..., se:cdpVersion: 109.0.5414.120, setWindowRect: true, strictFileInteractability: false, timeouts: {implicit: 0, pageLoad: 300000, script: 30000}, unhandledPromptBehavior: dismiss and notify, webauthn:extension:credBlob: true, webauthn:extension:largeBlob: true, webauthn:virtualAuthenticators: true}
Element: [[ChromeDriver: chrome on WINDOWS (b5d656ddd36923a4ee7b5ba8bc5b358e)] -> xpath: //input[@placeholder='Name']]
Session ID: b5d656ddd36923a4ee7b5ba8bc5b358e
18:49:38.749  INFO  manager.ListenerWD - ***************************************
18:49:38.750  INFO  manager.ListenerWD - ***************************************
18:49:38.750  INFO  manager.ListenerWD - Object target[[ChromeDriver: chrome on WINDOWS (b5d656ddd36923a4ee7b5ba8bc5b358e)] -> xpath: //input[@placeholder='Name']]
18:49:38.750  INFO  manager.ListenerWD - ***************************************
18:49:38.758  INFO  tests.TestBase - The name of starts method --->addNewContactWithoutAddress
18:49:38.759  INFO  manager.ListenerWD - Before find elementsBy.xpath: //button[text()='Sign Out']
18:49:38.785  INFO  manager.ListenerWD - After find elementBy.xpath: //button[text()='Sign Out']
18:49:38.785  INFO  manager.ListenerWD - List size is-->1
18:49:38.786  INFO  manager.ListenerWD - Before find elementBy.xpath: //a[@href='/add']
18:49:38.810  INFO  manager.ListenerWD - After find elementBy.xpath: //a[@href='/add']
18:49:38.849  INFO  manager.ListenerWD - Before find elementBy.xpath: //input[@placeholder='Name']
18:49:38.874  INFO  manager.ListenerWD - After find elementBy.xpath: //input[@placeholder='Name']
18:49:39.007  INFO  manager.ListenerWD - Before find elementBy.xpath: //input[@placeholder='Last Name']
18:49:39.024  INFO  manager.ListenerWD - After find elementBy.xpath: //input[@placeholder='Last Name']
18:49:39.134  INFO  manager.ListenerWD - Before find elementBy.cssSelector: input[placeholder='Phone']
18:49:39.152  INFO  manager.ListenerWD - After find elementBy.cssSelector: input[placeholder='Phone']
18:49:39.295  INFO  manager.ListenerWD - Before find elementBy.xpath: //input[@placeholder='email']
18:49:39.310  INFO  manager.ListenerWD - After find elementBy.xpath: //input[@placeholder='email']
18:49:39.449  INFO  manager.ListenerWD - Before find elementBy.xpath: //input[@placeholder='Address']
18:49:39.464  INFO  manager.ListenerWD - After find elementBy.xpath: //input[@placeholder='Address']
18:49:39.551  INFO  manager.ListenerWD - Before find elementBy.xpath: //input[@placeholder='description']
18:49:39.565  INFO  manager.ListenerWD - After find elementBy.xpath: //input[@placeholder='description']
18:49:39.699  INFO  manager.ListenerWD - Before find elementBy.xpath: //div[@class='add_form__2rsm2']//button
18:49:39.714  INFO  manager.ListenerWD - After find elementBy.xpath: //div[@class='add_form__2rsm2']//button
18:49:39.751  INFO  manager.ListenerWD - Before find elementsBy.xpath: //input[@placeholder='Name']
18:49:39.771  INFO  manager.ListenerWD - After find elementBy.xpath: //input[@placeholder='Name']
18:49:39.772  INFO  manager.ListenerWD - List size is-->1
18:49:39.773  INFO  tests.TestBase - The name of starts method --->addNewContactWithoutLastName
18:49:39.773  INFO  manager.ListenerWD - Before find elementsBy.xpath: //button[text()='Sign Out']
18:49:39.788  INFO  manager.ListenerWD - After find elementBy.xpath: //button[text()='Sign Out']
18:49:39.788  INFO  manager.ListenerWD - List size is-->1
18:49:39.788  INFO  manager.ListenerWD - Before find elementBy.xpath: //a[@href='/add']
18:49:39.803  INFO  manager.ListenerWD - After find elementBy.xpath: //a[@href='/add']
18:49:39.831  INFO  manager.ListenerWD - Before find elementBy.xpath: //input[@placeholder='Name']
18:49:39.848  INFO  manager.ListenerWD - After find elementBy.xpath: //input[@placeholder='Name']
18:49:39.963  INFO  manager.ListenerWD - Before find elementBy.xpath: //input[@placeholder='Last Name']
18:49:39.976  INFO  manager.ListenerWD - After find elementBy.xpath: //input[@placeholder='Last Name']
18:49:40.054  INFO  manager.ListenerWD - Before find elementBy.cssSelector: input[placeholder='Phone']
18:49:40.070  INFO  manager.ListenerWD - After find elementBy.cssSelector: input[placeholder='Phone']
18:49:40.189  INFO  manager.ListenerWD - Before find elementBy.xpath: //input[@placeholder='email']
18:49:40.205  INFO  manager.ListenerWD - After find elementBy.xpath: //input[@placeholder='email']
18:49:40.326  INFO  manager.ListenerWD - Before find elementBy.xpath: //input[@placeholder='Address']
18:49:40.341  INFO  manager.ListenerWD - After find elementBy.xpath: //input[@placeholder='Address']
18:49:40.445  INFO  manager.ListenerWD - Before find elementBy.xpath: //input[@placeholder='description']
18:49:40.459  INFO  manager.ListenerWD - After find elementBy.xpath: //input[@placeholder='description']
18:49:40.588  INFO  manager.ListenerWD - Before find elementBy.xpath: //div[@class='add_form__2rsm2']//button
18:49:40.603  INFO  manager.ListenerWD - After find elementBy.xpath: //div[@class='add_form__2rsm2']//button
18:49:40.630  INFO  manager.ListenerWD - Before find elementsBy.xpath: //input[@placeholder='Name']
18:49:40.646  INFO  manager.ListenerWD - After find elementBy.xpath: //input[@placeholder='Name']
18:49:40.646  INFO  manager.ListenerWD - List size is-->1
18:49:40.648  INFO  tests.TestBase - The name of starts method --->addNewContactWithoutName
18:49:40.649  INFO  manager.ListenerWD - Before find elementsBy.xpath: //button[text()='Sign Out']
18:49:40.661  INFO  manager.ListenerWD - After find elementBy.xpath: //button[text()='Sign Out']
18:49:40.661  INFO  manager.ListenerWD - List size is-->1
18:49:40.662  INFO  manager.ListenerWD - Before find elementBy.xpath: //a[@href='/add']
18:49:40.675  INFO  manager.ListenerWD - After find elementBy.xpath: //a[@href='/add']
18:49:40.698  INFO  manager.ListenerWD - Before find elementBy.xpath: //input[@placeholder='Name']
18:49:40.713  INFO  manager.ListenerWD - After find elementBy.xpath: //input[@placeholder='Name']
18:49:40.791  INFO  manager.ListenerWD - Before find elementBy.xpath: //input[@placeholder='Last Name']
18:49:40.807  INFO  manager.ListenerWD - After find elementBy.xpath: //input[@placeholder='Last Name']
18:49:40.908  INFO  manager.ListenerWD - Before find elementBy.cssSelector: input[placeholder='Phone']
18:49:40.922  INFO  manager.ListenerWD - After find elementBy.cssSelector: input[placeholder='Phone']
18:49:41.033  INFO  manager.ListenerWD - Before find elementBy.xpath: //input[@placeholder='email']
18:49:41.048  INFO  manager.ListenerWD - After find elementBy.xpath: //input[@placeholder='email']
18:49:41.171  INFO  manager.ListenerWD - Before find elementBy.xpath: //input[@placeholder='Address']
18:49:41.185  INFO  manager.ListenerWD - After find elementBy.xpath: //input[@placeholder='Address']
18:49:41.294  INFO  manager.ListenerWD - Before find elementBy.xpath: //input[@placeholder='description']
18:49:41.307  INFO  manager.ListenerWD - After find elementBy.xpath: //input[@placeholder='description']
18:49:41.421  INFO  manager.ListenerWD - Before find elementBy.xpath: //div[@class='add_form__2rsm2']//button
18:49:41.436  INFO  manager.ListenerWD - After find elementBy.xpath: //div[@class='add_form__2rsm2']//button
18:49:41.459  INFO  manager.ListenerWD - Before find elementsBy.xpath: //input[@placeholder='Name']
18:49:41.475  INFO  manager.ListenerWD - After find elementBy.xpath: //input[@placeholder='Name']
18:49:41.475  INFO  manager.ListenerWD - List size is-->1
18:49:41.479  INFO  tests.TestBase - The name of starts method --->registrationSuccess
18:49:41.480  INFO  manager.ListenerWD - Before find elementsBy.xpath: //button[text()='Sign Out']
18:49:41.495  INFO  manager.ListenerWD - After find elementBy.xpath: //button[text()='Sign Out']
18:49:41.496  INFO  manager.ListenerWD - List size is-->1
18:49:41.496  INFO  manager.ListenerWD - Before find elementBy.xpath: //button[text()='Sign Out']
18:49:41.516  INFO  manager.ListenerWD - After find elementBy.xpath: //button[text()='Sign Out']
18:49:41.562  INFO  manager.ListenerWD - Before find elementBy.xpath: //a[@href='/login']
18:49:41.578  INFO  manager.ListenerWD - After find elementBy.xpath: //a[@href='/login']
18:49:41.612  INFO  manager.ListenerWD - Before find elementBy.name: email
18:49:41.625  INFO  manager.ListenerWD - After find elementBy.name: email
18:49:41.772  INFO  manager.ListenerWD - Before find elementBy.xpath: //input[position()=2]
18:49:41.791  INFO  manager.ListenerWD - After find elementBy.xpath: //input[position()=2]
18:49:41.943  INFO  manager.ListenerWD - Before find elementBy.xpath: //button[starts-with(text(),'Registration')]
18:49:41.962  INFO  manager.ListenerWD - After find elementBy.xpath: //button[starts-with(text(),'Registration')]
18:49:42.011  INFO  tests.TestBase - The name of starts method --->registrationUserAlreadyExist
18:49:42.012  INFO  manager.ListenerWD - Before find elementsBy.xpath: //button[text()='Sign Out']
18:49:42.512  INFO  manager.ListenerWD - After find elementBy.xpath: //button[text()='Sign Out']
18:49:42.512  INFO  manager.ListenerWD - List size is-->1
18:49:42.512  INFO  manager.ListenerWD - Before find elementBy.xpath: //button[text()='Sign Out']
18:49:42.525  INFO  manager.ListenerWD - After find elementBy.xpath: //button[text()='Sign Out']
18:49:42.571  INFO  manager.ListenerWD - Before find elementBy.xpath: //a[@href='/login']
18:49:42.588  INFO  manager.ListenerWD - After find elementBy.xpath: //a[@href='/login']
18:49:42.627  INFO  manager.ListenerWD - Before find elementBy.name: email
18:49:42.641  INFO  manager.ListenerWD - After find elementBy.name: email
18:49:42.782  INFO  manager.ListenerWD - Before find elementBy.xpath: //input[position()=2]
18:49:42.800  INFO  manager.ListenerWD - After find elementBy.xpath: //input[position()=2]
18:49:42.953  INFO  manager.ListenerWD - Before find elementBy.xpath: //button[starts-with(text(),'Registration')]
18:49:42.967  INFO  manager.ListenerWD - After find elementBy.xpath: //button[starts-with(text(),'Registration')]
18:49:43.026  INFO  manager.ListenerWD - Have a 'problem'
18:49:43.026  INFO  manager.ListenerWD - ***************************************
18:49:43.027  INFO  manager.ListenerWD - Method methodalert
18:49:43.027  INFO  manager.ListenerWD - ***************************************
18:49:43.027  INFO  manager.ListenerWD - ***************************************
18:49:43.027  INFO  manager.ListenerWD - InvocationTargetExceptionorg.openqa.selenium.NoAlertPresentException: no such alert
  (Session info: chrome=109.0.5414.120)
Build info: version: '4.7.1', revision: 'c6795baf1a3'
System info: os.name: 'Windows 10', os.arch: 'amd64', os.version: '10.0', java.version: '11.0.17'
Driver info: org.openqa.selenium.chrome.ChromeDriver
Command: [b5d656ddd36923a4ee7b5ba8bc5b358e, getAlertText {}]
Capabilities {acceptInsecureCerts: false, browserName: chrome, browserVersion: 109.0.5414.120, chrome: {chromedriverVersion: 109.0.5414.74 (e7c5703604da..., userDataDir: C:\Users\ALEKSA~1\AppData\L...}, goog:chromeOptions: {debuggerAddress: localhost:64285}, networkConnectionEnabled: false, pageLoadStrategy: normal, platformName: WINDOWS, proxy: Proxy(), se:cdp: ws://localhost:64285/devtoo..., se:cdpVersion: 109.0.5414.120, setWindowRect: true, strictFileInteractability: false, timeouts: {implicit: 0, pageLoad: 300000, script: 30000}, unhandledPromptBehavior: dismiss and notify, webauthn:extension:credBlob: true, webauthn:extension:largeBlob: true, webauthn:virtualAuthenticators: true}
Session ID: b5d656ddd36923a4ee7b5ba8bc5b358e
18:49:43.027  INFO  manager.ListenerWD - ***************************************
18:49:43.027  INFO  manager.ListenerWD - ***************************************
18:49:43.027  INFO  manager.ListenerWD - Object targetorg.openqa.selenium.remote.RemoteWebDriver$RemoteTargetLocator@713999c2
18:49:43.027  INFO  manager.ListenerWD - ***************************************
18:49:43.614  INFO  tests.TestBase - The name of starts method --->registrationWrongEmail
18:49:43.616  INFO  manager.ListenerWD - Before find elementsBy.xpath: //button[text()='Sign Out']
18:49:48.711  INFO  manager.ListenerWD - After find elementBy.xpath: //button[text()='Sign Out']
18:49:48.712  INFO  manager.ListenerWD - List size is-->0
18:49:48.713  INFO  manager.ListenerWD - Before find elementBy.xpath: //a[@href='/login']
18:49:48.728  INFO  manager.ListenerWD - After find elementBy.xpath: //a[@href='/login']
18:49:48.757  INFO  manager.ListenerWD - Before find elementBy.name: email
18:49:48.773  INFO  manager.ListenerWD - After find elementBy.name: email
18:49:48.912  INFO  manager.ListenerWD - Before find elementBy.xpath: //input[position()=2]
18:49:48.926  INFO  manager.ListenerWD - After find elementBy.xpath: //input[position()=2]
18:49:49.057  INFO  manager.ListenerWD - Before find elementBy.xpath: //button[starts-with(text(),'Registration')]
18:49:49.070  INFO  manager.ListenerWD - After find elementBy.xpath: //button[starts-with(text(),'Registration')]
18:49:49.115  INFO  manager.ListenerWD - Have a 'problem'
18:49:49.115  INFO  manager.ListenerWD - ***************************************
18:49:49.115  INFO  manager.ListenerWD - Method methodalert
18:49:49.115  INFO  manager.ListenerWD - ***************************************
18:49:49.115  INFO  manager.ListenerWD - ***************************************
18:49:49.116  INFO  manager.ListenerWD - InvocationTargetExceptionorg.openqa.selenium.NoAlertPresentException: no such alert
  (Session info: chrome=109.0.5414.120)
Build info: version: '4.7.1', revision: 'c6795baf1a3'
System info: os.name: 'Windows 10', os.arch: 'amd64', os.version: '10.0', java.version: '11.0.17'
Driver info: org.openqa.selenium.chrome.ChromeDriver
Command: [b5d656ddd36923a4ee7b5ba8bc5b358e, getAlertText {}]
Capabilities {acceptInsecureCerts: false, browserName: chrome, browserVersion: 109.0.5414.120, chrome: {chromedriverVersion: 109.0.5414.74 (e7c5703604da..., userDataDir: C:\Users\ALEKSA~1\AppData\L...}, goog:chromeOptions: {debuggerAddress: localhost:64285}, networkConnectionEnabled: false, pageLoadStrategy: normal, platformName: WINDOWS, proxy: Proxy(), se:cdp: ws://localhost:64285/devtoo..., se:cdpVersion: 109.0.5414.120, setWindowRect: true, strictFileInteractability: false, timeouts: {implicit: 0, pageLoad: 300000, script: 30000}, unhandledPromptBehavior: dismiss and notify, webauthn:extension:credBlob: true, webauthn:extension:largeBlob: true, webauthn:virtualAuthenticators: true}
Session ID: b5d656ddd36923a4ee7b5ba8bc5b358e
18:49:49.116  INFO  manager.ListenerWD - ***************************************
18:49:49.116  INFO  manager.ListenerWD - ***************************************
18:49:49.116  INFO  manager.ListenerWD - Object targetorg.openqa.selenium.remote.RemoteWebDriver$RemoteTargetLocator@73aaec54
18:49:49.116  INFO  manager.ListenerWD - ***************************************
18:49:49.664  INFO  tests.TestBase - The name of starts method --->registrationWrongPassword
18:49:49.668  INFO  manager.ListenerWD - Before find elementsBy.xpath: //button[text()='Sign Out']
18:49:54.714  INFO  manager.ListenerWD - After find elementBy.xpath: //button[text()='Sign Out']
18:49:54.714  INFO  manager.ListenerWD - List size is-->0
18:49:54.716  INFO  manager.ListenerWD - Before find elementBy.xpath: //a[@href='/login']
18:49:54.732  INFO  manager.ListenerWD - After find elementBy.xpath: //a[@href='/login']
18:49:54.760  INFO  manager.ListenerWD - Before find elementBy.name: email
18:49:54.777  INFO  manager.ListenerWD - After find elementBy.name: email
18:49:54.914  INFO  manager.ListenerWD - Before find elementBy.xpath: //input[position()=2]
18:49:54.944  INFO  manager.ListenerWD - After find elementBy.xpath: //input[position()=2]
18:49:55.060  INFO  manager.ListenerWD - Before find elementBy.xpath: //button[starts-with(text(),'Registration')]
18:49:55.076  INFO  manager.ListenerWD - After find elementBy.xpath: //button[starts-with(text(),'Registration')]
18:49:55.123  INFO  manager.ListenerWD - Have a 'problem'
18:49:55.123  INFO  manager.ListenerWD - ***************************************
18:49:55.123  INFO  manager.ListenerWD - Method methodalert
18:49:55.124  INFO  manager.ListenerWD - ***************************************
18:49:55.124  INFO  manager.ListenerWD - ***************************************
18:49:55.124  INFO  manager.ListenerWD - InvocationTargetExceptionorg.openqa.selenium.NoAlertPresentException: no such alert
  (Session info: chrome=109.0.5414.120)
Build info: version: '4.7.1', revision: 'c6795baf1a3'
System info: os.name: 'Windows 10', os.arch: 'amd64', os.version: '10.0', java.version: '11.0.17'
Driver info: org.openqa.selenium.chrome.ChromeDriver
Command: [b5d656ddd36923a4ee7b5ba8bc5b358e, getAlertText {}]
Capabilities {acceptInsecureCerts: false, browserName: chrome, browserVersion: 109.0.5414.120, chrome: {chromedriverVersion: 109.0.5414.74 (e7c5703604da..., userDataDir: C:\Users\ALEKSA~1\AppData\L...}, goog:chromeOptions: {debuggerAddress: localhost:64285}, networkConnectionEnabled: false, pageLoadStrategy: normal, platformName: WINDOWS, proxy: Proxy(), se:cdp: ws://localhost:64285/devtoo..., se:cdpVersion: 109.0.5414.120, setWindowRect: true, strictFileInteractability: false, timeouts: {implicit: 0, pageLoad: 300000, script: 30000}, unhandledPromptBehavior: dismiss and notify, webauthn:extension:credBlob: true, webauthn:extension:largeBlob: true, webauthn:virtualAuthenticators: true}
Session ID: b5d656ddd36923a4ee7b5ba8bc5b358e
18:49:55.124  INFO  manager.ListenerWD - ***************************************
18:49:55.124  INFO  manager.ListenerWD - ***************************************
18:49:55.124  INFO  manager.ListenerWD - Object targetorg.openqa.selenium.remote.RemoteWebDriver$RemoteTargetLocator@71dd4624
18:49:55.124  INFO  manager.ListenerWD - ***************************************
18:49:55.692  INFO  tests.TestBase - The name of starts method --->loginSuccess
18:49:55.693  INFO  manager.ListenerWD - Before find elementsBy.xpath: //button[text()='Sign Out']
18:50:00.743  INFO  manager.ListenerWD - After find elementBy.xpath: //button[text()='Sign Out']
18:50:00.743  INFO  manager.ListenerWD - List size is-->0
18:50:00.754  INFO  tests.TestBase - Login with valid data: email: benb@gmail.com password: Beny$123456
18:50:00.755  INFO  manager.ListenerWD - Before find elementBy.xpath: //a[@href='/login']
18:50:00.768  INFO  manager.ListenerWD - After find elementBy.xpath: //a[@href='/login']
18:50:00.795  INFO  manager.ListenerWD - Before find elementBy.name: email
18:50:00.810  INFO  manager.ListenerWD - After find elementBy.name: email
18:50:00.944  INFO  manager.ListenerWD - Before find elementBy.xpath: //input[position()=2]
18:50:00.960  INFO  manager.ListenerWD - After find elementBy.xpath: //input[position()=2]
18:50:01.105  INFO  manager.ListenerWD - Before find elementBy.xpath: //button[@name='login']
18:50:01.125  INFO  manager.ListenerWD - After find elementBy.xpath: //button[@name='login']
18:50:01.168  INFO  manager.ListenerWD - Before find elementsBy.xpath: //button[text()='Sign Out']
18:50:01.450  INFO  manager.ListenerWD - After find elementBy.xpath: //button[text()='Sign Out']
18:50:01.450  INFO  manager.ListenerWD - List size is-->1
18:50:01.450  INFO  tests.TestBase - Test success
18:50:01.451  INFO  tests.TestBase - The name of starts method --->loginSuccess
18:50:01.452  INFO  manager.ListenerWD - Before find elementsBy.xpath: //button[text()='Sign Out']
18:50:01.464  INFO  manager.ListenerWD - After find elementBy.xpath: //button[text()='Sign Out']
18:50:01.465  INFO  manager.ListenerWD - List size is-->1
18:50:01.465  INFO  manager.ListenerWD - Before find elementBy.xpath: //button[text()='Sign Out']
18:50:01.479  INFO  manager.ListenerWD - After find elementBy.xpath: //button[text()='Sign Out']
18:50:01.520  INFO  tests.TestBase - I need logout
18:50:01.521  INFO  tests.TestBase - Login with valid data: email: ili@gmail.com password: IliB$123456
18:50:01.522  INFO  manager.ListenerWD - Before find elementBy.xpath: //a[@href='/login']
18:50:01.538  INFO  manager.ListenerWD - After find elementBy.xpath: //a[@href='/login']
18:50:01.575  INFO  manager.ListenerWD - Before find elementBy.name: email
18:50:01.589  INFO  manager.ListenerWD - After find elementBy.name: email
18:50:01.728  INFO  manager.ListenerWD - Before find elementBy.xpath: //input[position()=2]
18:50:01.743  INFO  manager.ListenerWD - After find elementBy.xpath: //input[position()=2]
18:50:01.884  INFO  manager.ListenerWD - Before find elementBy.xpath: //button[@name='login']
18:50:01.900  INFO  manager.ListenerWD - After find elementBy.xpath: //button[@name='login']
18:50:01.940  INFO  manager.ListenerWD - Before find elementsBy.xpath: //button[text()='Sign Out']
18:50:02.263  INFO  manager.ListenerWD - After find elementBy.xpath: //button[text()='Sign Out']
18:50:02.263  INFO  manager.ListenerWD - List size is-->1
18:50:02.263  INFO  tests.TestBase - Test success
18:50:02.265  INFO  tests.TestBase - The name of starts method --->loginSuccess
18:50:02.266  INFO  manager.ListenerWD - Before find elementsBy.xpath: //button[text()='Sign Out']
18:50:02.281  INFO  manager.ListenerWD - After find elementBy.xpath: //button[text()='Sign Out']
18:50:02.281  INFO  manager.ListenerWD - List size is-->1
18:50:02.281  INFO  manager.ListenerWD - Before find elementBy.xpath: //button[text()='Sign Out']
18:50:02.293  INFO  manager.ListenerWD - After find elementBy.xpath: //button[text()='Sign Out']
18:50:02.336  INFO  tests.TestBase - I need logout
18:50:02.337  INFO  tests.TestBase - Login with valid data: email: benb@gmail.com password: Beny$123456
18:50:02.337  INFO  manager.ListenerWD - Before find elementBy.xpath: //a[@href='/login']
18:50:02.354  INFO  manager.ListenerWD - After find elementBy.xpath: //a[@href='/login']
18:50:02.395  INFO  manager.ListenerWD - Before find elementBy.name: email
18:50:02.410  INFO  manager.ListenerWD - After find elementBy.name: email
18:50:02.555  INFO  manager.ListenerWD - Before find elementBy.xpath: //input[position()=2]
18:50:02.569  INFO  manager.ListenerWD - After find elementBy.xpath: //input[position()=2]
18:50:02.716  INFO  manager.ListenerWD - Before find elementBy.xpath: //button[@name='login']
18:50:02.729  INFO  manager.ListenerWD - After find elementBy.xpath: //button[@name='login']
18:50:02.775  INFO  manager.ListenerWD - Before find elementsBy.xpath: //button[text()='Sign Out']
18:50:03.055  INFO  manager.ListenerWD - After find elementBy.xpath: //button[text()='Sign Out']
18:50:03.055  INFO  manager.ListenerWD - List size is-->1
18:50:03.055  INFO  tests.TestBase - Test success
18:50:03.057  INFO  tests.TestBase - The name of starts method --->loginSuccess2
18:50:03.057  INFO  manager.ListenerWD - Before find elementsBy.xpath: //button[text()='Sign Out']
18:50:03.072  INFO  manager.ListenerWD - After find elementBy.xpath: //button[text()='Sign Out']
18:50:03.072  INFO  manager.ListenerWD - List size is-->1
18:50:03.073  INFO  manager.ListenerWD - Before find elementBy.xpath: //button[text()='Sign Out']
18:50:03.085  INFO  manager.ListenerWD - After find elementBy.xpath: //button[text()='Sign Out']
18:50:03.126  INFO  tests.TestBase - I need logout
18:50:03.127  INFO  tests.TestBase - Login with valid data: email: benb@gmail.com password: Beny$123456
18:50:03.127  INFO  manager.ListenerWD - Before find elementBy.xpath: //a[@href='/login']
18:50:03.143  INFO  manager.ListenerWD - After find elementBy.xpath: //a[@href='/login']
18:50:03.181  INFO  manager.ListenerWD - Before find elementBy.name: email
18:50:03.193  INFO  manager.ListenerWD - After find elementBy.name: email
18:50:03.342  INFO  manager.ListenerWD - Before find elementBy.xpath: //input[position()=2]
18:50:03.356  INFO  manager.ListenerWD - After find elementBy.xpath: //input[position()=2]
18:50:03.504  INFO  manager.ListenerWD - Before find elementBy.xpath: //button[@name='login']
18:50:03.521  INFO  manager.ListenerWD - After find elementBy.xpath: //button[@name='login']
18:50:03.565  INFO  tests.TestBase - Test success
18:50:03.567  INFO  tests.TestBase - The name of starts method --->loginSuccess2
18:50:03.568  INFO  manager.ListenerWD - Before find elementsBy.xpath: //button[text()='Sign Out']
18:50:03.881  INFO  manager.ListenerWD - After find elementBy.xpath: //button[text()='Sign Out']
18:50:03.881  INFO  manager.ListenerWD - List size is-->1
18:50:03.882  INFO  manager.ListenerWD - Before find elementBy.xpath: //button[text()='Sign Out']
18:50:03.899  INFO  manager.ListenerWD - After find elementBy.xpath: //button[text()='Sign Out']
18:50:03.941  INFO  tests.TestBase - I need logout
18:50:03.942  INFO  tests.TestBase - Login with valid data: email: ili@gmail.com password: IliB$123456
18:50:03.942  INFO  manager.ListenerWD - Before find elementBy.xpath: //a[@href='/login']
18:50:03.958  INFO  manager.ListenerWD - After find elementBy.xpath: //a[@href='/login']
18:50:03.995  INFO  manager.ListenerWD - Before find elementBy.name: email
18:50:04.010  INFO  manager.ListenerWD - After find elementBy.name: email
18:50:04.161  INFO  manager.ListenerWD - Before find elementBy.xpath: //input[position()=2]
18:50:04.175  INFO  manager.ListenerWD - After find elementBy.xpath: //input[position()=2]
18:50:04.332  INFO  manager.ListenerWD - Before find elementBy.xpath: //button[@name='login']
18:50:04.345  INFO  manager.ListenerWD - After find elementBy.xpath: //button[@name='login']
18:50:04.387  INFO  tests.TestBase - Test success
18:50:04.388  INFO  tests.TestBase - The name of starts method --->loginSuccess2
18:50:04.388  INFO  manager.ListenerWD - Before find elementsBy.xpath: //button[text()='Sign Out']
18:50:04.692  INFO  manager.ListenerWD - After find elementBy.xpath: //button[text()='Sign Out']
18:50:04.693  INFO  manager.ListenerWD - List size is-->1
18:50:04.693  INFO  manager.ListenerWD - Before find elementBy.xpath: //button[text()='Sign Out']
18:50:04.715  INFO  manager.ListenerWD - After find elementBy.xpath: //button[text()='Sign Out']
18:50:04.757  INFO  tests.TestBase - I need logout
18:50:04.758  INFO  tests.TestBase - Login with valid data: email: benb@gmail.com password: Beny$123456
18:50:04.758  INFO  manager.ListenerWD - Before find elementBy.xpath: //a[@href='/login']
18:50:04.771  INFO  manager.ListenerWD - After find elementBy.xpath: //a[@href='/login']
18:50:04.808  INFO  manager.ListenerWD - Before find elementBy.name: email
18:50:04.821  INFO  manager.ListenerWD - After find elementBy.name: email
18:50:04.962  INFO  manager.ListenerWD - Before find elementBy.xpath: //input[position()=2]
18:50:04.978  INFO  manager.ListenerWD - After find elementBy.xpath: //input[position()=2]
18:50:05.132  INFO  manager.ListenerWD - Before find elementBy.xpath: //button[@name='login']
18:50:05.146  INFO  manager.ListenerWD - After find elementBy.xpath: //button[@name='login']
18:50:05.190  INFO  tests.TestBase - Test success
18:50:05.191  INFO  tests.TestBase - The name of starts method --->loginSuccessModel
18:50:05.192  INFO  manager.ListenerWD - Before find elementsBy.xpath: //button[text()='Sign Out']
18:50:05.496  INFO  manager.ListenerWD - After find elementBy.xpath: //button[text()='Sign Out']
18:50:05.496  INFO  manager.ListenerWD - List size is-->1
18:50:05.497  INFO  manager.ListenerWD - Before find elementBy.xpath: //button[text()='Sign Out']
18:50:05.512  INFO  manager.ListenerWD - After find elementBy.xpath: //button[text()='Sign Out']
18:50:05.608  INFO  tests.TestBase - I need logout
18:50:05.620  INFO  tests.TestBase - Test start with user: User(email=benb@gmail.com, password=Beny$123456)
18:50:05.620  INFO  manager.ListenerWD - Before find elementBy.xpath: //a[@href='/login']
18:50:05.634  INFO  manager.ListenerWD - After find elementBy.xpath: //a[@href='/login']
18:50:05.676  INFO  manager.ListenerWD - Before find elementBy.name: email
18:50:05.690  INFO  manager.ListenerWD - After find elementBy.name: email
18:50:05.829  INFO  manager.ListenerWD - Before find elementBy.name: password
18:50:05.846  INFO  manager.ListenerWD - After find elementBy.name: password
18:50:05.977  INFO  manager.ListenerWD - Before find elementBy.xpath: //button[@name='login']
18:50:05.990  INFO  manager.ListenerWD - After find elementBy.xpath: //button[@name='login']
18:50:06.026  INFO  tests.TestBase - The name of starts method --->loginSuccessModel
18:50:06.027  INFO  manager.ListenerWD - Before find elementsBy.xpath: //button[text()='Sign Out']
18:50:06.310  INFO  manager.ListenerWD - After find elementBy.xpath: //button[text()='Sign Out']
18:50:06.310  INFO  manager.ListenerWD - List size is-->1
18:50:06.310  INFO  manager.ListenerWD - Before find elementBy.xpath: //button[text()='Sign Out']
18:50:06.322  INFO  manager.ListenerWD - After find elementBy.xpath: //button[text()='Sign Out']
18:50:06.365  INFO  tests.TestBase - I need logout
18:50:06.366  INFO  tests.TestBase - Test start with user: User(email=ili@gmail.com, password=IliB$123456)
18:50:06.366  INFO  manager.ListenerWD - Before find elementBy.xpath: //a[@href='/login']
18:50:06.383  INFO  manager.ListenerWD - After find elementBy.xpath: //a[@href='/login']
18:50:06.419  INFO  manager.ListenerWD - Before find elementBy.name: email
18:50:06.433  INFO  manager.ListenerWD - After find elementBy.name: email
18:50:06.571  INFO  manager.ListenerWD - Before find elementBy.name: password
18:50:06.592  INFO  manager.ListenerWD - After find elementBy.name: password
18:50:06.736  INFO  manager.ListenerWD - Before find elementBy.xpath: //button[@name='login']
18:50:06.751  INFO  manager.ListenerWD - After find elementBy.xpath: //button[@name='login']
18:50:06.789  INFO  tests.TestBase - The name of starts method --->loginSuccessModel
18:50:06.789  INFO  manager.ListenerWD - Before find elementsBy.xpath: //button[text()='Sign Out']
18:50:07.096  INFO  manager.ListenerWD - After find elementBy.xpath: //button[text()='Sign Out']
18:50:07.096  INFO  manager.ListenerWD - List size is-->1
18:50:07.097  INFO  manager.ListenerWD - Before find elementBy.xpath: //button[text()='Sign Out']
18:50:07.109  INFO  manager.ListenerWD - After find elementBy.xpath: //button[text()='Sign Out']
18:50:07.150  INFO  tests.TestBase - I need logout
18:50:07.151  INFO  tests.TestBase - Test start with user: User(email=benb@gmail.com, password=Beny$123456)
18:50:07.151  INFO  manager.ListenerWD - Before find elementBy.xpath: //a[@href='/login']
18:50:07.168  INFO  manager.ListenerWD - After find elementBy.xpath: //a[@href='/login']
18:50:07.202  INFO  manager.ListenerWD - Before find elementBy.name: email
18:50:07.217  INFO  manager.ListenerWD - After find elementBy.name: email
18:50:07.361  INFO  manager.ListenerWD - Before find elementBy.name: password
18:50:07.377  INFO  manager.ListenerWD - After find elementBy.name: password
18:50:07.521  INFO  manager.ListenerWD - Before find elementBy.xpath: //button[@name='login']
18:50:07.535  INFO  manager.ListenerWD - After find elementBy.xpath: //button[@name='login']
18:50:07.577  INFO  tests.TestBase - The name of starts method --->loginSuccessModelFromFile
18:50:07.578  INFO  manager.ListenerWD - Before find elementsBy.xpath: //button[text()='Sign Out']
18:50:07.884  INFO  manager.ListenerWD - After find elementBy.xpath: //button[text()='Sign Out']
18:50:07.884  INFO  manager.ListenerWD - List size is-->1
18:50:07.884  INFO  manager.ListenerWD - Before find elementBy.xpath: //button[text()='Sign Out']
18:50:07.895  INFO  manager.ListenerWD - After find elementBy.xpath: //button[text()='Sign Out']
18:50:07.936  INFO  tests.TestBase - I need logout
18:50:07.938  INFO  tests.TestBase - Test start with user: User(email=benb@gmail.com, password=Beny$123456)
18:50:07.938  INFO  manager.ListenerWD - Before find elementBy.xpath: //a[@href='/login']
18:50:07.951  INFO  manager.ListenerWD - After find elementBy.xpath: //a[@href='/login']
18:50:07.987  INFO  manager.ListenerWD - Before find elementBy.name: email
18:50:08.001  INFO  manager.ListenerWD - After find elementBy.name: email
18:50:08.133  INFO  manager.ListenerWD - Before find elementBy.name: password
18:50:08.145  INFO  manager.ListenerWD - After find elementBy.name: password
18:50:08.282  INFO  manager.ListenerWD - Before find elementBy.xpath: //button[@name='login']
18:50:08.295  INFO  manager.ListenerWD - After find elementBy.xpath: //button[@name='login']
18:50:08.336  INFO  tests.TestBase - The name of starts method --->loginSuccessModelFromFile
18:50:08.336  INFO  manager.ListenerWD - Before find elementsBy.xpath: //button[text()='Sign Out']
18:50:08.638  INFO  manager.ListenerWD - After find elementBy.xpath: //button[text()='Sign Out']
18:50:08.638  INFO  manager.ListenerWD - List size is-->1
18:50:08.638  INFO  manager.ListenerWD - Before find elementBy.xpath: //button[text()='Sign Out']
18:50:08.654  INFO  manager.ListenerWD - After find elementBy.xpath: //button[text()='Sign Out']
18:50:08.698  INFO  tests.TestBase - I need logout
18:50:08.699  INFO  tests.TestBase - Test start with user: User(email=ili@gmail.com, password=IliB$123456)
18:50:08.700  INFO  manager.ListenerWD - Before find elementBy.xpath: //a[@href='/login']
18:50:08.714  INFO  manager.ListenerWD - After find elementBy.xpath: //a[@href='/login']
18:50:08.755  INFO  manager.ListenerWD - Before find elementBy.name: email
18:50:08.767  INFO  manager.ListenerWD - After find elementBy.name: email
18:50:08.914  INFO  manager.ListenerWD - Before find elementBy.name: password
18:50:08.926  INFO  manager.ListenerWD - After find elementBy.name: password
18:50:09.078  INFO  manager.ListenerWD - Before find elementBy.xpath: //button[@name='login']
18:50:09.095  INFO  manager.ListenerWD - After find elementBy.xpath: //button[@name='login']
18:50:09.139  INFO  tests.TestBase - The name of starts method --->loginSuccessModelFromFile
18:50:09.140  INFO  manager.ListenerWD - Before find elementsBy.xpath: //button[text()='Sign Out']
18:50:09.415  INFO  manager.ListenerWD - After find elementBy.xpath: //button[text()='Sign Out']
18:50:09.416  INFO  manager.ListenerWD - List size is-->1
18:50:09.416  INFO  manager.ListenerWD - Before find elementBy.xpath: //button[text()='Sign Out']
18:50:09.427  INFO  manager.ListenerWD - After find elementBy.xpath: //button[text()='Sign Out']
18:50:09.469  INFO  tests.TestBase - I need logout
18:50:09.470  INFO  tests.TestBase - Test start with user: User(email=benb@gmail.com, password=Beny$123456)
18:50:09.470  INFO  manager.ListenerWD - Before find elementBy.xpath: //a[@href='/login']
18:50:09.482  INFO  manager.ListenerWD - After find elementBy.xpath: //a[@href='/login']
18:50:09.520  INFO  manager.ListenerWD - Before find elementBy.name: email
18:50:09.532  INFO  manager.ListenerWD - After find elementBy.name: email
18:50:09.670  INFO  manager.ListenerWD - Before find elementBy.name: password
18:50:09.683  INFO  manager.ListenerWD - After find elementBy.name: password
18:50:09.829  INFO  manager.ListenerWD - Before find elementBy.xpath: //button[@name='login']
18:50:09.843  INFO  manager.ListenerWD - After find elementBy.xpath: //button[@name='login']
18:50:09.885  INFO  tests.TestBase - The name of starts method --->loginSuccessNew
18:50:09.885  INFO  manager.ListenerWD - Before find elementsBy.xpath: //button[text()='Sign Out']
18:50:10.193  INFO  manager.ListenerWD - After find elementBy.xpath: //button[text()='Sign Out']
18:50:10.193  INFO  manager.ListenerWD - List size is-->1
18:50:10.194  INFO  manager.ListenerWD - Before find elementBy.xpath: //button[text()='Sign Out']
18:50:10.206  INFO  manager.ListenerWD - After find elementBy.xpath: //button[text()='Sign Out']
18:50:10.248  INFO  tests.TestBase - I need logout
18:50:10.249  INFO  manager.ListenerWD - Before find elementBy.xpath: //a[@href='/login']
18:50:10.265  INFO  manager.ListenerWD - After find elementBy.xpath: //a[@href='/login']
18:50:10.301  INFO  manager.ListenerWD - Before find elementBy.name: email
18:50:10.316  INFO  manager.ListenerWD - After find elementBy.name: email
18:50:10.456  INFO  manager.ListenerWD - Before find elementBy.xpath: //input[position()=2]
18:50:10.470  INFO  manager.ListenerWD - After find elementBy.xpath: //input[position()=2]
18:50:10.624  INFO  manager.ListenerWD - Before find elementBy.xpath: //button[@name='login']
18:50:10.641  INFO  manager.ListenerWD - After find elementBy.xpath: //button[@name='login']
18:50:10.692  INFO  tests.TestBase - The name of starts method --->loginSuccessNew
18:50:10.693  INFO  manager.ListenerWD - Before find elementsBy.xpath: //button[text()='Sign Out']
18:50:11.004  INFO  manager.ListenerWD - After find elementBy.xpath: //button[text()='Sign Out']
18:50:11.004  INFO  manager.ListenerWD - List size is-->1
18:50:11.004  INFO  manager.ListenerWD - Before find elementBy.xpath: //button[text()='Sign Out']
18:50:11.026  INFO  manager.ListenerWD - After find elementBy.xpath: //button[text()='Sign Out']
18:50:11.080  INFO  tests.TestBase - I need logout
18:50:11.081  INFO  manager.ListenerWD - Before find elementBy.xpath: //a[@href='/login']
18:50:11.096  INFO  manager.ListenerWD - After find elementBy.xpath: //a[@href='/login']
18:50:11.137  INFO  manager.ListenerWD - Before find elementBy.name: email
18:50:11.151  INFO  manager.ListenerWD - After find elementBy.name: email
18:50:11.308  INFO  manager.ListenerWD - Before find elementBy.xpath: //input[position()=2]
18:50:11.322  INFO  manager.ListenerWD - After find elementBy.xpath: //input[position()=2]
18:50:11.460  INFO  manager.ListenerWD - Before find elementBy.xpath: //button[@name='login']
18:50:11.475  INFO  manager.ListenerWD - After find elementBy.xpath: //button[@name='login']
18:50:11.528  INFO  tests.TestBase - The name of starts method --->loginUnregisterUser
18:50:11.528  INFO  manager.ListenerWD - Before find elementsBy.xpath: //button[text()='Sign Out']
18:50:11.865  INFO  manager.ListenerWD - After find elementBy.xpath: //button[text()='Sign Out']
18:50:11.865  INFO  manager.ListenerWD - List size is-->1
18:50:11.866  INFO  manager.ListenerWD - Before find elementBy.xpath: //button[text()='Sign Out']
18:50:11.897  INFO  manager.ListenerWD - After find elementBy.xpath: //button[text()='Sign Out']
18:50:11.937  INFO  tests.TestBase - I need logout
18:50:11.938  INFO  manager.ListenerWD - Before find elementBy.xpath: //a[@href='/login']
18:50:11.953  INFO  manager.ListenerWD - After find elementBy.xpath: //a[@href='/login']
18:50:11.990  INFO  manager.ListenerWD - Before find elementBy.name: email
18:50:12.004  INFO  manager.ListenerWD - After find elementBy.name: email
18:50:12.160  INFO  manager.ListenerWD - Before find elementBy.xpath: //input[position()=2]
18:50:12.174  INFO  manager.ListenerWD - After find elementBy.xpath: //input[position()=2]
18:50:12.323  INFO  manager.ListenerWD - Before find elementBy.xpath: //button[@name='login']
18:50:12.335  INFO  manager.ListenerWD - After find elementBy.xpath: //button[@name='login']
18:50:12.384  INFO  manager.ListenerWD - Have a 'problem'
18:50:12.384  INFO  manager.ListenerWD - ***************************************
18:50:12.384  INFO  manager.ListenerWD - Method methodalert
18:50:12.384  INFO  manager.ListenerWD - ***************************************
18:50:12.384  INFO  manager.ListenerWD - ***************************************
18:50:12.384  INFO  manager.ListenerWD - InvocationTargetExceptionorg.openqa.selenium.NoAlertPresentException: no such alert
  (Session info: chrome=109.0.5414.120)
Build info: version: '4.7.1', revision: 'c6795baf1a3'
System info: os.name: 'Windows 10', os.arch: 'amd64', os.version: '10.0', java.version: '11.0.17'
Driver info: org.openqa.selenium.chrome.ChromeDriver
Command: [b5d656ddd36923a4ee7b5ba8bc5b358e, getAlertText {}]
Capabilities {acceptInsecureCerts: false, browserName: chrome, browserVersion: 109.0.5414.120, chrome: {chromedriverVersion: 109.0.5414.74 (e7c5703604da..., userDataDir: C:\Users\ALEKSA~1\AppData\L...}, goog:chromeOptions: {debuggerAddress: localhost:64285}, networkConnectionEnabled: false, pageLoadStrategy: normal, platformName: WINDOWS, proxy: Proxy(), se:cdp: ws://localhost:64285/devtoo..., se:cdpVersion: 109.0.5414.120, setWindowRect: true, strictFileInteractability: false, timeouts: {implicit: 0, pageLoad: 300000, script: 30000}, unhandledPromptBehavior: dismiss and notify, webauthn:extension:credBlob: true, webauthn:extension:largeBlob: true, webauthn:virtualAuthenticators: true}
Session ID: b5d656ddd36923a4ee7b5ba8bc5b358e
18:50:12.384  INFO  manager.ListenerWD - ***************************************
18:50:12.384  INFO  manager.ListenerWD - ***************************************
18:50:12.384  INFO  manager.ListenerWD - Object targetorg.openqa.selenium.remote.RemoteWebDriver$RemoteTargetLocator@3c98981e
18:50:12.384  INFO  manager.ListenerWD - ***************************************
18:50:12.913  INFO  tests.TestBase - The name of starts method --->loginWrongEmail
18:50:12.915  INFO  manager.ListenerWD - Before find elementsBy.xpath: //button[text()='Sign Out']
18:50:17.923  INFO  manager.ListenerWD - After find elementBy.xpath: //button[text()='Sign Out']
18:50:17.923  INFO  manager.ListenerWD - List size is-->0
18:50:17.924  INFO  manager.ListenerWD - Before find elementBy.xpath: //a[@href='/login']
18:50:17.939  INFO  manager.ListenerWD - After find elementBy.xpath: //a[@href='/login']
18:50:17.969  INFO  manager.ListenerWD - Before find elementBy.name: email
18:50:17.984  INFO  manager.ListenerWD - After find elementBy.name: email
18:50:18.123  INFO  manager.ListenerWD - Before find elementBy.xpath: //input[position()=2]
18:50:18.136  INFO  manager.ListenerWD - After find elementBy.xpath: //input[position()=2]
18:50:18.273  INFO  manager.ListenerWD - Before find elementBy.xpath: //button[@name='login']
18:50:18.284  INFO  manager.ListenerWD - After find elementBy.xpath: //button[@name='login']
18:50:18.354  INFO  manager.ListenerWD - Have a 'problem'
18:50:18.354  INFO  manager.ListenerWD - ***************************************
18:50:18.354  INFO  manager.ListenerWD - Method methodalert
18:50:18.354  INFO  manager.ListenerWD - ***************************************
18:50:18.354  INFO  manager.ListenerWD - ***************************************
18:50:18.354  INFO  manager.ListenerWD - InvocationTargetExceptionorg.openqa.selenium.NoAlertPresentException: no such alert
  (Session info: chrome=109.0.5414.120)
Build info: version: '4.7.1', revision: 'c6795baf1a3'
System info: os.name: 'Windows 10', os.arch: 'amd64', os.version: '10.0', java.version: '11.0.17'
Driver info: org.openqa.selenium.chrome.ChromeDriver
Command: [b5d656ddd36923a4ee7b5ba8bc5b358e, getAlertText {}]
Capabilities {acceptInsecureCerts: false, browserName: chrome, browserVersion: 109.0.5414.120, chrome: {chromedriverVersion: 109.0.5414.74 (e7c5703604da..., userDataDir: C:\Users\ALEKSA~1\AppData\L...}, goog:chromeOptions: {debuggerAddress: localhost:64285}, networkConnectionEnabled: false, pageLoadStrategy: normal, platformName: WINDOWS, proxy: Proxy(), se:cdp: ws://localhost:64285/devtoo..., se:cdpVersion: 109.0.5414.120, setWindowRect: true, strictFileInteractability: false, timeouts: {implicit: 0, pageLoad: 300000, script: 30000}, unhandledPromptBehavior: dismiss and notify, webauthn:extension:credBlob: true, webauthn:extension:largeBlob: true, webauthn:virtualAuthenticators: true}
Session ID: b5d656ddd36923a4ee7b5ba8bc5b358e
18:50:18.354  INFO  manager.ListenerWD - ***************************************
18:50:18.354  INFO  manager.ListenerWD - ***************************************
18:50:18.355  INFO  manager.ListenerWD - Object targetorg.openqa.selenium.remote.RemoteWebDriver$RemoteTargetLocator@6df31abf
18:50:18.355  INFO  manager.ListenerWD - ***************************************
18:50:18.890  INFO  tests.TestBase - The name of starts method --->loginWrongPassword
18:50:18.891  INFO  manager.ListenerWD - Before find elementsBy.xpath: //button[text()='Sign Out']
18:50:23.919  INFO  manager.ListenerWD - After find elementBy.xpath: //button[text()='Sign Out']
18:50:23.920  INFO  manager.ListenerWD - List size is-->0
18:50:23.921  INFO  manager.ListenerWD - Before find elementBy.xpath: //a[@href='/login']
18:50:23.941  INFO  manager.ListenerWD - After find elementBy.xpath: //a[@href='/login']
18:50:23.976  INFO  manager.ListenerWD - Before find elementBy.name: email
18:50:23.994  INFO  manager.ListenerWD - After find elementBy.name: email
18:50:24.145  INFO  manager.ListenerWD - Before find elementBy.xpath: //input[position()=2]
18:50:24.156  INFO  manager.ListenerWD - After find elementBy.xpath: //input[position()=2]
18:50:24.289  INFO  manager.ListenerWD - Before find elementBy.xpath: //button[@name='login']
18:50:24.302  INFO  manager.ListenerWD - After find elementBy.xpath: //button[@name='login']
18:50:24.344  INFO  manager.ListenerWD - Have a 'problem'
18:50:24.344  INFO  manager.ListenerWD - ***************************************
18:50:24.344  INFO  manager.ListenerWD - Method methodalert
18:50:24.344  INFO  manager.ListenerWD - ***************************************
18:50:24.344  INFO  manager.ListenerWD - ***************************************
18:50:24.345  INFO  manager.ListenerWD - InvocationTargetExceptionorg.openqa.selenium.NoAlertPresentException: no such alert
  (Session info: chrome=109.0.5414.120)
Build info: version: '4.7.1', revision: 'c6795baf1a3'
System info: os.name: 'Windows 10', os.arch: 'amd64', os.version: '10.0', java.version: '11.0.17'
Driver info: org.openqa.selenium.chrome.ChromeDriver
Command: [b5d656ddd36923a4ee7b5ba8bc5b358e, getAlertText {}]
Capabilities {acceptInsecureCerts: false, browserName: chrome, browserVersion: 109.0.5414.120, chrome: {chromedriverVersion: 109.0.5414.74 (e7c5703604da..., userDataDir: C:\Users\ALEKSA~1\AppData\L...}, goog:chromeOptions: {debuggerAddress: localhost:64285}, networkConnectionEnabled: false, pageLoadStrategy: normal, platformName: WINDOWS, proxy: Proxy(), se:cdp: ws://localhost:64285/devtoo..., se:cdpVersion: 109.0.5414.120, setWindowRect: true, strictFileInteractability: false, timeouts: {implicit: 0, pageLoad: 300000, script: 30000}, unhandledPromptBehavior: dismiss and notify, webauthn:extension:credBlob: true, webauthn:extension:largeBlob: true, webauthn:virtualAuthenticators: true}
Session ID: b5d656ddd36923a4ee7b5ba8bc5b358e
18:50:24.345  INFO  manager.ListenerWD - ***************************************
18:50:24.345  INFO  manager.ListenerWD - ***************************************
18:50:24.345  INFO  manager.ListenerWD - Object targetorg.openqa.selenium.remote.RemoteWebDriver$RemoteTargetLocator@6081f330
18:50:24.345  INFO  manager.ListenerWD - ***************************************
