14:16:19.366  INFO  manager.ApplicationManager - All test start in Chrome Browser
14:16:21.606  INFO  manager.ApplicationManager - Current Url -->https://telranedu.web.app/home
14:16:21.689  INFO  tests.TestBase - The name of starts method --->addNewContactSuccessAllFields
14:16:21.692  INFO  manager.ListenerWD - Before find elementsBy.xpath: //button[text()='Sign Out']
14:16:26.772  INFO  manager.ListenerWD - After find elementBy.xpath: //button[text()='Sign Out']
14:16:26.774  INFO  manager.ListenerWD - List size is-->0
14:16:27.283  INFO  manager.ListenerWD - Before find elementBy.xpath: //a[@href='/login']
14:16:27.317  INFO  manager.ListenerWD - After find elementBy.xpath: //a[@href='/login']
14:16:27.893  INFO  manager.ListenerWD - Before find elementBy.name: email
14:16:27.920  INFO  manager.ListenerWD - After find elementBy.name: email
14:16:28.078  INFO  manager.ListenerWD - Before find elementBy.xpath: //input[position()=2]
14:16:28.107  INFO  manager.ListenerWD - After find elementBy.xpath: //input[position()=2]
14:16:28.765  INFO  manager.ListenerWD - Before find elementBy.xpath: //button[@name='login']
14:16:28.790  INFO  manager.ListenerWD - After find elementBy.xpath: //button[@name='login']
14:16:28.866  INFO  tests.TestBase - Test start with data: Contacts(name=Melafifon1982, lastName=Green, phone=05619822569, email=melG1982@gmail.com, address=Netanya, description=Friend)
14:16:28.869  INFO  manager.ListenerWD - Before find elementBy.xpath: //a[@href='/add']
14:16:29.902  INFO  manager.ListenerWD - After find elementBy.xpath: //a[@href='/add']
14:16:29.956  INFO  manager.ListenerWD - Before find elementBy.xpath: //input[@placeholder='Name']
14:16:29.982  INFO  manager.ListenerWD - After find elementBy.xpath: //input[@placeholder='Name']
14:16:30.124  INFO  manager.ListenerWD - Before find elementBy.xpath: //input[@placeholder='Last Name']
14:16:30.146  INFO  manager.ListenerWD - After find elementBy.xpath: //input[@placeholder='Last Name']
14:16:30.271  INFO  manager.ListenerWD - Before find elementBy.cssSelector: input[placeholder='Phone']
14:16:30.291  INFO  manager.ListenerWD - After find elementBy.cssSelector: input[placeholder='Phone']
14:16:30.418  INFO  manager.ListenerWD - Before find elementBy.xpath: //input[@placeholder='email']
14:16:30.441  INFO  manager.ListenerWD - After find elementBy.xpath: //input[@placeholder='email']
14:16:30.576  INFO  manager.ListenerWD - Before find elementBy.xpath: //input[@placeholder='Address']
14:16:30.599  INFO  manager.ListenerWD - After find elementBy.xpath: //input[@placeholder='Address']
14:16:30.715  INFO  manager.ListenerWD - Before find elementBy.xpath: //input[@placeholder='description']
14:16:30.748  INFO  manager.ListenerWD - After find elementBy.xpath: //input[@placeholder='description']
14:16:30.879  INFO  manager.ListenerWD - Before find elementBy.xpath: //div[@class='add_form__2rsm2']//button
14:16:30.922  INFO  manager.ListenerWD - After find elementBy.xpath: //div[@class='add_form__2rsm2']//button
14:16:30.970  INFO  manager.ListenerWD - Before find elementsBy.cssSelector: h2
14:16:31.995  INFO  manager.ListenerWD - After find elementBy.cssSelector: h2
14:16:31.996  INFO  manager.ListenerWD - List size is-->52
14:16:32.733  INFO  manager.ListenerWD - Before find elementsBy.cssSelector: h3
14:16:33.061  INFO  manager.ListenerWD - After find elementBy.cssSelector: h3
14:16:33.062  INFO  manager.ListenerWD - List size is-->52
14:16:33.819  INFO  manager.ListenerWD - Before find elementsBy.cssSelector: .contact-item_card__2SOIM
14:16:34.250  INFO  manager.ListenerWD - After find elementBy.cssSelector: .contact-item_card__2SOIM
14:16:34.251  INFO  manager.ListenerWD - List size is-->52
14:16:34.365  INFO  manager.ListenerWD - Before find elementBy.cssSelector: .contact-item-detailed_card__50dTS
14:16:34.418  INFO  manager.ListenerWD - After find elementBy.cssSelector: .contact-item-detailed_card__50dTS
14:16:34.574  INFO  manager.ListenerWD - Before find elementBy.cssSelector: .contact-item-detailed_card__50dTS
14:16:34.593  INFO  manager.ListenerWD - After find elementBy.cssSelector: .contact-item-detailed_card__50dTS
14:16:34.732  INFO  manager.ListenerWD - Before find elementBy.cssSelector: .contact-item-detailed_card__50dTS
14:16:34.786  INFO  manager.ListenerWD - After find elementBy.cssSelector: .contact-item-detailed_card__50dTS
14:16:35.129  INFO  manager.ListenerWD - Before find elementBy.cssSelector: .contact-item-detailed_card__50dTS
14:16:35.207  INFO  manager.ListenerWD - After find elementBy.cssSelector: .contact-item-detailed_card__50dTS
14:16:35.376  INFO  manager.ListenerWD - Before find elementBy.cssSelector: .contact-item-detailed_card__50dTS
14:16:35.409  INFO  manager.ListenerWD - After find elementBy.cssSelector: .contact-item-detailed_card__50dTS
14:16:35.556  INFO  manager.ListenerWD - Before find elementBy.cssSelector: .contact-item-detailed_card__50dTS
14:16:35.574  INFO  manager.ListenerWD - After find elementBy.cssSelector: .contact-item-detailed_card__50dTS
14:16:35.726  INFO  manager.ListenerWD - Before find elementBy.cssSelector: .contact-item-detailed_card__50dTS
14:16:35.798  INFO  manager.ListenerWD - After find elementBy.cssSelector: .contact-item-detailed_card__50dTS
14:16:35.938  INFO  manager.ListenerWD - Before find elementBy.cssSelector: .contact-item-detailed_card__50dTS
14:16:35.973  INFO  manager.ListenerWD - After find elementBy.cssSelector: .contact-item-detailed_card__50dTS
14:16:36.114  INFO  manager.ListenerWD - Before find elementBy.cssSelector: .contact-item-detailed_card__50dTS
14:16:36.152  INFO  manager.ListenerWD - After find elementBy.cssSelector: .contact-item-detailed_card__50dTS
14:16:36.296  INFO  manager.ListenerWD - Before find elementBy.cssSelector: .contact-item-detailed_card__50dTS
14:16:36.324  INFO  manager.ListenerWD - After find elementBy.cssSelector: .contact-item-detailed_card__50dTS
14:16:36.452  INFO  manager.ListenerWD - Before find elementBy.cssSelector: .contact-item-detailed_card__50dTS
14:16:36.481  INFO  manager.ListenerWD - After find elementBy.cssSelector: .contact-item-detailed_card__50dTS
14:16:36.618  INFO  manager.ListenerWD - Before find elementBy.cssSelector: .contact-item-detailed_card__50dTS
14:16:36.651  INFO  manager.ListenerWD - After find elementBy.cssSelector: .contact-item-detailed_card__50dTS
14:16:36.889  INFO  manager.ListenerWD - Before find elementBy.cssSelector: .contact-item-detailed_card__50dTS
14:16:36.922  INFO  manager.ListenerWD - After find elementBy.cssSelector: .contact-item-detailed_card__50dTS
14:16:37.020  INFO  manager.ListenerWD - Before find elementBy.cssSelector: .contact-item-detailed_card__50dTS
14:16:37.041  INFO  manager.ListenerWD - After find elementBy.cssSelector: .contact-item-detailed_card__50dTS
14:16:37.123  INFO  manager.ListenerWD - Before find elementBy.cssSelector: .contact-item-detailed_card__50dTS
14:16:37.157  INFO  manager.ListenerWD - After find elementBy.cssSelector: .contact-item-detailed_card__50dTS
14:16:37.251  INFO  manager.ListenerWD - Before find elementBy.cssSelector: .contact-item-detailed_card__50dTS
14:16:37.272  INFO  manager.ListenerWD - After find elementBy.cssSelector: .contact-item-detailed_card__50dTS
14:16:37.406  INFO  manager.ListenerWD - Before find elementBy.cssSelector: .contact-item-detailed_card__50dTS
14:16:37.436  INFO  manager.ListenerWD - After find elementBy.cssSelector: .contact-item-detailed_card__50dTS
14:16:37.503  INFO  manager.ListenerWD - Before find elementBy.cssSelector: .contact-item-detailed_card__50dTS
14:16:37.520  INFO  manager.ListenerWD - After find elementBy.cssSelector: .contact-item-detailed_card__50dTS
14:16:37.587  INFO  manager.ListenerWD - Before find elementBy.cssSelector: .contact-item-detailed_card__50dTS
14:16:37.604  INFO  manager.ListenerWD - After find elementBy.cssSelector: .contact-item-detailed_card__50dTS
14:16:37.655  INFO  manager.ListenerWD - Before find elementBy.cssSelector: .contact-item-detailed_card__50dTS
14:16:37.669  INFO  manager.ListenerWD - After find elementBy.cssSelector: .contact-item-detailed_card__50dTS
14:16:37.722  INFO  manager.ListenerWD - Before find elementBy.cssSelector: .contact-item-detailed_card__50dTS
14:16:37.737  INFO  manager.ListenerWD - After find elementBy.cssSelector: .contact-item-detailed_card__50dTS
14:16:37.806  INFO  manager.ListenerWD - Before find elementBy.cssSelector: .contact-item-detailed_card__50dTS
14:16:37.820  INFO  manager.ListenerWD - After find elementBy.cssSelector: .contact-item-detailed_card__50dTS
14:16:37.865  INFO  manager.ListenerWD - Before find elementBy.cssSelector: .contact-item-detailed_card__50dTS
14:16:37.880  INFO  manager.ListenerWD - After find elementBy.cssSelector: .contact-item-detailed_card__50dTS
14:16:37.927  INFO  manager.ListenerWD - Before find elementBy.cssSelector: .contact-item-detailed_card__50dTS
14:16:37.941  INFO  manager.ListenerWD - After find elementBy.cssSelector: .contact-item-detailed_card__50dTS
14:16:37.996  INFO  manager.ListenerWD - Before find elementBy.cssSelector: .contact-item-detailed_card__50dTS
14:16:38.010  INFO  manager.ListenerWD - After find elementBy.cssSelector: .contact-item-detailed_card__50dTS
14:16:38.072  INFO  manager.ListenerWD - Before find elementBy.cssSelector: .contact-item-detailed_card__50dTS
14:16:38.100  INFO  manager.ListenerWD - After find elementBy.cssSelector: .contact-item-detailed_card__50dTS
14:16:38.170  INFO  manager.ListenerWD - Before find elementBy.cssSelector: .contact-item-detailed_card__50dTS
14:16:38.192  INFO  manager.ListenerWD - After find elementBy.cssSelector: .contact-item-detailed_card__50dTS
14:16:38.240  INFO  manager.ListenerWD - Before find elementBy.cssSelector: .contact-item-detailed_card__50dTS
14:16:38.255  INFO  manager.ListenerWD - After find elementBy.cssSelector: .contact-item-detailed_card__50dTS
14:16:38.315  INFO  manager.ListenerWD - Before find elementBy.cssSelector: .contact-item-detailed_card__50dTS
14:16:38.342  INFO  manager.ListenerWD - After find elementBy.cssSelector: .contact-item-detailed_card__50dTS
14:16:38.405  INFO  manager.ListenerWD - Before find elementBy.cssSelector: .contact-item-detailed_card__50dTS
14:16:38.420  INFO  manager.ListenerWD - After find elementBy.cssSelector: .contact-item-detailed_card__50dTS
14:16:38.496  INFO  manager.ListenerWD - Before find elementBy.cssSelector: .contact-item-detailed_card__50dTS
14:16:38.514  INFO  manager.ListenerWD - After find elementBy.cssSelector: .contact-item-detailed_card__50dTS
14:16:38.589  INFO  manager.ListenerWD - Before find elementBy.cssSelector: .contact-item-detailed_card__50dTS
14:16:38.608  INFO  manager.ListenerWD - After find elementBy.cssSelector: .contact-item-detailed_card__50dTS
14:16:38.698  INFO  manager.ListenerWD - Before find elementBy.cssSelector: .contact-item-detailed_card__50dTS
14:16:38.714  INFO  manager.ListenerWD - After find elementBy.cssSelector: .contact-item-detailed_card__50dTS
14:16:38.772  INFO  manager.ListenerWD - Before find elementBy.cssSelector: .contact-item-detailed_card__50dTS
14:16:38.791  INFO  manager.ListenerWD - After find elementBy.cssSelector: .contact-item-detailed_card__50dTS
14:16:38.850  INFO  manager.ListenerWD - Before find elementBy.cssSelector: .contact-item-detailed_card__50dTS
14:16:38.864  INFO  manager.ListenerWD - After find elementBy.cssSelector: .contact-item-detailed_card__50dTS
14:16:38.936  INFO  manager.ListenerWD - Before find elementBy.cssSelector: .contact-item-detailed_card__50dTS
14:16:38.948  INFO  manager.ListenerWD - After find elementBy.cssSelector: .contact-item-detailed_card__50dTS
14:16:39.012  INFO  manager.ListenerWD - Before find elementBy.cssSelector: .contact-item-detailed_card__50dTS
14:16:39.031  INFO  manager.ListenerWD - After find elementBy.cssSelector: .contact-item-detailed_card__50dTS
14:16:39.084  INFO  manager.ListenerWD - Before find elementBy.cssSelector: .contact-item-detailed_card__50dTS
14:16:39.097  INFO  manager.ListenerWD - After find elementBy.cssSelector: .contact-item-detailed_card__50dTS
14:16:39.149  INFO  manager.ListenerWD - Before find elementBy.cssSelector: .contact-item-detailed_card__50dTS
14:16:39.164  INFO  manager.ListenerWD - After find elementBy.cssSelector: .contact-item-detailed_card__50dTS
14:16:39.211  INFO  manager.ListenerWD - Before find elementBy.cssSelector: .contact-item-detailed_card__50dTS
14:16:39.224  INFO  manager.ListenerWD - After find elementBy.cssSelector: .contact-item-detailed_card__50dTS
14:16:39.265  INFO  manager.ListenerWD - Before find elementBy.cssSelector: .contact-item-detailed_card__50dTS
14:16:39.280  INFO  manager.ListenerWD - After find elementBy.cssSelector: .contact-item-detailed_card__50dTS
14:16:39.336  INFO  manager.ListenerWD - Before find elementBy.cssSelector: .contact-item-detailed_card__50dTS
14:16:39.354  INFO  manager.ListenerWD - After find elementBy.cssSelector: .contact-item-detailed_card__50dTS
14:16:39.420  INFO  manager.ListenerWD - Before find elementBy.cssSelector: .contact-item-detailed_card__50dTS
14:16:39.439  INFO  manager.ListenerWD - After find elementBy.cssSelector: .contact-item-detailed_card__50dTS
14:16:39.510  INFO  manager.ListenerWD - Before find elementBy.cssSelector: .contact-item-detailed_card__50dTS
14:16:39.524  INFO  manager.ListenerWD - After find elementBy.cssSelector: .contact-item-detailed_card__50dTS
14:16:39.588  INFO  manager.ListenerWD - Before find elementBy.cssSelector: .contact-item-detailed_card__50dTS
14:16:39.603  INFO  manager.ListenerWD - After find elementBy.cssSelector: .contact-item-detailed_card__50dTS
14:16:39.673  INFO  manager.ListenerWD - Before find elementBy.cssSelector: .contact-item-detailed_card__50dTS
14:16:39.687  INFO  manager.ListenerWD - After find elementBy.cssSelector: .contact-item-detailed_card__50dTS
14:16:39.732  INFO  manager.ListenerWD - Before find elementBy.cssSelector: .contact-item-detailed_card__50dTS
14:16:39.744  INFO  manager.ListenerWD - After find elementBy.cssSelector: .contact-item-detailed_card__50dTS
14:16:39.788  INFO  manager.ListenerWD - Before find elementBy.cssSelector: .contact-item-detailed_card__50dTS
14:16:39.808  INFO  manager.ListenerWD - After find elementBy.cssSelector: .contact-item-detailed_card__50dTS
14:16:39.853  INFO  manager.ListenerWD - Before find elementBy.cssSelector: .contact-item-detailed_card__50dTS
14:16:39.866  INFO  manager.ListenerWD - After find elementBy.cssSelector: .contact-item-detailed_card__50dTS
14:16:39.913  INFO  manager.ListenerWD - Before find elementBy.cssSelector: .contact-item-detailed_card__50dTS
14:16:39.928  INFO  manager.ListenerWD - After find elementBy.cssSelector: .contact-item-detailed_card__50dTS
14:16:39.979  INFO  manager.ListenerWD - Before find elementBy.cssSelector: .contact-item-detailed_card__50dTS
14:16:39.994  INFO  manager.ListenerWD - After find elementBy.cssSelector: .contact-item-detailed_card__50dTS
14:16:40.038  INFO  manager.ListenerWD - Before find elementBy.cssSelector: .contact-item-detailed_card__50dTS
14:16:40.050  INFO  manager.ListenerWD - After find elementBy.cssSelector: .contact-item-detailed_card__50dTS
14:16:40.065  INFO  tests.TestBase - The name of starts method --->addNewContactSuccessRequiredFields
14:16:40.067  INFO  manager.ListenerWD - Before find elementsBy.xpath: //button[text()='Sign Out']
14:16:40.078  INFO  manager.ListenerWD - After find elementBy.xpath: //button[text()='Sign Out']
14:16:40.078  INFO  manager.ListenerWD - List size is-->1
14:16:40.078  INFO  manager.ListenerWD - Before find elementBy.xpath: //button[text()='Sign Out']
14:16:40.092  INFO  manager.ListenerWD - After find elementBy.xpath: //button[text()='Sign Out']
14:16:41.642  INFO  manager.ListenerWD - Before find elementBy.xpath: //a[@href='/login']
14:16:41.678  INFO  manager.ListenerWD - After find elementBy.xpath: //a[@href='/login']
14:16:42.226  INFO  manager.ListenerWD - Before find elementBy.name: email
14:16:42.259  INFO  manager.ListenerWD - After find elementBy.name: email
14:16:42.409  INFO  manager.ListenerWD - Before find elementBy.xpath: //input[position()=2]
14:16:42.423  INFO  manager.ListenerWD - After find elementBy.xpath: //input[position()=2]
14:16:43.059  INFO  manager.ListenerWD - Before find elementBy.xpath: //button[@name='login']
14:16:43.106  INFO  manager.ListenerWD - After find elementBy.xpath: //button[@name='login']
14:16:43.153  INFO  manager.ListenerWD - Before find elementBy.xpath: //a[@href='/add']
14:16:43.450  INFO  manager.ListenerWD - After find elementBy.xpath: //a[@href='/add']
14:16:44.493  INFO  manager.ListenerWD - Before find elementBy.xpath: //input[@placeholder='Name']
14:16:44.505  INFO  manager.ListenerWD - After find elementBy.xpath: //input[@placeholder='Name']
14:16:44.625  INFO  manager.ListenerWD - Before find elementBy.xpath: //input[@placeholder='Last Name']
14:16:44.639  INFO  manager.ListenerWD - After find elementBy.xpath: //input[@placeholder='Last Name']
14:16:44.758  INFO  manager.ListenerWD - Before find elementBy.cssSelector: input[placeholder='Phone']
14:16:44.771  INFO  manager.ListenerWD - After find elementBy.cssSelector: input[placeholder='Phone']
14:16:44.904  INFO  manager.ListenerWD - Before find elementBy.xpath: //input[@placeholder='email']
14:16:44.919  INFO  manager.ListenerWD - After find elementBy.xpath: //input[@placeholder='email']
14:16:45.052  INFO  manager.ListenerWD - Before find elementBy.xpath: //input[@placeholder='Address']
14:16:45.063  INFO  manager.ListenerWD - After find elementBy.xpath: //input[@placeholder='Address']
14:16:45.174  INFO  manager.ListenerWD - Before find elementBy.xpath: //input[@placeholder='description']
14:16:45.186  INFO  manager.ListenerWD - After find elementBy.xpath: //input[@placeholder='description']
14:16:45.274  INFO  manager.ListenerWD - Before find elementBy.xpath: //div[@class='add_form__2rsm2']//button
14:16:45.286  INFO  manager.ListenerWD - After find elementBy.xpath: //div[@class='add_form__2rsm2']//button
14:16:45.319  INFO  manager.ListenerWD - Before find elementsBy.cssSelector: h2
14:16:46.010  INFO  manager.ListenerWD - After find elementBy.cssSelector: h2
14:16:46.011  INFO  manager.ListenerWD - List size is-->53
14:16:46.080  INFO  manager.ListenerWD - Before find elementsBy.cssSelector: h3
14:16:46.268  INFO  manager.ListenerWD - After find elementBy.cssSelector: h3
14:16:46.268  INFO  manager.ListenerWD - List size is-->53
14:16:46.338  INFO  tests.TestBase - The name of starts method --->addNewContactWithWrongMail
14:16:46.339  INFO  manager.ListenerWD - Before find elementsBy.xpath: //button[text()='Sign Out']
14:16:46.351  INFO  manager.ListenerWD - After find elementBy.xpath: //button[text()='Sign Out']
14:16:46.351  INFO  manager.ListenerWD - List size is-->1
14:16:46.351  INFO  manager.ListenerWD - Before find elementBy.xpath: //button[text()='Sign Out']
14:16:46.363  INFO  manager.ListenerWD - After find elementBy.xpath: //button[text()='Sign Out']
14:16:47.929  INFO  manager.ListenerWD - Before find elementBy.xpath: //a[@href='/login']
14:16:47.950  INFO  manager.ListenerWD - After find elementBy.xpath: //a[@href='/login']
14:16:48.493  INFO  manager.ListenerWD - Before find elementBy.name: email
14:16:48.510  INFO  manager.ListenerWD - After find elementBy.name: email
14:16:48.651  INFO  manager.ListenerWD - Before find elementBy.xpath: //input[position()=2]
14:16:48.663  INFO  manager.ListenerWD - After find elementBy.xpath: //input[position()=2]
14:16:49.317  INFO  manager.ListenerWD - Before find elementBy.xpath: //button[@name='login']
14:16:49.367  INFO  manager.ListenerWD - After find elementBy.xpath: //button[@name='login']
14:16:49.416  INFO  manager.ListenerWD - Before find elementBy.xpath: //a[@href='/add']
14:16:49.755  INFO  manager.ListenerWD - After find elementBy.xpath: //a[@href='/add']
14:16:49.804  INFO  manager.ListenerWD - Before find elementBy.xpath: //input[@placeholder='Name']
14:16:49.819  INFO  manager.ListenerWD - After find elementBy.xpath: //input[@placeholder='Name']
14:16:49.945  INFO  manager.ListenerWD - Before find elementBy.xpath: //input[@placeholder='Last Name']
14:16:49.956  INFO  manager.ListenerWD - After find elementBy.xpath: //input[@placeholder='Last Name']
14:16:50.076  INFO  manager.ListenerWD - Before find elementBy.cssSelector: input[placeholder='Phone']
14:16:50.088  INFO  manager.ListenerWD - After find elementBy.cssSelector: input[placeholder='Phone']
14:16:50.233  INFO  manager.ListenerWD - Before find elementBy.xpath: //input[@placeholder='email']
14:16:50.243  INFO  manager.ListenerWD - After find elementBy.xpath: //input[@placeholder='email']
14:16:50.366  INFO  manager.ListenerWD - Before find elementBy.xpath: //input[@placeholder='Address']
14:16:50.378  INFO  manager.ListenerWD - After find elementBy.xpath: //input[@placeholder='Address']
14:16:50.489  INFO  manager.ListenerWD - Before find elementBy.xpath: //input[@placeholder='description']
14:16:50.500  INFO  manager.ListenerWD - After find elementBy.xpath: //input[@placeholder='description']
14:16:50.621  INFO  manager.ListenerWD - Before find elementBy.xpath: //div[@class='add_form__2rsm2']//button
14:16:50.634  INFO  manager.ListenerWD - After find elementBy.xpath: //div[@class='add_form__2rsm2']//button
14:16:50.669  INFO  manager.ListenerWD - Before find elementsBy.cssSelector: a.active[href='/add']
14:16:50.683  INFO  manager.ListenerWD - After find elementBy.cssSelector: a.active[href='/add']
14:16:50.684  INFO  manager.ListenerWD - List size is-->1
14:16:50.684  INFO  tests.TestBase - The name of starts method --->addNewContactWithWrongPhone
14:16:50.685  INFO  manager.ListenerWD - Before find elementsBy.xpath: //button[text()='Sign Out']
14:16:50.694  INFO  manager.ListenerWD - After find elementBy.xpath: //button[text()='Sign Out']
14:16:50.695  INFO  manager.ListenerWD - List size is-->1
14:16:50.695  INFO  manager.ListenerWD - Before find elementBy.xpath: //button[text()='Sign Out']
14:16:50.707  INFO  manager.ListenerWD - After find elementBy.xpath: //button[text()='Sign Out']
14:16:52.270  INFO  manager.ListenerWD - Before find elementBy.xpath: //a[@href='/login']
14:16:52.287  INFO  manager.ListenerWD - Have a 'problem'
14:16:52.287  INFO  manager.ListenerWD - ***************************************
14:16:52.287  INFO  manager.ListenerWD - Method methodfindElement
14:16:52.288  INFO  manager.ListenerWD - ***************************************
14:16:52.288  INFO  manager.ListenerWD - ***************************************
14:16:52.289  INFO  manager.ListenerWD - InvocationTargetExceptionorg.openqa.selenium.UnhandledAlertException: unexpected alert open: {Alert text : Email not valid: must be a well-formed email address}
  (Session info: chrome=109.0.5414.120): Email not valid: must be a well-formed email address
Build info: version: '4.7.1', revision: 'c6795baf1a3'
System info: os.name: 'Windows 10', os.arch: 'amd64', os.version: '10.0', java.version: '11.0.17'
Driver info: org.openqa.selenium.chrome.ChromeDriver
Command: [58b91bb1f1c7c01c329896d35e00887f, findElement {using=xpath, value=//a[@href='/login']}]
Capabilities {acceptInsecureCerts: false, browserName: chrome, browserVersion: 109.0.5414.120, chrome: {chromedriverVersion: 109.0.5414.74 (e7c5703604da..., userDataDir: C:\Users\ALEKSA~1\AppData\L...}, goog:chromeOptions: {debuggerAddress: localhost:64013}, networkConnectionEnabled: false, pageLoadStrategy: normal, platformName: WINDOWS, proxy: Proxy(), se:cdp: ws://localhost:64013/devtoo..., se:cdpVersion: 109.0.5414.120, setWindowRect: true, strictFileInteractability: false, timeouts: {implicit: 0, pageLoad: 300000, script: 30000}, unhandledPromptBehavior: dismiss and notify, webauthn:extension:credBlob: true, webauthn:extension:largeBlob: true, webauthn:virtualAuthenticators: true}
Session ID: 58b91bb1f1c7c01c329896d35e00887f
14:16:52.290  INFO  manager.ListenerWD - ***************************************
14:16:52.290  INFO  manager.ListenerWD - ***************************************
14:16:52.290  INFO  manager.ListenerWD - Object targetChromeDriver: chrome on WINDOWS (58b91bb1f1c7c01c329896d35e00887f)
14:16:52.290  INFO  manager.ListenerWD - ***************************************
14:16:52.291  INFO  manager.ListenerWD - Screen with error is--->src/test/screenshots/screen-804.png
14:16:52.748  INFO  tests.TestBase - The name of starts method --->loginSuccess
14:16:52.792  INFO  tests.TestBase - The name of starts method --->registrationSuccess
14:16:52.800  INFO  tests.TestBase - The name of starts method --->removeOneContactSuccess
