00:10:20.526  INFO  manager.ApplicationManager - All test start in Chrome Browser
00:10:22.784  INFO  manager.ApplicationManager - Current Url -->https://telranedu.web.app/home
00:10:22.908  INFO  tests.TestBase - The name of starts method --->addNewContactSuccessAllFields
00:10:22.915  INFO  manager.ListenerWD - Before find elementsBy.xpath: //button[text()='Sign Out']
00:10:27.975  INFO  manager.ListenerWD - After find elementBy.xpath: //button[text()='Sign Out']
00:10:27.978  INFO  manager.ListenerWD - List size is-->0
00:10:27.981  INFO  manager.ListenerWD - Befor find elementBy.xpath: //input[position()=1]
00:10:33.029  INFO  manager.ListenerWD - Have a 'problem'
00:10:33.029  INFO  manager.ListenerWD - ***************************************
00:10:33.030  INFO  manager.ListenerWD - Method methodfindElement
00:10:33.030  INFO  manager.ListenerWD - ***************************************
00:10:33.030  INFO  manager.ListenerWD - ***************************************
00:10:33.033  INFO  manager.ListenerWD - InvocationTargetExceptionorg.openqa.selenium.NoSuchElementException: no such element: Unable to locate element: {"method":"xpath","selector":"//input[position()=1]"}
  (Session info: chrome=109.0.5414.120)
For documentation on this error, please visit: https://selenium.dev/exceptions/#no_such_element
Build info: version: '4.7.1', revision: 'c6795baf1a3'
System info: os.name: 'Windows 10', os.arch: 'amd64', os.version: '10.0', java.version: '11.0.17'
Driver info: org.openqa.selenium.chrome.ChromeDriver
Command: [63c89e9d12cfb589e2717290a3c20a01, findElement {using=xpath, value=//input[position()=1]}]
Capabilities {acceptInsecureCerts: false, browserName: chrome, browserVersion: 109.0.5414.120, chrome: {chromedriverVersion: 109.0.5414.74 (e7c5703604da..., userDataDir: C:\Users\ALEKSA~1\AppData\L...}, goog:chromeOptions: {debuggerAddress: localhost:50873}, networkConnectionEnabled: false, pageLoadStrategy: normal, platformName: WINDOWS, proxy: Proxy(), se:cdp: ws://localhost:50873/devtoo..., se:cdpVersion: 109.0.5414.120, setWindowRect: true, strictFileInteractability: false, timeouts: {implicit: 0, pageLoad: 300000, script: 30000}, unhandledPromptBehavior: dismiss and notify, webauthn:extension:credBlob: true, webauthn:extension:largeBlob: true, webauthn:virtualAuthenticators: true}
Session ID: 63c89e9d12cfb589e2717290a3c20a01
00:10:33.033  INFO  manager.ListenerWD - ***************************************
00:10:33.033  INFO  manager.ListenerWD - ***************************************
00:10:33.034  INFO  manager.ListenerWD - Object targetChromeDriver: chrome on WINDOWS (63c89e9d12cfb589e2717290a3c20a01)
00:10:33.034  INFO  manager.ListenerWD - ***************************************
00:10:33.038  INFO  manager.ListenerWD - Screen with error is--->src/test/screenshots/screen-1077.png
