16:48:53.858  INFO  manager.ApplicationManager - All test start in Chrome Browser
16:48:55.273  INFO  manager.ApplicationManager - Current Url -->https://telranedu.web.app/home
16:48:55.335  INFO  tests.TestBase - The name of starts method --->addNewContactSuccessAllFields
16:48:55.342  INFO  manager.ListenerWD - Before find elementsBy.xpath: //button[text()='Sign Out']
16:49:00.399  INFO  manager.ListenerWD - After find elementBy.xpath: //button[text()='Sign Out']
16:49:00.402  INFO  manager.ListenerWD - List size is-->0
16:49:00.909  INFO  manager.ListenerWD - Before find elementBy.xpath: //a[@href='/login']
16:49:00.942  INFO  manager.ListenerWD - After find elementBy.xpath: //a[@href='/login']
16:49:01.514  INFO  manager.ListenerWD - Before find elementBy.name: email
16:49:01.543  INFO  manager.ListenerWD - After find elementBy.name: email
16:49:02.731  INFO  manager.ListenerWD - Before find elementBy.xpath: //input[position()=2]
16:49:02.760  INFO  manager.ListenerWD - After find elementBy.xpath: //input[position()=2]
16:49:04.424  INFO  manager.ListenerWD - Before find elementBy.xpath: //button[@name='login']
16:49:04.453  INFO  manager.ListenerWD - After find elementBy.xpath: //button[@name='login']
16:49:04.526  INFO  tests.TestBase - Test start with data: Contacts(name=Melafifon1897, lastName=Green, phone=05618972569, email=melG1897@gmail.com, address=Netanya, description=All fields)
16:49:04.526  INFO  manager.ListenerWD - Before find elementBy.xpath: //a[@href='/add']
16:49:05.684  INFO  manager.ListenerWD - After find elementBy.xpath: //a[@href='/add']
16:49:05.733  INFO  manager.ListenerWD - Before find elementBy.xpath: //input[@placeholder='Name']
16:49:05.761  INFO  manager.ListenerWD - After find elementBy.xpath: //input[@placeholder='Name']
16:49:06.929  INFO  manager.ListenerWD - Before find elementBy.xpath: //input[@placeholder='Last Name']
16:49:06.955  INFO  manager.ListenerWD - After find elementBy.xpath: //input[@placeholder='Last Name']
16:49:08.161  INFO  manager.ListenerWD - Before find elementBy.cssSelector: input[placeholder='Phone']
16:49:08.225  INFO  manager.ListenerWD - After find elementBy.cssSelector: input[placeholder='Phone']
16:49:09.457  INFO  manager.ListenerWD - Before find elementBy.xpath: //input[@placeholder='email']
16:49:09.510  INFO  manager.ListenerWD - After find elementBy.xpath: //input[@placeholder='email']
16:49:10.694  INFO  manager.ListenerWD - Before find elementBy.xpath: //input[@placeholder='Address']
16:49:10.725  INFO  manager.ListenerWD - After find elementBy.xpath: //input[@placeholder='Address']
16:49:11.887  INFO  manager.ListenerWD - Before find elementBy.xpath: //input[@placeholder='description']
16:49:11.908  INFO  manager.ListenerWD - After find elementBy.xpath: //input[@placeholder='description']
16:49:13.087  INFO  manager.ListenerWD - Before find elementBy.xpath: //div[@class='add_form__2rsm2']//button
16:49:13.110  INFO  manager.ListenerWD - After find elementBy.xpath: //div[@class='add_form__2rsm2']//button
16:49:13.147  INFO  manager.ListenerWD - Before find elementsBy.cssSelector: h2
16:49:14.588  INFO  manager.ListenerWD - After find elementBy.cssSelector: h2
16:49:14.589  INFO  manager.ListenerWD - List size is-->84
16:49:15.744  INFO  tests.TestBase - The name of starts method --->addNewContactSuccessRequiredFields
16:49:15.745  INFO  manager.ListenerWD - Before find elementsBy.xpath: //button[text()='Sign Out']
16:49:15.761  INFO  manager.ListenerWD - After find elementBy.xpath: //button[text()='Sign Out']
16:49:15.761  INFO  manager.ListenerWD - List size is-->1
16:49:15.762  INFO  manager.ListenerWD - Before find elementBy.xpath: //a[@href='/add']
16:49:15.774  INFO  manager.ListenerWD - After find elementBy.xpath: //a[@href='/add']
16:49:16.818  INFO  manager.ListenerWD - Before find elementBy.xpath: //input[@placeholder='Name']
16:49:16.832  INFO  manager.ListenerWD - After find elementBy.xpath: //input[@placeholder='Name']
16:49:17.955  INFO  manager.ListenerWD - Before find elementBy.xpath: //input[@placeholder='Last Name']
16:49:17.970  INFO  manager.ListenerWD - After find elementBy.xpath: //input[@placeholder='Last Name']
16:49:19.128  INFO  manager.ListenerWD - Before find elementBy.cssSelector: input[placeholder='Phone']
16:49:19.142  INFO  manager.ListenerWD - After find elementBy.cssSelector: input[placeholder='Phone']
16:49:20.308  INFO  manager.ListenerWD - Before find elementBy.xpath: //input[@placeholder='email']
16:49:20.323  INFO  manager.ListenerWD - After find elementBy.xpath: //input[@placeholder='email']
16:49:21.496  INFO  manager.ListenerWD - Before find elementBy.xpath: //input[@placeholder='Address']
16:49:21.510  INFO  manager.ListenerWD - After find elementBy.xpath: //input[@placeholder='Address']
16:49:22.639  INFO  manager.ListenerWD - Before find elementBy.xpath: //input[@placeholder='description']
16:49:22.655  INFO  manager.ListenerWD - After find elementBy.xpath: //input[@placeholder='description']
16:49:23.782  INFO  manager.ListenerWD - Before find elementBy.xpath: //div[@class='add_form__2rsm2']//button
16:49:23.795  INFO  manager.ListenerWD - After find elementBy.xpath: //div[@class='add_form__2rsm2']//button
16:49:23.832  INFO  manager.ListenerWD - Before find elementsBy.cssSelector: h3
16:49:24.967  INFO  manager.ListenerWD - After find elementBy.cssSelector: h3
16:49:24.967  INFO  manager.ListenerWD - List size is-->85
16:49:25.053  INFO  tests.TestBase - The name of starts method --->addNewContactWithWrongMail
16:49:25.053  INFO  manager.ListenerWD - Before find elementsBy.xpath: //button[text()='Sign Out']
16:49:25.067  INFO  manager.ListenerWD - After find elementBy.xpath: //button[text()='Sign Out']
16:49:25.068  INFO  manager.ListenerWD - List size is-->1
16:49:25.068  INFO  manager.ListenerWD - Before find elementBy.xpath: //a[@href='/add']
16:49:25.083  INFO  manager.ListenerWD - After find elementBy.xpath: //a[@href='/add']
16:49:25.114  INFO  manager.ListenerWD - Before find elementBy.xpath: //input[@placeholder='Name']
16:49:25.131  INFO  manager.ListenerWD - After find elementBy.xpath: //input[@placeholder='Name']
16:49:26.296  INFO  manager.ListenerWD - Before find elementBy.xpath: //input[@placeholder='Last Name']
16:49:26.307  INFO  manager.ListenerWD - After find elementBy.xpath: //input[@placeholder='Last Name']
16:49:27.459  INFO  manager.ListenerWD - Before find elementBy.cssSelector: input[placeholder='Phone']
16:49:27.471  INFO  manager.ListenerWD - After find elementBy.cssSelector: input[placeholder='Phone']
16:49:28.636  INFO  manager.ListenerWD - Before find elementBy.xpath: //input[@placeholder='email']
16:49:28.649  INFO  manager.ListenerWD - After find elementBy.xpath: //input[@placeholder='email']
16:49:29.810  INFO  manager.ListenerWD - Before find elementBy.xpath: //input[@placeholder='Address']
16:49:29.823  INFO  manager.ListenerWD - After find elementBy.xpath: //input[@placeholder='Address']
16:49:30.968  INFO  manager.ListenerWD - Before find elementBy.xpath: //input[@placeholder='description']
16:49:30.982  INFO  manager.ListenerWD - After find elementBy.xpath: //input[@placeholder='description']
16:49:32.127  INFO  manager.ListenerWD - Before find elementBy.xpath: //div[@class='add_form__2rsm2']//button
16:49:32.139  INFO  manager.ListenerWD - After find elementBy.xpath: //div[@class='add_form__2rsm2']//button
16:49:32.175  INFO  manager.ListenerWD - Before find elementsBy.cssSelector: a.active[href='/add']
16:49:32.191  INFO  manager.ListenerWD - After find elementBy.cssSelector: a.active[href='/add']
16:49:32.192  INFO  manager.ListenerWD - List size is-->1
16:49:32.193  INFO  tests.TestBase - The name of starts method --->addNewContactWithoutAddress
16:49:32.194  INFO  manager.ListenerWD - Before find elementsBy.xpath: //button[text()='Sign Out']
16:49:32.205  INFO  manager.ListenerWD - After find elementBy.xpath: //button[text()='Sign Out']
16:49:32.205  INFO  manager.ListenerWD - List size is-->1
16:49:32.206  INFO  manager.ListenerWD - Before find elementBy.xpath: //a[@href='/add']
16:49:32.218  INFO  manager.ListenerWD - After find elementBy.xpath: //a[@href='/add']
16:49:32.253  INFO  manager.ListenerWD - Before find elementBy.xpath: //input[@placeholder='Name']
16:49:32.267  INFO  manager.ListenerWD - After find elementBy.xpath: //input[@placeholder='Name']
16:49:33.354  INFO  manager.ListenerWD - Have a 'problem'
16:49:33.355  INFO  manager.ListenerWD - ***************************************
16:49:33.355  INFO  manager.ListenerWD - Method methodsendKeys
16:49:33.356  INFO  manager.ListenerWD - ***************************************
16:49:33.356  INFO  manager.ListenerWD - ***************************************
16:49:33.362  INFO  manager.ListenerWD - InvocationTargetExceptionorg.openqa.selenium.UnhandledAlertException: unexpected alert open: {Alert text : Email not valid: must be a well-formed email address}
  (Session info: chrome=109.0.5414.120): Email not valid: must be a well-formed email address
Build info: version: '4.7.1', revision: 'c6795baf1a3'
System info: os.name: 'Windows 10', os.arch: 'amd64', os.version: '10.0', java.version: '11.0.17'
Driver info: org.openqa.selenium.chrome.ChromeDriver
Command: [695786040ab3c8204a48016365e42f72, sendKeysToElement {id=aab676f6-f725-4d87-bed9-a5dc984ec7e9, value=[Ljava.lang.CharSequence;@367d34c0}]
Capabilities {acceptInsecureCerts: false, browserName: chrome, browserVersion: 109.0.5414.120, chrome: {chromedriverVersion: 109.0.5414.74 (e7c5703604da..., userDataDir: C:\Users\ALEKSA~1\AppData\L...}, goog:chromeOptions: {debuggerAddress: localhost:49331}, networkConnectionEnabled: false, pageLoadStrategy: normal, platformName: WINDOWS, proxy: Proxy(), se:cdp: ws://localhost:49331/devtoo..., se:cdpVersion: 109.0.5414.120, setWindowRect: true, strictFileInteractability: false, timeouts: {implicit: 0, pageLoad: 300000, script: 30000}, unhandledPromptBehavior: dismiss and notify, webauthn:extension:credBlob: true, webauthn:extension:largeBlob: true, webauthn:virtualAuthenticators: true}
Element: [[ChromeDriver: chrome on WINDOWS (695786040ab3c8204a48016365e42f72)] -> xpath: //input[@placeholder='Name']]
Session ID: 695786040ab3c8204a48016365e42f72
16:49:33.363  INFO  manager.ListenerWD - ***************************************
16:49:33.364  INFO  manager.ListenerWD - ***************************************
16:49:33.365  INFO  manager.ListenerWD - Object target[[ChromeDriver: chrome on WINDOWS (695786040ab3c8204a48016365e42f72)] -> xpath: //input[@placeholder='Name']]
16:49:33.369  INFO  manager.ListenerWD - ***************************************
16:49:34.281  INFO  manager.ListenerWD - Screen with error is--->src/test/screenshots/screen-396.png
16:49:34.462  INFO  tests.TestBase - The name of starts method --->addNewContactWithoutLastName
16:49:34.463  INFO  manager.ListenerWD - Before find elementsBy.xpath: //button[text()='Sign Out']
16:49:34.480  INFO  manager.ListenerWD - After find elementBy.xpath: //button[text()='Sign Out']
16:49:34.481  INFO  manager.ListenerWD - List size is-->1
16:49:34.482  INFO  manager.ListenerWD - Before find elementBy.xpath: //a[@href='/add']
16:49:34.497  INFO  manager.ListenerWD - After find elementBy.xpath: //a[@href='/add']
16:49:34.524  INFO  manager.ListenerWD - Before find elementBy.xpath: //input[@placeholder='Name']
16:49:34.545  INFO  manager.ListenerWD - After find elementBy.xpath: //input[@placeholder='Name']
16:49:35.675  INFO  manager.ListenerWD - Before find elementBy.xpath: //input[@placeholder='Last Name']
16:49:35.690  INFO  manager.ListenerWD - After find elementBy.xpath: //input[@placeholder='Last Name']
16:49:36.769  INFO  manager.ListenerWD - Before find elementBy.cssSelector: input[placeholder='Phone']
16:49:36.782  INFO  manager.ListenerWD - After find elementBy.cssSelector: input[placeholder='Phone']
16:49:37.913  INFO  manager.ListenerWD - Before find elementBy.xpath: //input[@placeholder='email']
16:49:37.926  INFO  manager.ListenerWD - After find elementBy.xpath: //input[@placeholder='email']
16:49:39.044  INFO  manager.ListenerWD - Before find elementBy.xpath: //input[@placeholder='Address']
16:49:39.059  INFO  manager.ListenerWD - After find elementBy.xpath: //input[@placeholder='Address']
16:49:40.177  INFO  manager.ListenerWD - Before find elementBy.xpath: //input[@placeholder='description']
16:49:40.193  INFO  manager.ListenerWD - After find elementBy.xpath: //input[@placeholder='description']
16:49:41.317  INFO  manager.ListenerWD - Before find elementBy.xpath: //div[@class='add_form__2rsm2']//button
16:49:41.330  INFO  manager.ListenerWD - After find elementBy.xpath: //div[@class='add_form__2rsm2']//button
16:49:41.354  INFO  manager.ListenerWD - Before find elementsBy.xpath: //input[@placeholder='Name']
16:49:41.373  INFO  manager.ListenerWD - After find elementBy.xpath: //input[@placeholder='Name']
16:49:41.373  INFO  manager.ListenerWD - List size is-->1
16:49:41.374  INFO  tests.TestBase - The name of starts method --->addNewContactWithoutName
16:49:41.375  INFO  manager.ListenerWD - Before find elementsBy.xpath: //button[text()='Sign Out']
16:49:41.386  INFO  manager.ListenerWD - After find elementBy.xpath: //button[text()='Sign Out']
16:49:41.386  INFO  manager.ListenerWD - List size is-->1
16:49:41.387  INFO  manager.ListenerWD - Before find elementBy.xpath: //a[@href='/add']
16:49:41.401  INFO  manager.ListenerWD - After find elementBy.xpath: //a[@href='/add']
16:49:41.435  INFO  manager.ListenerWD - Before find elementBy.xpath: //input[@placeholder='Name']
16:49:41.448  INFO  manager.ListenerWD - After find elementBy.xpath: //input[@placeholder='Name']
16:49:42.533  INFO  manager.ListenerWD - Before find elementBy.xpath: //input[@placeholder='Last Name']
16:49:42.546  INFO  manager.ListenerWD - After find elementBy.xpath: //input[@placeholder='Last Name']
16:49:43.646  INFO  manager.ListenerWD - Before find elementBy.cssSelector: input[placeholder='Phone']
16:49:43.659  INFO  manager.ListenerWD - After find elementBy.cssSelector: input[placeholder='Phone']
16:49:44.801  INFO  manager.ListenerWD - Before find elementBy.xpath: //input[@placeholder='email']
16:49:44.813  INFO  manager.ListenerWD - After find elementBy.xpath: //input[@placeholder='email']
16:49:45.950  INFO  manager.ListenerWD - Before find elementBy.xpath: //input[@placeholder='Address']
16:49:45.969  INFO  manager.ListenerWD - After find elementBy.xpath: //input[@placeholder='Address']
16:49:47.139  INFO  manager.ListenerWD - Before find elementBy.xpath: //input[@placeholder='description']
16:49:47.162  INFO  manager.ListenerWD - After find elementBy.xpath: //input[@placeholder='description']
16:49:48.343  INFO  manager.ListenerWD - Before find elementBy.xpath: //div[@class='add_form__2rsm2']//button
16:49:48.361  INFO  manager.ListenerWD - After find elementBy.xpath: //div[@class='add_form__2rsm2']//button
16:49:48.391  INFO  manager.ListenerWD - Before find elementsBy.xpath: //input[@placeholder='Name']
16:49:48.406  INFO  manager.ListenerWD - After find elementBy.xpath: //input[@placeholder='Name']
16:49:48.407  INFO  manager.ListenerWD - List size is-->1
