00:05:10.550  INFO  manager.ApplicationManager - All test start in Chrome Browser
00:05:12.264  INFO  manager.ApplicationManager - Current Url -->https://telranedu.web.app/home
00:05:12.310  INFO  tests.TestBase - The name of starts method --->addNewContactSuccessAllFields
00:05:12.314  INFO  manager.ListenerWD - Before find elementsBy.xpath: //button[text()='Sign Out']
00:05:17.381  INFO  manager.ListenerWD - After find elementBy.xpath: //button[text()='Sign Out']
00:05:17.384  INFO  manager.ListenerWD - List size is-->0
00:05:17.386  INFO  manager.ListenerWD - Befor find elementBy.xpath: //input[position()=1]
00:05:22.455  INFO  manager.ListenerWD - Have a 'problem'
00:05:22.456  INFO  manager.ListenerWD - ***************************************
00:05:22.457  INFO  manager.ListenerWD - Method methodfindElement
00:05:22.458  INFO  manager.ListenerWD - ***************************************
00:05:22.458  INFO  manager.ListenerWD - ***************************************
00:05:22.461  INFO  manager.ListenerWD - InvocationTargetExceptionorg.openqa.selenium.NoSuchElementException: no such element: Unable to locate element: {"method":"xpath","selector":"//input[position()=1]"}
  (Session info: chrome=109.0.5414.120)
For documentation on this error, please visit: https://selenium.dev/exceptions/#no_such_element
Build info: version: '4.7.1', revision: 'c6795baf1a3'
System info: os.name: 'Windows 10', os.arch: 'amd64', os.version: '10.0', java.version: '11.0.17'
Driver info: org.openqa.selenium.chrome.ChromeDriver
Command: [3cd25ceb69575ef8b44e5b8a69444fad, findElement {using=xpath, value=//input[position()=1]}]
Capabilities {acceptInsecureCerts: false, browserName: chrome, browserVersion: 109.0.5414.120, chrome: {chromedriverVersion: 109.0.5414.74 (e7c5703604da..., userDataDir: C:\Users\ALEKSA~1\AppData\L...}, goog:chromeOptions: {debuggerAddress: localhost:50637}, networkConnectionEnabled: false, pageLoadStrategy: normal, platformName: WINDOWS, proxy: Proxy(), se:cdp: ws://localhost:50637/devtoo..., se:cdpVersion: 109.0.5414.120, setWindowRect: true, strictFileInteractability: false, timeouts: {implicit: 0, pageLoad: 300000, script: 30000}, unhandledPromptBehavior: dismiss and notify, webauthn:extension:credBlob: true, webauthn:extension:largeBlob: true, webauthn:virtualAuthenticators: true}
Session ID: 3cd25ceb69575ef8b44e5b8a69444fad
00:05:22.463  INFO  manager.ListenerWD - ***************************************
00:05:22.463  INFO  manager.ListenerWD - ***************************************
00:05:22.464  INFO  manager.ListenerWD - Object targetChromeDriver: chrome on WINDOWS (3cd25ceb69575ef8b44e5b8a69444fad)
00:05:22.465  INFO  manager.ListenerWD - ***************************************
00:05:22.470  INFO  manager.ListenerWD - Screen with error is--->src/test/screenshots/screen-1529.png
00:05:22.930  INFO  tests.TestBase - The name of starts method --->loginSuccess
00:05:23.003  INFO  tests.TestBase - The name of starts method --->registrationSuccess
00:05:23.010  INFO  tests.TestBase - The name of starts method --->removeAllContacts
