14:13:11.074  INFO  manager.ApplicationManager - All test start in Chrome Browser
14:13:13.205  INFO  manager.ApplicationManager - Current Url -->https://telranedu.web.app/home
14:13:13.287  INFO  tests.TestBase - The name of starts method --->addNewContactSuccessAllFields
14:13:13.293  INFO  manager.ListenerWD - Before find elementsBy.xpath: //button[text()='Sign Out']
14:13:18.323  INFO  manager.ListenerWD - After find elementBy.xpath: //button[text()='Sign Out']
14:13:18.326  INFO  manager.ListenerWD - List size is-->0
14:13:18.843  INFO  manager.ListenerWD - Before find elementBy.xpath: //a[@href='/login']
14:13:18.876  INFO  manager.ListenerWD - After find elementBy.xpath: //a[@href='/login']
14:13:19.454  INFO  manager.ListenerWD - Before find elementBy.name: email
14:13:19.484  INFO  manager.ListenerWD - After find elementBy.name: email
14:13:19.655  INFO  manager.ListenerWD - Before find elementBy.xpath: //input[position()=2]
14:13:19.685  INFO  manager.ListenerWD - After find elementBy.xpath: //input[position()=2]
14:13:20.354  INFO  manager.ListenerWD - Before find elementBy.xpath: //button[@name='login']
14:13:20.384  INFO  manager.ListenerWD - After find elementBy.xpath: //button[@name='login']
14:13:20.484  INFO  tests.TestBase - Test start with data: Contacts(name=Melafifon215, lastName=Green, phone=0562152569, email=melG215@gmail.com, address=Netanya, description=All fields)
14:13:20.485  INFO  manager.ListenerWD - Before find elementBy.xpath: //a[@href='/add']
14:13:21.513  INFO  manager.ListenerWD - After find elementBy.xpath: //a[@href='/add']
14:13:21.571  INFO  manager.ListenerWD - Before find elementBy.xpath: //input[@placeholder='Name']
14:13:21.603  INFO  manager.ListenerWD - After find elementBy.xpath: //input[@placeholder='Name']
14:13:21.759  INFO  manager.ListenerWD - Before find elementBy.xpath: //input[@placeholder='Last Name']
14:13:21.785  INFO  manager.ListenerWD - After find elementBy.xpath: //input[@placeholder='Last Name']
14:13:21.915  INFO  manager.ListenerWD - Before find elementBy.cssSelector: input[placeholder='Phone']
14:13:21.943  INFO  manager.ListenerWD - After find elementBy.cssSelector: input[placeholder='Phone']
14:13:22.083  INFO  manager.ListenerWD - Before find elementBy.xpath: //input[@placeholder='email']
14:13:22.111  INFO  manager.ListenerWD - After find elementBy.xpath: //input[@placeholder='email']
14:13:22.267  INFO  manager.ListenerWD - Before find elementBy.xpath: //input[@placeholder='Address']
14:13:22.296  INFO  manager.ListenerWD - After find elementBy.xpath: //input[@placeholder='Address']
14:13:22.443  INFO  manager.ListenerWD - Before find elementBy.xpath: //input[@placeholder='description']
14:13:22.471  INFO  manager.ListenerWD - After find elementBy.xpath: //input[@placeholder='description']
14:13:22.620  INFO  manager.ListenerWD - Before find elementBy.xpath: //div[@class='add_form__2rsm2']//button
14:13:22.644  INFO  manager.ListenerWD - After find elementBy.xpath: //div[@class='add_form__2rsm2']//button
14:13:22.695  INFO  tests.TestBase - The name of starts method --->addNewContactSuccessRequiredFields
14:13:22.696  INFO  manager.ListenerWD - Before find elementsBy.xpath: //button[text()='Sign Out']
14:13:22.714  INFO  manager.ListenerWD - After find elementBy.xpath: //button[text()='Sign Out']
14:13:22.715  INFO  manager.ListenerWD - List size is-->1
14:13:22.716  INFO  manager.ListenerWD - Before find elementBy.xpath: //a[@href='/add']
14:13:22.733  INFO  manager.ListenerWD - After find elementBy.xpath: //a[@href='/add']
14:13:23.788  INFO  manager.ListenerWD - Before find elementBy.xpath: //input[@placeholder='Name']
14:13:28.822  INFO  manager.ListenerWD - Have a 'problem'
14:13:28.822  INFO  manager.ListenerWD - ***************************************
14:13:28.823  INFO  manager.ListenerWD - Method methodfindElement
14:13:28.823  INFO  manager.ListenerWD - ***************************************
14:13:28.823  INFO  manager.ListenerWD - ***************************************
14:13:28.826  INFO  manager.ListenerWD - InvocationTargetExceptionorg.openqa.selenium.NoSuchElementException: no such element: Unable to locate element: {"method":"xpath","selector":"//input[@placeholder='Name']"}
  (Session info: chrome=109.0.5414.120)
For documentation on this error, please visit: https://selenium.dev/exceptions/#no_such_element
Build info: version: '4.7.1', revision: 'c6795baf1a3'
System info: os.name: 'Windows 10', os.arch: 'amd64', os.version: '10.0', java.version: '11.0.17'
Driver info: org.openqa.selenium.chrome.ChromeDriver
Command: [24d7bc6cb0d1d4ac15d341bc0c51ebd9, findElement {using=xpath, value=//input[@placeholder='Name']}]
Capabilities {acceptInsecureCerts: false, browserName: chrome, browserVersion: 109.0.5414.120, chrome: {chromedriverVersion: 109.0.5414.74 (e7c5703604da..., userDataDir: C:\Users\ALEKSA~1\AppData\L...}, goog:chromeOptions: {debuggerAddress: localhost:65213}, networkConnectionEnabled: false, pageLoadStrategy: normal, platformName: WINDOWS, proxy: Proxy(), se:cdp: ws://localhost:65213/devtoo..., se:cdpVersion: 109.0.5414.120, setWindowRect: true, strictFileInteractability: false, timeouts: {implicit: 0, pageLoad: 300000, script: 30000}, unhandledPromptBehavior: dismiss and notify, webauthn:extension:credBlob: true, webauthn:extension:largeBlob: true, webauthn:virtualAuthenticators: true}
Session ID: 24d7bc6cb0d1d4ac15d341bc0c51ebd9
14:13:28.827  INFO  manager.ListenerWD - ***************************************
14:13:28.827  INFO  manager.ListenerWD - ***************************************
14:13:28.828  INFO  manager.ListenerWD - Object targetChromeDriver: chrome on WINDOWS (24d7bc6cb0d1d4ac15d341bc0c51ebd9)
14:13:28.828  INFO  manager.ListenerWD - ***************************************
14:13:28.829  INFO  manager.ListenerWD - Screen with error is--->src/test/screenshots/screen-199.png
14:13:29.412  INFO  tests.TestBase - The name of starts method --->addNewContactWithWrongMail
14:13:29.413  INFO  manager.ListenerWD - Before find elementsBy.xpath: //button[text()='Sign Out']
14:13:29.471  INFO  manager.ListenerWD - After find elementBy.xpath: //button[text()='Sign Out']
14:13:29.485  INFO  manager.ListenerWD - List size is-->1
14:13:29.486  INFO  manager.ListenerWD - Before find elementBy.xpath: //a[@href='/add']
14:13:29.528  INFO  manager.ListenerWD - After find elementBy.xpath: //a[@href='/add']
14:13:29.579  INFO  manager.ListenerWD - Before find elementBy.xpath: //input[@placeholder='Name']
14:13:29.605  INFO  manager.ListenerWD - After find elementBy.xpath: //input[@placeholder='Name']
14:13:29.737  INFO  manager.ListenerWD - Before find elementBy.xpath: //input[@placeholder='Last Name']
14:13:29.756  INFO  manager.ListenerWD - After find elementBy.xpath: //input[@placeholder='Last Name']
14:13:29.895  INFO  manager.ListenerWD - Before find elementBy.cssSelector: input[placeholder='Phone']
14:13:29.912  INFO  manager.ListenerWD - After find elementBy.cssSelector: input[placeholder='Phone']
14:13:30.046  INFO  manager.ListenerWD - Before find elementBy.xpath: //input[@placeholder='email']
14:13:30.066  INFO  manager.ListenerWD - After find elementBy.xpath: //input[@placeholder='email']
14:13:30.213  INFO  manager.ListenerWD - Before find elementBy.xpath: //input[@placeholder='Address']
14:13:30.233  INFO  manager.ListenerWD - After find elementBy.xpath: //input[@placeholder='Address']
14:13:30.366  INFO  manager.ListenerWD - Before find elementBy.xpath: //input[@placeholder='description']
14:13:30.383  INFO  manager.ListenerWD - After find elementBy.xpath: //input[@placeholder='description']
14:13:30.541  INFO  manager.ListenerWD - Before find elementBy.xpath: //div[@class='add_form__2rsm2']//button
14:13:30.558  INFO  manager.ListenerWD - After find elementBy.xpath: //div[@class='add_form__2rsm2']//button
14:13:30.604  INFO  manager.ListenerWD - Before find elementsBy.cssSelector: a.active[href='/add']
14:13:30.630  INFO  manager.ListenerWD - After find elementBy.cssSelector: a.active[href='/add']
14:13:30.630  INFO  manager.ListenerWD - List size is-->1
14:13:30.635  INFO  tests.TestBase - The name of starts method --->addNewContactWithWrongPhone
14:13:30.636  INFO  manager.ListenerWD - Before find elementsBy.xpath: //button[text()='Sign Out']
14:13:30.656  INFO  manager.ListenerWD - After find elementBy.xpath: //button[text()='Sign Out']
14:13:30.656  INFO  manager.ListenerWD - List size is-->1
14:13:30.657  INFO  manager.ListenerWD - Before find elementBy.xpath: //a[@href='/add']
14:13:30.673  INFO  manager.ListenerWD - After find elementBy.xpath: //a[@href='/add']
14:13:30.705  INFO  manager.ListenerWD - Before find elementBy.xpath: //input[@placeholder='Name']
14:13:30.723  INFO  manager.ListenerWD - After find elementBy.xpath: //input[@placeholder='Name']
14:13:30.848  INFO  manager.ListenerWD - Have a 'problem'
14:13:30.849  INFO  manager.ListenerWD - ***************************************
14:13:30.849  INFO  manager.ListenerWD - Method methodsendKeys
14:13:30.849  INFO  manager.ListenerWD - ***************************************
14:13:30.849  INFO  manager.ListenerWD - ***************************************
14:13:30.850  INFO  manager.ListenerWD - InvocationTargetExceptionorg.openqa.selenium.StaleElementReferenceException: stale element reference: element is not attached to the page document
  (Session info: chrome=109.0.5414.120)
For documentation on this error, please visit: https://selenium.dev/exceptions/#stale_element_reference
Build info: version: '4.7.1', revision: 'c6795baf1a3'
System info: os.name: 'Windows 10', os.arch: 'amd64', os.version: '10.0', java.version: '11.0.17'
Driver info: org.openqa.selenium.chrome.ChromeDriver
Command: [24d7bc6cb0d1d4ac15d341bc0c51ebd9, sendKeysToElement {id=7b7aa782-0472-4025-ae96-df6ff6e14cb4, value=[Ljava.lang.CharSequence;@549ac12c}]
Capabilities {acceptInsecureCerts: false, browserName: chrome, browserVersion: 109.0.5414.120, chrome: {chromedriverVersion: 109.0.5414.74 (e7c5703604da..., userDataDir: C:\Users\ALEKSA~1\AppData\L...}, goog:chromeOptions: {debuggerAddress: localhost:65213}, networkConnectionEnabled: false, pageLoadStrategy: normal, platformName: WINDOWS, proxy: Proxy(), se:cdp: ws://localhost:65213/devtoo..., se:cdpVersion: 109.0.5414.120, setWindowRect: true, strictFileInteractability: false, timeouts: {implicit: 0, pageLoad: 300000, script: 30000}, unhandledPromptBehavior: dismiss and notify, webauthn:extension:credBlob: true, webauthn:extension:largeBlob: true, webauthn:virtualAuthenticators: true}
Element: [[ChromeDriver: chrome on WINDOWS (24d7bc6cb0d1d4ac15d341bc0c51ebd9)] -> xpath: //input[@placeholder='Name']]
Session ID: 24d7bc6cb0d1d4ac15d341bc0c51ebd9
14:13:30.850  INFO  manager.ListenerWD - ***************************************
14:13:30.851  INFO  manager.ListenerWD - ***************************************
14:13:30.851  INFO  manager.ListenerWD - Object target[[ChromeDriver: chrome on WINDOWS (24d7bc6cb0d1d4ac15d341bc0c51ebd9)] -> xpath: //input[@placeholder='Name']]
14:13:30.852  INFO  manager.ListenerWD - ***************************************
14:13:30.859  INFO  tests.TestBase - The name of starts method --->addNewContactWithoutAddress
14:13:30.862  INFO  manager.ListenerWD - Before find elementsBy.xpath: //button[text()='Sign Out']
14:13:30.906  INFO  manager.ListenerWD - After find elementBy.xpath: //button[text()='Sign Out']
14:13:30.906  INFO  manager.ListenerWD - List size is-->1
14:13:30.907  INFO  manager.ListenerWD - Before find elementBy.xpath: //a[@href='/add']
14:13:30.929  INFO  manager.ListenerWD - After find elementBy.xpath: //a[@href='/add']
14:13:30.982  INFO  manager.ListenerWD - Before find elementBy.xpath: //input[@placeholder='Name']
14:13:31.007  INFO  manager.ListenerWD - After find elementBy.xpath: //input[@placeholder='Name']
14:13:31.132  INFO  manager.ListenerWD - Before find elementBy.xpath: //input[@placeholder='Last Name']
14:13:31.148  INFO  manager.ListenerWD - After find elementBy.xpath: //input[@placeholder='Last Name']
14:13:31.292  INFO  manager.ListenerWD - Before find elementBy.cssSelector: input[placeholder='Phone']
14:13:31.309  INFO  manager.ListenerWD - After find elementBy.cssSelector: input[placeholder='Phone']
14:13:31.462  INFO  manager.ListenerWD - Before find elementBy.xpath: //input[@placeholder='email']
14:13:31.477  INFO  manager.ListenerWD - After find elementBy.xpath: //input[@placeholder='email']
14:13:31.620  INFO  manager.ListenerWD - Before find elementBy.xpath: //input[@placeholder='Address']
14:13:31.636  INFO  manager.ListenerWD - After find elementBy.xpath: //input[@placeholder='Address']
14:13:31.723  INFO  manager.ListenerWD - Before find elementBy.xpath: //input[@placeholder='description']
14:13:31.736  INFO  manager.ListenerWD - After find elementBy.xpath: //input[@placeholder='description']
14:13:31.870  INFO  manager.ListenerWD - Before find elementBy.xpath: //div[@class='add_form__2rsm2']//button
14:13:31.885  INFO  manager.ListenerWD - After find elementBy.xpath: //div[@class='add_form__2rsm2']//button
14:13:31.921  INFO  manager.ListenerWD - Before find elementsBy.xpath: //input[@placeholder='Name']
14:13:31.939  INFO  manager.ListenerWD - After find elementBy.xpath: //input[@placeholder='Name']
14:13:31.940  INFO  manager.ListenerWD - List size is-->1
14:13:31.941  INFO  tests.TestBase - The name of starts method --->addNewContactWithoutLastName
14:13:31.941  INFO  manager.ListenerWD - Before find elementsBy.xpath: //button[text()='Sign Out']
14:13:31.954  INFO  manager.ListenerWD - After find elementBy.xpath: //button[text()='Sign Out']
14:13:31.954  INFO  manager.ListenerWD - List size is-->1
14:13:31.955  INFO  manager.ListenerWD - Before find elementBy.xpath: //a[@href='/add']
14:13:31.969  INFO  manager.ListenerWD - After find elementBy.xpath: //a[@href='/add']
14:13:31.995  INFO  manager.ListenerWD - Before find elementBy.xpath: //input[@placeholder='Name']
14:13:32.014  INFO  manager.ListenerWD - After find elementBy.xpath: //input[@placeholder='Name']
14:13:32.129  INFO  manager.ListenerWD - Before find elementBy.xpath: //input[@placeholder='Last Name']
14:13:32.143  INFO  manager.ListenerWD - After find elementBy.xpath: //input[@placeholder='Last Name']
14:13:32.228  INFO  manager.ListenerWD - Before find elementBy.cssSelector: input[placeholder='Phone']
14:13:32.245  INFO  manager.ListenerWD - After find elementBy.cssSelector: input[placeholder='Phone']
14:13:32.364  INFO  manager.ListenerWD - Before find elementBy.xpath: //input[@placeholder='email']
14:13:32.380  INFO  manager.ListenerWD - After find elementBy.xpath: //input[@placeholder='email']
14:13:32.502  INFO  manager.ListenerWD - Before find elementBy.xpath: //input[@placeholder='Address']
14:13:32.517  INFO  manager.ListenerWD - After find elementBy.xpath: //input[@placeholder='Address']
14:13:32.622  INFO  manager.ListenerWD - Before find elementBy.xpath: //input[@placeholder='description']
14:13:32.640  INFO  manager.ListenerWD - After find elementBy.xpath: //input[@placeholder='description']
14:13:32.770  INFO  manager.ListenerWD - Before find elementBy.xpath: //div[@class='add_form__2rsm2']//button
14:13:32.784  INFO  manager.ListenerWD - After find elementBy.xpath: //div[@class='add_form__2rsm2']//button
14:13:32.809  INFO  manager.ListenerWD - Before find elementsBy.xpath: //input[@placeholder='Name']
14:13:32.825  INFO  manager.ListenerWD - After find elementBy.xpath: //input[@placeholder='Name']
14:13:32.825  INFO  manager.ListenerWD - List size is-->1
14:13:32.826  INFO  tests.TestBase - The name of starts method --->addNewContactWithoutName
14:13:32.827  INFO  manager.ListenerWD - Before find elementsBy.xpath: //button[text()='Sign Out']
14:13:32.843  INFO  manager.ListenerWD - After find elementBy.xpath: //button[text()='Sign Out']
14:13:32.843  INFO  manager.ListenerWD - List size is-->1
14:13:32.844  INFO  manager.ListenerWD - Before find elementBy.xpath: //a[@href='/add']
14:13:32.857  INFO  manager.ListenerWD - After find elementBy.xpath: //a[@href='/add']
14:13:32.884  INFO  manager.ListenerWD - Before find elementBy.xpath: //input[@placeholder='Name']
14:13:32.902  INFO  manager.ListenerWD - After find elementBy.xpath: //input[@placeholder='Name']
14:13:32.978  INFO  manager.ListenerWD - Before find elementBy.xpath: //input[@placeholder='Last Name']
14:13:32.993  INFO  manager.ListenerWD - After find elementBy.xpath: //input[@placeholder='Last Name']
14:13:33.087  INFO  manager.ListenerWD - Before find elementBy.cssSelector: input[placeholder='Phone']
14:13:33.102  INFO  manager.ListenerWD - After find elementBy.cssSelector: input[placeholder='Phone']
14:13:33.216  INFO  manager.ListenerWD - Before find elementBy.xpath: //input[@placeholder='email']
14:13:33.229  INFO  manager.ListenerWD - After find elementBy.xpath: //input[@placeholder='email']
14:13:33.352  INFO  manager.ListenerWD - Before find elementBy.xpath: //input[@placeholder='Address']
14:13:33.368  INFO  manager.ListenerWD - After find elementBy.xpath: //input[@placeholder='Address']
14:13:33.479  INFO  manager.ListenerWD - Before find elementBy.xpath: //input[@placeholder='description']
14:13:33.494  INFO  manager.ListenerWD - After find elementBy.xpath: //input[@placeholder='description']
14:13:33.615  INFO  manager.ListenerWD - Before find elementBy.xpath: //div[@class='add_form__2rsm2']//button
14:13:33.631  INFO  manager.ListenerWD - After find elementBy.xpath: //div[@class='add_form__2rsm2']//button
14:13:33.657  INFO  manager.ListenerWD - Before find elementsBy.xpath: //input[@placeholder='Name']
14:13:33.675  INFO  manager.ListenerWD - After find elementBy.xpath: //input[@placeholder='Name']
14:13:33.676  INFO  manager.ListenerWD - List size is-->1
14:13:33.681  INFO  tests.TestBase - The name of starts method --->loginSuccess
14:13:33.683  INFO  manager.ListenerWD - Before find elementsBy.xpath: //button[text()='Sign Out']
14:13:33.700  INFO  manager.ListenerWD - After find elementBy.xpath: //button[text()='Sign Out']
14:13:33.700  INFO  manager.ListenerWD - List size is-->1
14:13:33.701  INFO  manager.ListenerWD - Before find elementBy.xpath: //button[text()='Sign Out']
14:13:33.721  INFO  manager.ListenerWD - After find elementBy.xpath: //button[text()='Sign Out']
14:13:33.768  INFO  tests.TestBase - I need logout
14:13:33.781  INFO  tests.TestBase - Login with valid data: email: benb@gmail.com password: Beny$123456
14:13:33.782  INFO  manager.ListenerWD - Before find elementBy.xpath: //a[@href='/login']
14:13:33.802  INFO  manager.ListenerWD - After find elementBy.xpath: //a[@href='/login']
14:13:33.854  INFO  manager.ListenerWD - Before find elementBy.name: email
14:13:33.874  INFO  manager.ListenerWD - After find elementBy.name: email
14:13:34.056  INFO  manager.ListenerWD - Before find elementBy.xpath: //input[position()=2]
14:13:34.079  INFO  manager.ListenerWD - After find elementBy.xpath: //input[position()=2]
14:13:34.300  INFO  manager.ListenerWD - Before find elementBy.xpath: //button[@name='login']
14:13:34.320  INFO  manager.ListenerWD - After find elementBy.xpath: //button[@name='login']
14:13:34.373  INFO  manager.ListenerWD - Before find elementsBy.xpath: //button[text()='Sign Out']
14:13:34.732  INFO  manager.ListenerWD - After find elementBy.xpath: //button[text()='Sign Out']
14:13:34.732  INFO  manager.ListenerWD - List size is-->1
14:13:34.732  INFO  tests.TestBase - Test success
14:13:34.733  INFO  tests.TestBase - The name of starts method --->loginSuccess
14:13:34.734  INFO  manager.ListenerWD - Before find elementsBy.xpath: //button[text()='Sign Out']
14:13:34.756  INFO  manager.ListenerWD - After find elementBy.xpath: //button[text()='Sign Out']
14:13:34.756  INFO  manager.ListenerWD - List size is-->1
14:13:34.756  INFO  manager.ListenerWD - Before find elementBy.xpath: //button[text()='Sign Out']
14:13:34.776  INFO  manager.ListenerWD - After find elementBy.xpath: //button[text()='Sign Out']
14:13:34.834  INFO  tests.TestBase - I need logout
14:13:34.835  INFO  tests.TestBase - Login with valid data: email: ili@gmail.com password: IliB$123456
14:13:34.836  INFO  manager.ListenerWD - Before find elementBy.xpath: //a[@href='/login']
14:13:34.859  INFO  manager.ListenerWD - After find elementBy.xpath: //a[@href='/login']
14:13:34.933  INFO  manager.ListenerWD - Before find elementBy.name: email
14:13:34.957  INFO  manager.ListenerWD - After find elementBy.name: email
14:13:35.169  INFO  manager.ListenerWD - Before find elementBy.xpath: //input[position()=2]
14:13:35.193  INFO  manager.ListenerWD - After find elementBy.xpath: //input[position()=2]
14:13:35.391  INFO  manager.ListenerWD - Before find elementBy.xpath: //button[@name='login']
14:13:35.411  INFO  manager.ListenerWD - After find elementBy.xpath: //button[@name='login']
14:13:35.467  INFO  manager.ListenerWD - Before find elementsBy.xpath: //button[text()='Sign Out']
14:13:35.786  INFO  manager.ListenerWD - After find elementBy.xpath: //button[text()='Sign Out']
14:13:35.786  INFO  manager.ListenerWD - List size is-->1
14:13:35.786  INFO  tests.TestBase - Test success
14:13:35.788  INFO  tests.TestBase - The name of starts method --->loginSuccess
14:13:35.790  INFO  manager.ListenerWD - Before find elementsBy.xpath: //button[text()='Sign Out']
14:13:35.807  INFO  manager.ListenerWD - After find elementBy.xpath: //button[text()='Sign Out']
14:13:35.808  INFO  manager.ListenerWD - List size is-->1
14:13:35.808  INFO  manager.ListenerWD - Before find elementBy.xpath: //button[text()='Sign Out']
14:13:35.825  INFO  manager.ListenerWD - After find elementBy.xpath: //button[text()='Sign Out']
14:13:35.885  INFO  tests.TestBase - I need logout
14:13:35.886  INFO  tests.TestBase - Login with valid data: email: benb@gmail.com password: Beny$123456
14:13:35.886  INFO  manager.ListenerWD - Before find elementBy.xpath: //a[@href='/login']
14:13:35.915  INFO  manager.ListenerWD - After find elementBy.xpath: //a[@href='/login']
14:13:35.971  INFO  manager.ListenerWD - Before find elementBy.name: email
14:13:35.991  INFO  manager.ListenerWD - After find elementBy.name: email
14:13:36.189  INFO  manager.ListenerWD - Before find elementBy.xpath: //input[position()=2]
14:13:36.207  INFO  manager.ListenerWD - After find elementBy.xpath: //input[position()=2]
14:13:36.417  INFO  manager.ListenerWD - Before find elementBy.xpath: //button[@name='login']
14:13:36.441  INFO  manager.ListenerWD - After find elementBy.xpath: //button[@name='login']
14:13:36.493  INFO  manager.ListenerWD - Before find elementsBy.xpath: //button[text()='Sign Out']
14:13:36.810  INFO  manager.ListenerWD - After find elementBy.xpath: //button[text()='Sign Out']
14:13:36.811  INFO  manager.ListenerWD - List size is-->1
14:13:36.811  INFO  tests.TestBase - Test success
14:13:36.814  INFO  tests.TestBase - The name of starts method --->loginSuccess2
14:13:36.816  INFO  manager.ListenerWD - Before find elementsBy.xpath: //button[text()='Sign Out']
14:13:36.851  INFO  manager.ListenerWD - After find elementBy.xpath: //button[text()='Sign Out']
14:13:36.851  INFO  manager.ListenerWD - List size is-->1
14:13:36.852  INFO  manager.ListenerWD - Before find elementBy.xpath: //button[text()='Sign Out']
14:13:36.879  INFO  manager.ListenerWD - After find elementBy.xpath: //button[text()='Sign Out']
14:13:36.968  INFO  tests.TestBase - I need logout
14:13:36.974  INFO  tests.TestBase - Login with valid data: email: benb@gmail.com password: Beny$123456
14:13:36.975  INFO  manager.ListenerWD - Before find elementBy.xpath: //a[@href='/login']
14:13:37.038  INFO  manager.ListenerWD - After find elementBy.xpath: //a[@href='/login']
14:13:37.076  INFO  manager.ListenerWD - Before find elementBy.name: email
14:13:37.091  INFO  manager.ListenerWD - After find elementBy.name: email
14:13:37.233  INFO  manager.ListenerWD - Before find elementBy.xpath: //input[position()=2]
14:13:37.249  INFO  manager.ListenerWD - After find elementBy.xpath: //input[position()=2]
14:13:37.396  INFO  manager.ListenerWD - Before find elementBy.xpath: //button[@name='login']
14:13:37.412  INFO  manager.ListenerWD - After find elementBy.xpath: //button[@name='login']
14:13:37.459  INFO  tests.TestBase - Test success
14:13:37.460  INFO  tests.TestBase - The name of starts method --->loginSuccess2
14:13:37.460  INFO  manager.ListenerWD - Before find elementsBy.xpath: //button[text()='Sign Out']
14:13:37.809  INFO  manager.ListenerWD - After find elementBy.xpath: //button[text()='Sign Out']
14:13:37.809  INFO  manager.ListenerWD - List size is-->1
14:13:37.809  INFO  manager.ListenerWD - Before find elementBy.xpath: //button[text()='Sign Out']
14:13:37.822  INFO  manager.ListenerWD - After find elementBy.xpath: //button[text()='Sign Out']
14:13:37.864  INFO  tests.TestBase - I need logout
14:13:37.866  INFO  tests.TestBase - Login with valid data: email: ili@gmail.com password: IliB$123456
14:13:37.866  INFO  manager.ListenerWD - Before find elementBy.xpath: //a[@href='/login']
14:13:37.880  INFO  manager.ListenerWD - After find elementBy.xpath: //a[@href='/login']
14:13:37.917  INFO  manager.ListenerWD - Before find elementBy.name: email
14:13:37.932  INFO  manager.ListenerWD - After find elementBy.name: email
14:13:38.089  INFO  manager.ListenerWD - Before find elementBy.xpath: //input[position()=2]
14:13:38.109  INFO  manager.ListenerWD - After find elementBy.xpath: //input[position()=2]
14:13:38.271  INFO  manager.ListenerWD - Before find elementBy.xpath: //button[@name='login']
14:13:38.284  INFO  manager.ListenerWD - After find elementBy.xpath: //button[@name='login']
14:13:38.327  INFO  tests.TestBase - Test success
14:13:38.328  INFO  tests.TestBase - The name of starts method --->loginSuccess2
14:13:38.329  INFO  manager.ListenerWD - Before find elementsBy.xpath: //button[text()='Sign Out']
14:13:38.717  INFO  manager.ListenerWD - After find elementBy.xpath: //button[text()='Sign Out']
14:13:38.718  INFO  manager.ListenerWD - List size is-->1
14:13:38.719  INFO  manager.ListenerWD - Before find elementBy.xpath: //button[text()='Sign Out']
14:13:38.740  INFO  manager.ListenerWD - After find elementBy.xpath: //button[text()='Sign Out']
14:13:38.785  INFO  tests.TestBase - I need logout
14:13:38.788  INFO  tests.TestBase - Login with valid data: email: benb@gmail.com password: Beny$123456
14:13:38.788  INFO  manager.ListenerWD - Before find elementBy.xpath: //a[@href='/login']
14:13:38.807  INFO  manager.ListenerWD - After find elementBy.xpath: //a[@href='/login']
14:13:38.863  INFO  manager.ListenerWD - Before find elementBy.name: email
14:13:38.880  INFO  manager.ListenerWD - After find elementBy.name: email
14:13:39.072  INFO  manager.ListenerWD - Before find elementBy.xpath: //input[position()=2]
14:13:39.090  INFO  manager.ListenerWD - After find elementBy.xpath: //input[position()=2]
14:13:39.265  INFO  manager.ListenerWD - Before find elementBy.xpath: //button[@name='login']
14:13:39.282  INFO  manager.ListenerWD - After find elementBy.xpath: //button[@name='login']
14:13:39.334  INFO  tests.TestBase - Test success
14:13:39.336  INFO  tests.TestBase - The name of starts method --->loginSuccessModel
14:13:39.337  INFO  manager.ListenerWD - Before find elementsBy.xpath: //button[text()='Sign Out']
14:13:39.742  INFO  manager.ListenerWD - After find elementBy.xpath: //button[text()='Sign Out']
14:13:39.742  INFO  manager.ListenerWD - List size is-->1
14:13:39.742  INFO  manager.ListenerWD - Before find elementBy.xpath: //button[text()='Sign Out']
14:13:39.767  INFO  manager.ListenerWD - After find elementBy.xpath: //button[text()='Sign Out']
14:13:39.830  INFO  tests.TestBase - I need logout
14:13:39.842  INFO  tests.TestBase - Test start with user: User(email=benb@gmail.com, password=Beny$123456)
14:13:39.842  INFO  manager.ListenerWD - Before find elementBy.xpath: //a[@href='/login']
14:13:39.857  INFO  manager.ListenerWD - After find elementBy.xpath: //a[@href='/login']
14:13:39.903  INFO  manager.ListenerWD - Before find elementBy.name: email
14:13:39.920  INFO  manager.ListenerWD - After find elementBy.name: email
14:13:40.092  INFO  manager.ListenerWD - Before find elementBy.name: password
14:13:40.113  INFO  manager.ListenerWD - After find elementBy.name: password
14:13:40.297  INFO  manager.ListenerWD - Before find elementBy.xpath: //button[@name='login']
14:13:40.317  INFO  manager.ListenerWD - After find elementBy.xpath: //button[@name='login']
14:13:40.377  INFO  tests.TestBase - The name of starts method --->loginSuccessModel
14:13:40.378  INFO  manager.ListenerWD - Before find elementsBy.xpath: //button[text()='Sign Out']
14:13:40.776  INFO  manager.ListenerWD - After find elementBy.xpath: //button[text()='Sign Out']
14:13:40.778  INFO  manager.ListenerWD - List size is-->1
14:13:40.778  INFO  manager.ListenerWD - Before find elementBy.xpath: //button[text()='Sign Out']
14:13:40.819  INFO  manager.ListenerWD - After find elementBy.xpath: //button[text()='Sign Out']
14:13:40.864  INFO  tests.TestBase - I need logout
14:13:40.864  INFO  tests.TestBase - Test start with user: User(email=ili@gmail.com, password=IliB$123456)
14:13:40.865  INFO  manager.ListenerWD - Before find elementBy.xpath: //a[@href='/login']
14:13:40.880  INFO  manager.ListenerWD - After find elementBy.xpath: //a[@href='/login']
14:13:40.916  INFO  manager.ListenerWD - Before find elementBy.name: email
14:13:40.931  INFO  manager.ListenerWD - After find elementBy.name: email
14:13:41.090  INFO  manager.ListenerWD - Before find elementBy.name: password
14:13:41.114  INFO  manager.ListenerWD - After find elementBy.name: password
14:13:41.330  INFO  manager.ListenerWD - Before find elementBy.xpath: //button[@name='login']
14:13:41.348  INFO  manager.ListenerWD - After find elementBy.xpath: //button[@name='login']
14:13:41.399  INFO  tests.TestBase - The name of starts method --->loginSuccessModel
14:13:41.400  INFO  manager.ListenerWD - Before find elementsBy.xpath: //button[text()='Sign Out']
14:13:41.783  INFO  manager.ListenerWD - After find elementBy.xpath: //button[text()='Sign Out']
14:13:41.783  INFO  manager.ListenerWD - List size is-->1
14:13:41.784  INFO  manager.ListenerWD - Before find elementBy.xpath: //button[text()='Sign Out']
14:13:41.832  INFO  manager.ListenerWD - After find elementBy.xpath: //button[text()='Sign Out']
14:13:41.894  INFO  tests.TestBase - I need logout
14:13:41.895  INFO  tests.TestBase - Test start with user: User(email=benb@gmail.com, password=Beny$123456)
14:13:41.895  INFO  manager.ListenerWD - Before find elementBy.xpath: //a[@href='/login']
14:13:41.912  INFO  manager.ListenerWD - After find elementBy.xpath: //a[@href='/login']
14:13:41.952  INFO  manager.ListenerWD - Before find elementBy.name: email
14:13:41.966  INFO  manager.ListenerWD - After find elementBy.name: email
14:13:42.127  INFO  manager.ListenerWD - Before find elementBy.name: password
14:13:42.140  INFO  manager.ListenerWD - After find elementBy.name: password
14:13:42.293  INFO  manager.ListenerWD - Before find elementBy.xpath: //button[@name='login']
14:13:42.308  INFO  manager.ListenerWD - After find elementBy.xpath: //button[@name='login']
14:13:42.358  INFO  tests.TestBase - The name of starts method --->loginSuccessModelFromFile
14:13:42.358  INFO  manager.ListenerWD - Before find elementsBy.xpath: //button[text()='Sign Out']
14:13:42.716  INFO  manager.ListenerWD - After find elementBy.xpath: //button[text()='Sign Out']
14:13:42.717  INFO  manager.ListenerWD - List size is-->1
14:13:42.717  INFO  manager.ListenerWD - Before find elementBy.xpath: //button[text()='Sign Out']
14:13:42.764  INFO  manager.ListenerWD - After find elementBy.xpath: //button[text()='Sign Out']
14:13:42.817  INFO  tests.TestBase - I need logout
14:13:42.818  INFO  tests.TestBase - Test start with user: User(email=benb@gmail.com, password=Beny$123456)
14:13:42.818  INFO  manager.ListenerWD - Before find elementBy.xpath: //a[@href='/login']
14:13:42.834  INFO  manager.ListenerWD - After find elementBy.xpath: //a[@href='/login']
14:13:42.877  INFO  manager.ListenerWD - Before find elementBy.name: email
14:13:42.890  INFO  manager.ListenerWD - After find elementBy.name: email
14:13:43.039  INFO  manager.ListenerWD - Before find elementBy.name: password
14:13:43.054  INFO  manager.ListenerWD - After find elementBy.name: password
14:13:43.203  INFO  manager.ListenerWD - Before find elementBy.xpath: //button[@name='login']
14:13:43.224  INFO  manager.ListenerWD - After find elementBy.xpath: //button[@name='login']
14:13:43.274  INFO  tests.TestBase - The name of starts method --->loginSuccessModelFromFile
14:13:43.275  INFO  manager.ListenerWD - Before find elementsBy.xpath: //button[text()='Sign Out']
14:13:43.644  INFO  manager.ListenerWD - After find elementBy.xpath: //button[text()='Sign Out']
14:13:43.644  INFO  manager.ListenerWD - List size is-->1
14:13:43.644  INFO  manager.ListenerWD - Before find elementBy.xpath: //button[text()='Sign Out']
14:13:43.661  INFO  manager.ListenerWD - After find elementBy.xpath: //button[text()='Sign Out']
14:13:43.708  INFO  tests.TestBase - I need logout
14:13:43.709  INFO  tests.TestBase - Test start with user: User(email=ili@gmail.com, password=IliB$123456)
14:13:43.709  INFO  manager.ListenerWD - Before find elementBy.xpath: //a[@href='/login']
14:13:43.727  INFO  manager.ListenerWD - After find elementBy.xpath: //a[@href='/login']
14:13:43.772  INFO  manager.ListenerWD - Before find elementBy.name: email
14:13:43.788  INFO  manager.ListenerWD - After find elementBy.name: email
14:13:43.942  INFO  manager.ListenerWD - Before find elementBy.name: password
14:13:43.956  INFO  manager.ListenerWD - After find elementBy.name: password
14:13:44.103  INFO  manager.ListenerWD - Before find elementBy.xpath: //button[@name='login']
14:13:44.117  INFO  manager.ListenerWD - After find elementBy.xpath: //button[@name='login']
14:13:44.171  INFO  tests.TestBase - The name of starts method --->loginSuccessModelFromFile
14:13:44.172  INFO  manager.ListenerWD - Before find elementsBy.xpath: //button[text()='Sign Out']
14:13:44.573  INFO  manager.ListenerWD - After find elementBy.xpath: //button[text()='Sign Out']
14:13:44.574  INFO  manager.ListenerWD - List size is-->1
14:13:44.574  INFO  manager.ListenerWD - Before find elementBy.xpath: //button[text()='Sign Out']
14:13:44.600  INFO  manager.ListenerWD - After find elementBy.xpath: //button[text()='Sign Out']
14:13:44.679  INFO  tests.TestBase - I need logout
14:13:44.680  INFO  tests.TestBase - Test start with user: User(email=benb@gmail.com, password=Beny$123456)
14:13:44.680  INFO  manager.ListenerWD - Before find elementBy.xpath: //a[@href='/login']
14:13:44.697  INFO  manager.ListenerWD - After find elementBy.xpath: //a[@href='/login']
14:13:44.735  INFO  manager.ListenerWD - Before find elementBy.name: email
14:13:44.749  INFO  manager.ListenerWD - After find elementBy.name: email
14:13:44.892  INFO  manager.ListenerWD - Before find elementBy.name: password
14:13:44.913  INFO  manager.ListenerWD - After find elementBy.name: password
14:13:45.074  INFO  manager.ListenerWD - Before find elementBy.xpath: //button[@name='login']
14:13:45.092  INFO  manager.ListenerWD - After find elementBy.xpath: //button[@name='login']
14:13:45.140  INFO  tests.TestBase - The name of starts method --->loginSuccessNew
14:13:45.140  INFO  manager.ListenerWD - Before find elementsBy.xpath: //button[text()='Sign Out']
14:13:45.514  INFO  manager.ListenerWD - After find elementBy.xpath: //button[text()='Sign Out']
14:13:45.515  INFO  manager.ListenerWD - List size is-->1
14:13:45.515  INFO  manager.ListenerWD - Before find elementBy.xpath: //button[text()='Sign Out']
14:13:45.549  INFO  manager.ListenerWD - After find elementBy.xpath: //button[text()='Sign Out']
14:13:45.598  INFO  tests.TestBase - I need logout
14:13:45.599  INFO  manager.ListenerWD - Before find elementBy.xpath: //a[@href='/login']
14:13:45.615  INFO  manager.ListenerWD - After find elementBy.xpath: //a[@href='/login']
14:13:45.655  INFO  manager.ListenerWD - Before find elementBy.name: email
14:13:45.671  INFO  manager.ListenerWD - After find elementBy.name: email
14:13:45.824  INFO  manager.ListenerWD - Before find elementBy.xpath: //input[position()=2]
14:13:45.839  INFO  manager.ListenerWD - After find elementBy.xpath: //input[position()=2]
14:13:45.996  INFO  manager.ListenerWD - Before find elementBy.xpath: //button[@name='login']
14:13:46.011  INFO  manager.ListenerWD - After find elementBy.xpath: //button[@name='login']
14:13:46.056  INFO  tests.TestBase - The name of starts method --->loginSuccessNew
14:13:46.057  INFO  manager.ListenerWD - Before find elementsBy.xpath: //button[text()='Sign Out']
14:13:46.443  INFO  manager.ListenerWD - After find elementBy.xpath: //button[text()='Sign Out']
14:13:46.444  INFO  manager.ListenerWD - List size is-->1
14:13:46.444  INFO  manager.ListenerWD - Before find elementBy.xpath: //button[text()='Sign Out']
14:13:46.472  INFO  manager.ListenerWD - After find elementBy.xpath: //button[text()='Sign Out']
14:13:46.594  INFO  tests.TestBase - I need logout
14:13:46.596  INFO  manager.ListenerWD - Before find elementBy.xpath: //a[@href='/login']
14:13:46.623  INFO  manager.ListenerWD - After find elementBy.xpath: //a[@href='/login']
14:13:46.662  INFO  manager.ListenerWD - Before find elementBy.name: email
14:13:46.677  INFO  manager.ListenerWD - After find elementBy.name: email
14:13:46.822  INFO  manager.ListenerWD - Before find elementBy.xpath: //input[position()=2]
14:13:46.835  INFO  manager.ListenerWD - After find elementBy.xpath: //input[position()=2]
14:13:46.986  INFO  manager.ListenerWD - Before find elementBy.xpath: //button[@name='login']
14:13:46.999  INFO  manager.ListenerWD - After find elementBy.xpath: //button[@name='login']
14:13:47.053  INFO  tests.TestBase - The name of starts method --->loginUnregisterUser
14:13:47.054  INFO  manager.ListenerWD - Before find elementsBy.xpath: //button[text()='Sign Out']
14:13:47.378  INFO  manager.ListenerWD - After find elementBy.xpath: //button[text()='Sign Out']
14:13:47.378  INFO  manager.ListenerWD - List size is-->1
14:13:47.378  INFO  manager.ListenerWD - Before find elementBy.xpath: //button[text()='Sign Out']
14:13:47.389  INFO  manager.ListenerWD - After find elementBy.xpath: //button[text()='Sign Out']
14:13:47.437  INFO  tests.TestBase - I need logout
14:13:47.437  INFO  manager.ListenerWD - Before find elementBy.xpath: //a[@href='/login']
14:13:47.453  INFO  manager.ListenerWD - After find elementBy.xpath: //a[@href='/login']
14:13:47.492  INFO  manager.ListenerWD - Before find elementBy.name: email
14:13:47.507  INFO  manager.ListenerWD - After find elementBy.name: email
14:13:47.662  INFO  manager.ListenerWD - Before find elementBy.xpath: //input[position()=2]
14:13:47.677  INFO  manager.ListenerWD - After find elementBy.xpath: //input[position()=2]
14:13:47.827  INFO  manager.ListenerWD - Before find elementBy.xpath: //button[@name='login']
14:13:47.841  INFO  manager.ListenerWD - After find elementBy.xpath: //button[@name='login']
14:13:47.908  INFO  manager.ListenerWD - Have a 'problem'
14:13:47.908  INFO  manager.ListenerWD - ***************************************
14:13:47.908  INFO  manager.ListenerWD - Method methodalert
14:13:47.908  INFO  manager.ListenerWD - ***************************************
14:13:47.908  INFO  manager.ListenerWD - ***************************************
14:13:47.908  INFO  manager.ListenerWD - InvocationTargetExceptionorg.openqa.selenium.NoAlertPresentException: no such alert
  (Session info: chrome=109.0.5414.120)
Build info: version: '4.7.1', revision: 'c6795baf1a3'
System info: os.name: 'Windows 10', os.arch: 'amd64', os.version: '10.0', java.version: '11.0.17'
Driver info: org.openqa.selenium.chrome.ChromeDriver
Command: [24d7bc6cb0d1d4ac15d341bc0c51ebd9, getAlertText {}]
Capabilities {acceptInsecureCerts: false, browserName: chrome, browserVersion: 109.0.5414.120, chrome: {chromedriverVersion: 109.0.5414.74 (e7c5703604da..., userDataDir: C:\Users\ALEKSA~1\AppData\L...}, goog:chromeOptions: {debuggerAddress: localhost:65213}, networkConnectionEnabled: false, pageLoadStrategy: normal, platformName: WINDOWS, proxy: Proxy(), se:cdp: ws://localhost:65213/devtoo..., se:cdpVersion: 109.0.5414.120, setWindowRect: true, strictFileInteractability: false, timeouts: {implicit: 0, pageLoad: 300000, script: 30000}, unhandledPromptBehavior: dismiss and notify, webauthn:extension:credBlob: true, webauthn:extension:largeBlob: true, webauthn:virtualAuthenticators: true}
Session ID: 24d7bc6cb0d1d4ac15d341bc0c51ebd9
14:13:47.908  INFO  manager.ListenerWD - ***************************************
14:13:47.908  INFO  manager.ListenerWD - ***************************************
14:13:47.908  INFO  manager.ListenerWD - Object targetorg.openqa.selenium.remote.RemoteWebDriver$RemoteTargetLocator@23ec63af
14:13:47.909  INFO  manager.ListenerWD - ***************************************
14:13:48.463  INFO  tests.TestBase - The name of starts method --->loginWrongEmail
14:13:48.465  INFO  manager.ListenerWD - Before find elementsBy.xpath: //button[text()='Sign Out']
14:13:53.492  INFO  manager.ListenerWD - After find elementBy.xpath: //button[text()='Sign Out']
14:13:53.492  INFO  manager.ListenerWD - List size is-->0
14:13:53.493  INFO  manager.ListenerWD - Before find elementBy.xpath: //a[@href='/login']
14:13:53.509  INFO  manager.ListenerWD - After find elementBy.xpath: //a[@href='/login']
14:13:53.540  INFO  manager.ListenerWD - Before find elementBy.name: email
14:13:53.556  INFO  manager.ListenerWD - After find elementBy.name: email
14:13:53.697  INFO  manager.ListenerWD - Before find elementBy.xpath: //input[position()=2]
14:13:53.710  INFO  manager.ListenerWD - After find elementBy.xpath: //input[position()=2]
14:13:53.849  INFO  manager.ListenerWD - Before find elementBy.xpath: //button[@name='login']
14:13:53.862  INFO  manager.ListenerWD - After find elementBy.xpath: //button[@name='login']
14:13:53.909  INFO  manager.ListenerWD - Have a 'problem'
14:13:53.909  INFO  manager.ListenerWD - ***************************************
14:13:53.909  INFO  manager.ListenerWD - Method methodalert
14:13:53.909  INFO  manager.ListenerWD - ***************************************
14:13:53.909  INFO  manager.ListenerWD - ***************************************
14:13:53.909  INFO  manager.ListenerWD - InvocationTargetExceptionorg.openqa.selenium.NoAlertPresentException: no such alert
  (Session info: chrome=109.0.5414.120)
Build info: version: '4.7.1', revision: 'c6795baf1a3'
System info: os.name: 'Windows 10', os.arch: 'amd64', os.version: '10.0', java.version: '11.0.17'
Driver info: org.openqa.selenium.chrome.ChromeDriver
Command: [24d7bc6cb0d1d4ac15d341bc0c51ebd9, getAlertText {}]
Capabilities {acceptInsecureCerts: false, browserName: chrome, browserVersion: 109.0.5414.120, chrome: {chromedriverVersion: 109.0.5414.74 (e7c5703604da..., userDataDir: C:\Users\ALEKSA~1\AppData\L...}, goog:chromeOptions: {debuggerAddress: localhost:65213}, networkConnectionEnabled: false, pageLoadStrategy: normal, platformName: WINDOWS, proxy: Proxy(), se:cdp: ws://localhost:65213/devtoo..., se:cdpVersion: 109.0.5414.120, setWindowRect: true, strictFileInteractability: false, timeouts: {implicit: 0, pageLoad: 300000, script: 30000}, unhandledPromptBehavior: dismiss and notify, webauthn:extension:credBlob: true, webauthn:extension:largeBlob: true, webauthn:virtualAuthenticators: true}
Session ID: 24d7bc6cb0d1d4ac15d341bc0c51ebd9
14:13:53.909  INFO  manager.ListenerWD - ***************************************
14:13:53.909  INFO  manager.ListenerWD - ***************************************
14:13:53.909  INFO  manager.ListenerWD - Object targetorg.openqa.selenium.remote.RemoteWebDriver$RemoteTargetLocator@69a76b74
14:13:53.909  INFO  manager.ListenerWD - ***************************************
14:13:54.493  INFO  tests.TestBase - The name of starts method --->loginWrongPassword
14:13:54.494  INFO  manager.ListenerWD - Before find elementsBy.xpath: //button[text()='Sign Out']
14:13:59.515  INFO  manager.ListenerWD - After find elementBy.xpath: //button[text()='Sign Out']
14:13:59.515  INFO  manager.ListenerWD - List size is-->0
14:13:59.517  INFO  manager.ListenerWD - Before find elementBy.xpath: //a[@href='/login']
14:13:59.573  INFO  manager.ListenerWD - After find elementBy.xpath: //a[@href='/login']
14:13:59.657  INFO  manager.ListenerWD - Before find elementBy.name: email
14:13:59.672  INFO  manager.ListenerWD - After find elementBy.name: email
14:13:59.809  INFO  manager.ListenerWD - Before find elementBy.xpath: //input[position()=2]
14:13:59.822  INFO  manager.ListenerWD - After find elementBy.xpath: //input[position()=2]
14:13:59.951  INFO  manager.ListenerWD - Before find elementBy.xpath: //button[@name='login']
14:13:59.964  INFO  manager.ListenerWD - After find elementBy.xpath: //button[@name='login']
14:14:00.007  INFO  manager.ListenerWD - Have a 'problem'
14:14:00.008  INFO  manager.ListenerWD - ***************************************
14:14:00.008  INFO  manager.ListenerWD - Method methodalert
14:14:00.008  INFO  manager.ListenerWD - ***************************************
14:14:00.008  INFO  manager.ListenerWD - ***************************************
14:14:00.008  INFO  manager.ListenerWD - InvocationTargetExceptionorg.openqa.selenium.NoAlertPresentException: no such alert
  (Session info: chrome=109.0.5414.120)
Build info: version: '4.7.1', revision: 'c6795baf1a3'
System info: os.name: 'Windows 10', os.arch: 'amd64', os.version: '10.0', java.version: '11.0.17'
Driver info: org.openqa.selenium.chrome.ChromeDriver
Command: [24d7bc6cb0d1d4ac15d341bc0c51ebd9, getAlertText {}]
Capabilities {acceptInsecureCerts: false, browserName: chrome, browserVersion: 109.0.5414.120, chrome: {chromedriverVersion: 109.0.5414.74 (e7c5703604da..., userDataDir: C:\Users\ALEKSA~1\AppData\L...}, goog:chromeOptions: {debuggerAddress: localhost:65213}, networkConnectionEnabled: false, pageLoadStrategy: normal, platformName: WINDOWS, proxy: Proxy(), se:cdp: ws://localhost:65213/devtoo..., se:cdpVersion: 109.0.5414.120, setWindowRect: true, strictFileInteractability: false, timeouts: {implicit: 0, pageLoad: 300000, script: 30000}, unhandledPromptBehavior: dismiss and notify, webauthn:extension:credBlob: true, webauthn:extension:largeBlob: true, webauthn:virtualAuthenticators: true}
Session ID: 24d7bc6cb0d1d4ac15d341bc0c51ebd9
14:14:00.008  INFO  manager.ListenerWD - ***************************************
14:14:00.008  INFO  manager.ListenerWD - ***************************************
14:14:00.008  INFO  manager.ListenerWD - Object targetorg.openqa.selenium.remote.RemoteWebDriver$RemoteTargetLocator@651caa2e
14:14:00.008  INFO  manager.ListenerWD - ***************************************
14:14:00.637  INFO  tests.TestBase - The name of starts method --->registrationSuccess
14:14:00.638  INFO  manager.ListenerWD - Before find elementsBy.xpath: //button[text()='Sign Out']
14:14:05.674  INFO  manager.ListenerWD - After find elementBy.xpath: //button[text()='Sign Out']
14:14:05.674  INFO  manager.ListenerWD - List size is-->0
14:14:05.678  INFO  manager.ListenerWD - Before find elementBy.xpath: //a[@href='/login']
14:14:05.714  INFO  manager.ListenerWD - After find elementBy.xpath: //a[@href='/login']
14:14:05.750  INFO  manager.ListenerWD - Before find elementBy.name: email
14:14:05.764  INFO  manager.ListenerWD - After find elementBy.name: email
14:14:05.903  INFO  manager.ListenerWD - Before find elementBy.xpath: //input[position()=2]
14:14:05.916  INFO  manager.ListenerWD - After find elementBy.xpath: //input[position()=2]
14:14:06.052  INFO  manager.ListenerWD - Before find elementBy.xpath: //button[starts-with(text(),'Registration')]
14:14:06.071  INFO  manager.ListenerWD - After find elementBy.xpath: //button[starts-with(text(),'Registration')]
14:14:06.112  INFO  tests.TestBase - The name of starts method --->registrationUserAlreadyExist
14:14:06.112  INFO  manager.ListenerWD - Before find elementsBy.xpath: //button[text()='Sign Out']
14:14:06.704  INFO  manager.ListenerWD - After find elementBy.xpath: //button[text()='Sign Out']
14:14:06.704  INFO  manager.ListenerWD - List size is-->1
14:14:06.704  INFO  manager.ListenerWD - Before find elementBy.xpath: //button[text()='Sign Out']
14:14:06.727  INFO  manager.ListenerWD - After find elementBy.xpath: //button[text()='Sign Out']
14:14:06.776  INFO  manager.ListenerWD - Before find elementBy.xpath: //a[@href='/login']
14:14:06.792  INFO  manager.ListenerWD - After find elementBy.xpath: //a[@href='/login']
14:14:06.830  INFO  manager.ListenerWD - Before find elementBy.name: email
14:14:06.844  INFO  manager.ListenerWD - After find elementBy.name: email
14:14:06.996  INFO  manager.ListenerWD - Before find elementBy.xpath: //input[position()=2]
14:14:07.012  INFO  manager.ListenerWD - After find elementBy.xpath: //input[position()=2]
14:14:07.169  INFO  manager.ListenerWD - Before find elementBy.xpath: //button[starts-with(text(),'Registration')]
14:14:07.184  INFO  manager.ListenerWD - After find elementBy.xpath: //button[starts-with(text(),'Registration')]
14:14:07.237  INFO  manager.ListenerWD - Have a 'problem'
14:14:07.237  INFO  manager.ListenerWD - ***************************************
14:14:07.237  INFO  manager.ListenerWD - Method methodalert
14:14:07.237  INFO  manager.ListenerWD - ***************************************
14:14:07.237  INFO  manager.ListenerWD - ***************************************
14:14:07.237  INFO  manager.ListenerWD - InvocationTargetExceptionorg.openqa.selenium.NoAlertPresentException: no such alert
  (Session info: chrome=109.0.5414.120)
Build info: version: '4.7.1', revision: 'c6795baf1a3'
System info: os.name: 'Windows 10', os.arch: 'amd64', os.version: '10.0', java.version: '11.0.17'
Driver info: org.openqa.selenium.chrome.ChromeDriver
Command: [24d7bc6cb0d1d4ac15d341bc0c51ebd9, getAlertText {}]
Capabilities {acceptInsecureCerts: false, browserName: chrome, browserVersion: 109.0.5414.120, chrome: {chromedriverVersion: 109.0.5414.74 (e7c5703604da..., userDataDir: C:\Users\ALEKSA~1\AppData\L...}, goog:chromeOptions: {debuggerAddress: localhost:65213}, networkConnectionEnabled: false, pageLoadStrategy: normal, platformName: WINDOWS, proxy: Proxy(), se:cdp: ws://localhost:65213/devtoo..., se:cdpVersion: 109.0.5414.120, setWindowRect: true, strictFileInteractability: false, timeouts: {implicit: 0, pageLoad: 300000, script: 30000}, unhandledPromptBehavior: dismiss and notify, webauthn:extension:credBlob: true, webauthn:extension:largeBlob: true, webauthn:virtualAuthenticators: true}
Session ID: 24d7bc6cb0d1d4ac15d341bc0c51ebd9
14:14:07.237  INFO  manager.ListenerWD - ***************************************
14:14:07.237  INFO  manager.ListenerWD - ***************************************
14:14:07.237  INFO  manager.ListenerWD - Object targetorg.openqa.selenium.remote.RemoteWebDriver$RemoteTargetLocator@73e399cc
14:14:07.237  INFO  manager.ListenerWD - ***************************************
14:14:07.798  INFO  tests.TestBase - The name of starts method --->registrationWrongEmail
14:14:07.800  INFO  manager.ListenerWD - Before find elementsBy.xpath: //button[text()='Sign Out']
14:14:12.833  INFO  manager.ListenerWD - After find elementBy.xpath: //button[text()='Sign Out']
14:14:12.833  INFO  manager.ListenerWD - List size is-->0
14:14:12.835  INFO  manager.ListenerWD - Before find elementBy.xpath: //a[@href='/login']
14:14:12.898  INFO  manager.ListenerWD - After find elementBy.xpath: //a[@href='/login']
14:14:12.943  INFO  manager.ListenerWD - Before find elementBy.name: email
14:14:12.969  INFO  manager.ListenerWD - After find elementBy.name: email
14:14:13.111  INFO  manager.ListenerWD - Before find elementBy.xpath: //input[position()=2]
14:14:13.124  INFO  manager.ListenerWD - After find elementBy.xpath: //input[position()=2]
14:14:13.256  INFO  manager.ListenerWD - Before find elementBy.xpath: //button[starts-with(text(),'Registration')]
14:14:13.268  INFO  manager.ListenerWD - After find elementBy.xpath: //button[starts-with(text(),'Registration')]
14:14:13.320  INFO  manager.ListenerWD - Have a 'problem'
14:14:13.320  INFO  manager.ListenerWD - ***************************************
14:14:13.320  INFO  manager.ListenerWD - Method methodalert
14:14:13.320  INFO  manager.ListenerWD - ***************************************
14:14:13.320  INFO  manager.ListenerWD - ***************************************
14:14:13.320  INFO  manager.ListenerWD - InvocationTargetExceptionorg.openqa.selenium.NoAlertPresentException: no such alert
  (Session info: chrome=109.0.5414.120)
Build info: version: '4.7.1', revision: 'c6795baf1a3'
System info: os.name: 'Windows 10', os.arch: 'amd64', os.version: '10.0', java.version: '11.0.17'
Driver info: org.openqa.selenium.chrome.ChromeDriver
Command: [24d7bc6cb0d1d4ac15d341bc0c51ebd9, getAlertText {}]
Capabilities {acceptInsecureCerts: false, browserName: chrome, browserVersion: 109.0.5414.120, chrome: {chromedriverVersion: 109.0.5414.74 (e7c5703604da..., userDataDir: C:\Users\ALEKSA~1\AppData\L...}, goog:chromeOptions: {debuggerAddress: localhost:65213}, networkConnectionEnabled: false, pageLoadStrategy: normal, platformName: WINDOWS, proxy: Proxy(), se:cdp: ws://localhost:65213/devtoo..., se:cdpVersion: 109.0.5414.120, setWindowRect: true, strictFileInteractability: false, timeouts: {implicit: 0, pageLoad: 300000, script: 30000}, unhandledPromptBehavior: dismiss and notify, webauthn:extension:credBlob: true, webauthn:extension:largeBlob: true, webauthn:virtualAuthenticators: true}
Session ID: 24d7bc6cb0d1d4ac15d341bc0c51ebd9
14:14:13.320  INFO  manager.ListenerWD - ***************************************
14:14:13.320  INFO  manager.ListenerWD - ***************************************
14:14:13.320  INFO  manager.ListenerWD - Object targetorg.openqa.selenium.remote.RemoteWebDriver$RemoteTargetLocator@696298ea
14:14:13.320  INFO  manager.ListenerWD - ***************************************
14:14:13.886  INFO  tests.TestBase - The name of starts method --->registrationWrongPassword
14:14:13.888  INFO  manager.ListenerWD - Before find elementsBy.xpath: //button[text()='Sign Out']
14:14:18.980  INFO  manager.ListenerWD - After find elementBy.xpath: //button[text()='Sign Out']
14:14:18.980  INFO  manager.ListenerWD - List size is-->0
14:14:18.981  INFO  manager.ListenerWD - Before find elementBy.xpath: //a[@href='/login']
14:14:18.993  INFO  manager.ListenerWD - After find elementBy.xpath: //a[@href='/login']
14:14:19.023  INFO  manager.ListenerWD - Before find elementBy.name: email
14:14:19.040  INFO  manager.ListenerWD - After find elementBy.name: email
14:14:19.203  INFO  manager.ListenerWD - Before find elementBy.xpath: //input[position()=2]
14:14:19.219  INFO  manager.ListenerWD - After find elementBy.xpath: //input[position()=2]
14:14:19.324  INFO  manager.ListenerWD - Before find elementBy.xpath: //button[starts-with(text(),'Registration')]
14:14:19.342  INFO  manager.ListenerWD - After find elementBy.xpath: //button[starts-with(text(),'Registration')]
14:14:19.387  INFO  manager.ListenerWD - Have a 'problem'
14:14:19.388  INFO  manager.ListenerWD - ***************************************
14:14:19.388  INFO  manager.ListenerWD - Method methodalert
14:14:19.388  INFO  manager.ListenerWD - ***************************************
14:14:19.388  INFO  manager.ListenerWD - ***************************************
14:14:19.388  INFO  manager.ListenerWD - InvocationTargetExceptionorg.openqa.selenium.NoAlertPresentException: no such alert
  (Session info: chrome=109.0.5414.120)
Build info: version: '4.7.1', revision: 'c6795baf1a3'
System info: os.name: 'Windows 10', os.arch: 'amd64', os.version: '10.0', java.version: '11.0.17'
Driver info: org.openqa.selenium.chrome.ChromeDriver
Command: [24d7bc6cb0d1d4ac15d341bc0c51ebd9, getAlertText {}]
Capabilities {acceptInsecureCerts: false, browserName: chrome, browserVersion: 109.0.5414.120, chrome: {chromedriverVersion: 109.0.5414.74 (e7c5703604da..., userDataDir: C:\Users\ALEKSA~1\AppData\L...}, goog:chromeOptions: {debuggerAddress: localhost:65213}, networkConnectionEnabled: false, pageLoadStrategy: normal, platformName: WINDOWS, proxy: Proxy(), se:cdp: ws://localhost:65213/devtoo..., se:cdpVersion: 109.0.5414.120, setWindowRect: true, strictFileInteractability: false, timeouts: {implicit: 0, pageLoad: 300000, script: 30000}, unhandledPromptBehavior: dismiss and notify, webauthn:extension:credBlob: true, webauthn:extension:largeBlob: true, webauthn:virtualAuthenticators: true}
Session ID: 24d7bc6cb0d1d4ac15d341bc0c51ebd9
14:14:19.388  INFO  manager.ListenerWD - ***************************************
14:14:19.388  INFO  manager.ListenerWD - ***************************************
14:14:19.388  INFO  manager.ListenerWD - Object targetorg.openqa.selenium.remote.RemoteWebDriver$RemoteTargetLocator@622ba721
14:14:19.388  INFO  manager.ListenerWD - ***************************************
14:14:19.914  INFO  tests.TestBase - The name of starts method --->removeOneContactSuccess
14:14:19.915  INFO  manager.ListenerWD - Before find elementsBy.xpath: //button[text()='Sign Out']
14:14:24.952  INFO  manager.ListenerWD - After find elementBy.xpath: //button[text()='Sign Out']
14:14:24.953  INFO  manager.ListenerWD - List size is-->0
14:14:25.462  INFO  manager.ListenerWD - Before find elementBy.xpath: //a[@href='/login']
14:14:25.512  INFO  manager.ListenerWD - After find elementBy.xpath: //a[@href='/login']
14:14:26.091  INFO  manager.ListenerWD - Before find elementBy.name: email
14:14:26.142  INFO  manager.ListenerWD - After find elementBy.name: email
14:14:26.300  INFO  manager.ListenerWD - Before find elementBy.xpath: //input[position()=2]
14:14:26.314  INFO  manager.ListenerWD - After find elementBy.xpath: //input[position()=2]
14:14:26.966  INFO  manager.ListenerWD - Before find elementBy.xpath: //button[@name='login']
14:14:27.040  INFO  manager.ListenerWD - After find elementBy.xpath: //button[@name='login']
14:14:27.119  INFO  manager.ListenerWD - Before find elementsBy.cssSelector: .contact-item_card__2SOIM
14:14:28.476  INFO  manager.ListenerWD - After find elementBy.cssSelector: .contact-item_card__2SOIM
14:14:28.476  INFO  manager.ListenerWD - List size is-->102
14:14:28.476  INFO  manager.HelperContact - Number of contacts before is 102
14:14:28.476  INFO  manager.ListenerWD - Before find elementBy.cssSelector: .contact-item_card__2SOIM h3
14:14:28.492  INFO  manager.ListenerWD - After find elementBy.cssSelector: .contact-item_card__2SOIM h3
14:14:28.516  INFO  manager.HelperContact - The deleted number is 05611282569
14:14:28.516  INFO  manager.ListenerWD - Before find elementBy.cssSelector: .contact-item_card__2SOIM
14:14:28.536  INFO  manager.ListenerWD - After find elementBy.cssSelector: .contact-item_card__2SOIM
14:14:28.600  INFO  manager.ListenerWD - Before find elementBy.xpath: //button[text()='Remove']
14:14:28.629  INFO  manager.ListenerWD - After find elementBy.xpath: //button[text()='Remove']
14:14:29.685  INFO  manager.ListenerWD - Before find elementsBy.cssSelector: .contact-item_card__2SOIM
14:14:30.178  INFO  manager.ListenerWD - After find elementBy.cssSelector: .contact-item_card__2SOIM
14:14:30.178  INFO  manager.ListenerWD - List size is-->101
14:14:30.178  INFO  manager.HelperContact - Number of contacts after is 102
