12:06:34.155  INFO  manager.ApplicationManager - All test start in Chrome Browser
12:06:36.141  INFO  manager.ApplicationManager - Current Url -->https://telranedu.web.app/home
12:06:36.183  INFO  tests.TestBase - The name of starts method --->addNewContactSuccessAllFields
12:06:36.187  INFO  manager.ListenerWD - Before find elementsBy.xpath: //button[text()='Sign Out']
12:06:41.206  INFO  manager.ListenerWD - After find elementBy.xpath: //button[text()='Sign Out']
12:06:41.209  INFO  manager.ListenerWD - List size is-->0
12:06:41.212  INFO  manager.ListenerWD - Befor find elementBy.xpath: //input[position()=1]
12:06:46.249  INFO  manager.ListenerWD - Have a 'problem'
12:06:46.249  INFO  manager.ListenerWD - ***************************************
12:06:46.249  INFO  manager.ListenerWD - Method methodfindElement
12:06:46.250  INFO  manager.ListenerWD - ***************************************
12:06:46.250  INFO  manager.ListenerWD - ***************************************
12:06:46.252  INFO  manager.ListenerWD - InvocationTargetExceptionorg.openqa.selenium.NoSuchElementException: no such element: Unable to locate element: {"method":"xpath","selector":"//input[position()=1]"}
  (Session info: chrome=109.0.5414.120)
For documentation on this error, please visit: https://selenium.dev/exceptions/#no_such_element
Build info: version: '4.7.1', revision: 'c6795baf1a3'
System info: os.name: 'Windows 10', os.arch: 'amd64', os.version: '10.0', java.version: '11.0.17'
Driver info: org.openqa.selenium.chrome.ChromeDriver
Command: [11a95d54988ad37aa14d9cb9b8754f4d, findElement {using=xpath, value=//input[position()=1]}]
Capabilities {acceptInsecureCerts: false, browserName: chrome, browserVersion: 109.0.5414.120, chrome: {chromedriverVersion: 109.0.5414.74 (e7c5703604da..., userDataDir: C:\Users\ALEKSA~1\AppData\L...}, goog:chromeOptions: {debuggerAddress: localhost:61636}, networkConnectionEnabled: false, pageLoadStrategy: normal, platformName: WINDOWS, proxy: Proxy(), se:cdp: ws://localhost:61636/devtoo..., se:cdpVersion: 109.0.5414.120, setWindowRect: true, strictFileInteractability: false, timeouts: {implicit: 0, pageLoad: 300000, script: 30000}, unhandledPromptBehavior: dismiss and notify, webauthn:extension:credBlob: true, webauthn:extension:largeBlob: true, webauthn:virtualAuthenticators: true}
Session ID: 11a95d54988ad37aa14d9cb9b8754f4d
12:06:46.253  INFO  manager.ListenerWD - ***************************************
12:06:46.254  INFO  manager.ListenerWD - ***************************************
12:06:46.254  INFO  manager.ListenerWD - Object targetChromeDriver: chrome on WINDOWS (11a95d54988ad37aa14d9cb9b8754f4d)
12:06:46.254  INFO  manager.ListenerWD - ***************************************
12:06:46.259  INFO  manager.ListenerWD - Screen with error is--->src/test/screenshots/screen-1812.png
