23:45:11.021  INFO  manager.ApplicationManager - All test start in Chrome Browser
23:45:12.794  INFO  manager.ApplicationManager - Current Url -->https://telranedu.web.app/home
23:45:12.840  INFO  tests.TestBase - The name of starts method --->addNewContactSuccessRequiredFields
23:45:12.843  INFO  manager.ListenerWD - Before find elementsBy.xpath: //button[text()='Sign Out']
23:45:17.855  INFO  manager.ListenerWD - After find elementBy.xpath: //button[text()='Sign Out']
23:45:17.858  INFO  manager.ListenerWD - List size is-->0
23:45:17.861  INFO  manager.ListenerWD - Befor find elementBy.xpath: //a[@href='/login']
23:45:17.899  INFO  manager.ListenerWD - After find elementBy.xpath: //a[@href='/login']
23:45:18.007  INFO  manager.ListenerWD - Befor find elementBy.xpath: //input[position()=1]
23:45:18.085  INFO  manager.ListenerWD - After find elementBy.xpath: //input[position()=1]
23:45:18.337  INFO  manager.ListenerWD - Befor find elementBy.xpath: //input[position()=2]
23:45:18.367  INFO  manager.ListenerWD - After find elementBy.xpath: //input[position()=2]
23:45:18.517  INFO  manager.ListenerWD - Befor find elementBy.cssSelector: a[href='/login']
23:45:18.543  INFO  manager.ListenerWD - After find elementBy.cssSelector: a[href='/login']
23:45:18.585  INFO  manager.ListenerWD - Befor find elementBy.xpath: //a[@href='/add']
23:45:23.679  INFO  manager.ListenerWD - Have a 'problem'
23:45:23.680  INFO  manager.ListenerWD - ***************************************
23:45:23.681  INFO  manager.ListenerWD - Method methodfindElement
23:45:23.681  INFO  manager.ListenerWD - ***************************************
23:45:23.682  INFO  manager.ListenerWD - ***************************************
23:45:23.685  INFO  manager.ListenerWD - InvocationTargetExceptionorg.openqa.selenium.NoSuchElementException: no such element: Unable to locate element: {"method":"xpath","selector":"//a[@href='/add']"}
  (Session info: chrome=109.0.5414.120)
For documentation on this error, please visit: https://selenium.dev/exceptions/#no_such_element
Build info: version: '4.7.1', revision: 'c6795baf1a3'
System info: os.name: 'Windows 10', os.arch: 'amd64', os.version: '10.0', java.version: '11.0.17'
Driver info: org.openqa.selenium.chrome.ChromeDriver
Command: [7f87ae217c09f065b1c4cf99c9311d69, findElement {using=xpath, value=//a[@href='/add']}]
Capabilities {acceptInsecureCerts: false, browserName: chrome, browserVersion: 109.0.5414.120, chrome: {chromedriverVersion: 109.0.5414.74 (e7c5703604da..., userDataDir: C:\Users\ALEKSA~1\AppData\L...}, goog:chromeOptions: {debuggerAddress: localhost:50082}, networkConnectionEnabled: false, pageLoadStrategy: normal, platformName: WINDOWS, proxy: Proxy(), se:cdp: ws://localhost:50082/devtoo..., se:cdpVersion: 109.0.5414.120, setWindowRect: true, strictFileInteractability: false, timeouts: {implicit: 0, pageLoad: 300000, script: 30000}, unhandledPromptBehavior: dismiss and notify, webauthn:extension:credBlob: true, webauthn:extension:largeBlob: true, webauthn:virtualAuthenticators: true}
Session ID: 7f87ae217c09f065b1c4cf99c9311d69
23:45:23.686  INFO  manager.ListenerWD - ***************************************
23:45:23.687  INFO  manager.ListenerWD - ***************************************
23:45:23.687  INFO  manager.ListenerWD - Object targetChromeDriver: chrome on WINDOWS (7f87ae217c09f065b1c4cf99c9311d69)
23:45:23.688  INFO  manager.ListenerWD - ***************************************
23:45:23.693  INFO  manager.ListenerWD - Screen with error is--->src/test/screenshots/screen-1246.png
