12:10:23.110  INFO  manager.ApplicationManager - All test start in Chrome Browser
12:10:24.849  INFO  manager.ApplicationManager - Current Url -->https://telranedu.web.app/home
12:10:24.894  INFO  tests.TestBase - The name of starts method --->addNewContactSuccessAllFields
12:10:24.896  INFO  manager.ListenerWD - Before find elementsBy.xpath: //button[text()='Sign Out']
12:10:29.928  INFO  manager.ListenerWD - After find elementBy.xpath: //button[text()='Sign Out']
12:10:29.931  INFO  manager.ListenerWD - List size is-->0
12:10:29.964  INFO  tests.TestBase - Test start with data: Contacts(name=Melafifon1518, lastName=Green, phone=05615182569, email=melG1518@gmail.com, address=Netanya, description=Friend)
12:10:29.967  INFO  manager.ListenerWD - Befor find elementBy.xpath: //a[@href='/add']
12:10:35.046  INFO  manager.ListenerWD - Have a 'problem'
12:10:35.047  INFO  manager.ListenerWD - ***************************************
12:10:35.048  INFO  manager.ListenerWD - Method methodfindElement
12:10:35.048  INFO  manager.ListenerWD - ***************************************
12:10:35.048  INFO  manager.ListenerWD - ***************************************
12:10:35.051  INFO  manager.ListenerWD - InvocationTargetExceptionorg.openqa.selenium.NoSuchElementException: no such element: Unable to locate element: {"method":"xpath","selector":"//a[@href='/add']"}
  (Session info: chrome=109.0.5414.120)
For documentation on this error, please visit: https://selenium.dev/exceptions/#no_such_element
Build info: version: '4.7.1', revision: 'c6795baf1a3'
System info: os.name: 'Windows 10', os.arch: 'amd64', os.version: '10.0', java.version: '11.0.17'
Driver info: org.openqa.selenium.chrome.ChromeDriver
Command: [f8b9086a987fa3a77fd13292318b8001, findElement {using=xpath, value=//a[@href='/add']}]
Capabilities {acceptInsecureCerts: false, browserName: chrome, browserVersion: 109.0.5414.120, chrome: {chromedriverVersion: 109.0.5414.74 (e7c5703604da..., userDataDir: C:\Users\ALEKSA~1\AppData\L...}, goog:chromeOptions: {debuggerAddress: localhost:61687}, networkConnectionEnabled: false, pageLoadStrategy: normal, platformName: WINDOWS, proxy: Proxy(), se:cdp: ws://localhost:61687/devtoo..., se:cdpVersion: 109.0.5414.120, setWindowRect: true, strictFileInteractability: false, timeouts: {implicit: 0, pageLoad: 300000, script: 30000}, unhandledPromptBehavior: dismiss and notify, webauthn:extension:credBlob: true, webauthn:extension:largeBlob: true, webauthn:virtualAuthenticators: true}
Session ID: f8b9086a987fa3a77fd13292318b8001
12:10:35.052  INFO  manager.ListenerWD - ***************************************
12:10:35.052  INFO  manager.ListenerWD - ***************************************
12:10:35.053  INFO  manager.ListenerWD - Object targetChromeDriver: chrome on WINDOWS (f8b9086a987fa3a77fd13292318b8001)
12:10:35.053  INFO  manager.ListenerWD - ***************************************
12:10:35.054  INFO  manager.ListenerWD - Screen with error is--->src/test/screenshots/screen-1782.png
