15:52:32.867  INFO  manager.ApplicationManager - All test start in Chrome Browser
15:52:34.866  INFO  manager.ApplicationManager - Current Url -->https://telranedu.web.app/home
15:52:34.906  INFO  tests.TestBase - The name of starts method --->addNewContactSuccessAllFields
15:52:34.908  INFO  manager.ListenerWD - Before find elementsBy.xpath: //button[text()='Sign Out']
15:52:39.972  INFO  manager.ListenerWD - After find elementBy.xpath: //button[text()='Sign Out']
15:52:39.974  INFO  manager.ListenerWD - List size is-->0
15:52:40.479  INFO  manager.ListenerWD - Before find elementBy.xpath: //a[@href='/login']
15:52:40.512  INFO  manager.ListenerWD - After find elementBy.xpath: //a[@href='/login']
15:52:41.098  INFO  manager.ListenerWD - Before find elementBy.name: email
15:52:41.125  INFO  manager.ListenerWD - After find elementBy.name: email
15:52:42.300  INFO  manager.ListenerWD - Before find elementBy.xpath: //input[position()=2]
15:52:42.331  INFO  manager.ListenerWD - After find elementBy.xpath: //input[position()=2]
15:52:44.011  INFO  manager.ListenerWD - Before find elementBy.xpath: //button[@name='login']
15:52:44.038  INFO  manager.ListenerWD - After find elementBy.xpath: //button[@name='login']
15:52:44.111  INFO  tests.TestBase - Test start with data: Contacts(name=Melafifon1496, lastName=Green, phone=05614962569, email=melG1496@gmail.com, address=Netanya, description=All fields)
15:52:44.112  INFO  manager.ListenerWD - Before find elementBy.xpath: //a[@href='/add']
15:52:45.081  INFO  manager.ListenerWD - After find elementBy.xpath: //a[@href='/add']
15:52:45.128  INFO  manager.ListenerWD - Before find elementBy.xpath: //input[@placeholder='Name']
15:52:45.163  INFO  manager.ListenerWD - After find elementBy.xpath: //input[@placeholder='Name']
15:52:46.314  INFO  manager.ListenerWD - Before find elementBy.xpath: //input[@placeholder='Last Name']
15:52:46.338  INFO  manager.ListenerWD - After find elementBy.xpath: //input[@placeholder='Last Name']
15:52:47.491  INFO  manager.ListenerWD - Before find elementBy.cssSelector: input[placeholder='Phone']
15:52:47.516  INFO  manager.ListenerWD - After find elementBy.cssSelector: input[placeholder='Phone']
15:52:48.721  INFO  manager.ListenerWD - Before find elementBy.xpath: //input[@placeholder='email']
15:52:48.779  INFO  manager.ListenerWD - After find elementBy.xpath: //input[@placeholder='email']
15:52:50.071  INFO  manager.ListenerWD - Before find elementBy.xpath: //input[@placeholder='Address']
15:52:50.113  INFO  manager.ListenerWD - After find elementBy.xpath: //input[@placeholder='Address']
15:52:51.274  INFO  manager.ListenerWD - Before find elementBy.xpath: //input[@placeholder='description']
15:52:51.298  INFO  manager.ListenerWD - After find elementBy.xpath: //input[@placeholder='description']
15:52:52.455  INFO  manager.ListenerWD - Before find elementBy.xpath: //div[@class='add_form__2rsm2']//button
15:52:52.475  INFO  manager.ListenerWD - After find elementBy.xpath: //div[@class='add_form__2rsm2']//button
15:52:52.510  INFO  manager.ListenerWD - Before find elementsBy.cssSelector: h2
15:52:53.746  INFO  manager.ListenerWD - After find elementBy.cssSelector: h2
15:52:53.746  INFO  manager.ListenerWD - List size is-->74
15:52:54.787  INFO  tests.TestBase - The name of starts method --->addNewContactSuccessRequiredFields
15:52:54.787  INFO  manager.ListenerWD - Before find elementsBy.xpath: //button[text()='Sign Out']
15:52:54.802  INFO  manager.ListenerWD - After find elementBy.xpath: //button[text()='Sign Out']
15:52:54.803  INFO  manager.ListenerWD - List size is-->1
15:52:54.803  INFO  manager.ListenerWD - Before find elementBy.xpath: //a[@href='/add']
15:52:54.816  INFO  manager.ListenerWD - After find elementBy.xpath: //a[@href='/add']
15:52:55.866  INFO  manager.ListenerWD - Before find elementBy.xpath: //input[@placeholder='Name']
15:52:55.885  INFO  manager.ListenerWD - After find elementBy.xpath: //input[@placeholder='Name']
15:52:57.014  INFO  manager.ListenerWD - Before find elementBy.xpath: //input[@placeholder='Last Name']
15:52:57.030  INFO  manager.ListenerWD - After find elementBy.xpath: //input[@placeholder='Last Name']
15:52:58.176  INFO  manager.ListenerWD - Before find elementBy.cssSelector: input[placeholder='Phone']
15:52:58.191  INFO  manager.ListenerWD - After find elementBy.cssSelector: input[placeholder='Phone']
15:52:59.325  INFO  manager.ListenerWD - Before find elementBy.xpath: //input[@placeholder='email']
15:52:59.340  INFO  manager.ListenerWD - After find elementBy.xpath: //input[@placeholder='email']
15:53:00.508  INFO  manager.ListenerWD - Before find elementBy.xpath: //input[@placeholder='Address']
15:53:00.523  INFO  manager.ListenerWD - After find elementBy.xpath: //input[@placeholder='Address']
15:53:01.682  INFO  manager.ListenerWD - Before find elementBy.xpath: //input[@placeholder='description']
15:53:01.697  INFO  manager.ListenerWD - After find elementBy.xpath: //input[@placeholder='description']
15:53:02.814  INFO  manager.ListenerWD - Before find elementBy.xpath: //div[@class='add_form__2rsm2']//button
15:53:02.828  INFO  manager.ListenerWD - After find elementBy.xpath: //div[@class='add_form__2rsm2']//button
15:53:02.862  INFO  manager.ListenerWD - Before find elementsBy.cssSelector: h3
15:53:03.934  INFO  manager.ListenerWD - After find elementBy.cssSelector: h3
15:53:03.934  INFO  manager.ListenerWD - List size is-->75
15:53:04.045  INFO  tests.TestBase - The name of starts method --->addNewContactWithWrongMail
15:53:04.046  INFO  manager.ListenerWD - Before find elementsBy.xpath: //button[text()='Sign Out']
15:53:04.063  INFO  manager.ListenerWD - After find elementBy.xpath: //button[text()='Sign Out']
15:53:04.063  INFO  manager.ListenerWD - List size is-->1
15:53:04.064  INFO  manager.ListenerWD - Before find elementBy.xpath: //a[@href='/add']
15:53:04.078  INFO  manager.ListenerWD - After find elementBy.xpath: //a[@href='/add']
15:53:04.112  INFO  manager.ListenerWD - Before find elementBy.xpath: //input[@placeholder='Name']
15:53:04.135  INFO  manager.ListenerWD - After find elementBy.xpath: //input[@placeholder='Name']
15:53:05.302  INFO  manager.ListenerWD - Before find elementBy.xpath: //input[@placeholder='Last Name']
15:53:05.317  INFO  manager.ListenerWD - After find elementBy.xpath: //input[@placeholder='Last Name']
15:53:06.466  INFO  manager.ListenerWD - Before find elementBy.cssSelector: input[placeholder='Phone']
15:53:06.487  INFO  manager.ListenerWD - After find elementBy.cssSelector: input[placeholder='Phone']
15:53:07.635  INFO  manager.ListenerWD - Before find elementBy.xpath: //input[@placeholder='email']
15:53:07.649  INFO  manager.ListenerWD - After find elementBy.xpath: //input[@placeholder='email']
15:53:08.844  INFO  manager.ListenerWD - Before find elementBy.xpath: //input[@placeholder='Address']
15:53:08.857  INFO  manager.ListenerWD - After find elementBy.xpath: //input[@placeholder='Address']
15:53:10.186  INFO  manager.ListenerWD - Before find elementBy.xpath: //input[@placeholder='description']
15:53:10.203  INFO  manager.ListenerWD - After find elementBy.xpath: //input[@placeholder='description']
15:53:11.353  INFO  manager.ListenerWD - Before find elementBy.xpath: //div[@class='add_form__2rsm2']//button
15:53:11.370  INFO  manager.ListenerWD - After find elementBy.xpath: //div[@class='add_form__2rsm2']//button
15:53:11.404  INFO  manager.ListenerWD - Before find elementsBy.cssSelector: a.active[href='/add']
15:53:11.420  INFO  manager.ListenerWD - After find elementBy.cssSelector: a.active[href='/add']
15:53:11.420  INFO  manager.ListenerWD - List size is-->1
15:53:11.422  INFO  tests.TestBase - The name of starts method --->addNewContactWithoutAddress
15:53:11.422  INFO  manager.ListenerWD - Before find elementsBy.xpath: //button[text()='Sign Out']
15:53:11.434  INFO  manager.ListenerWD - After find elementBy.xpath: //button[text()='Sign Out']
15:53:11.435  INFO  manager.ListenerWD - List size is-->1
15:53:11.435  INFO  manager.ListenerWD - Before find elementBy.xpath: //a[@href='/add']
15:53:11.454  INFO  manager.ListenerWD - After find elementBy.xpath: //a[@href='/add']
15:53:11.523  INFO  manager.ListenerWD - Before find elementBy.xpath: //input[@placeholder='Name']
15:53:11.549  INFO  manager.ListenerWD - After find elementBy.xpath: //input[@placeholder='Name']
15:53:12.599  INFO  manager.ListenerWD - Have a 'problem'
15:53:12.599  INFO  manager.ListenerWD - ***************************************
15:53:12.599  INFO  manager.ListenerWD - Method methodsendKeys
15:53:12.599  INFO  manager.ListenerWD - ***************************************
15:53:12.599  INFO  manager.ListenerWD - ***************************************
15:53:12.602  INFO  manager.ListenerWD - InvocationTargetExceptionorg.openqa.selenium.UnhandledAlertException: unexpected alert open: {Alert text : Email not valid: must be a well-formed email address}
  (Session info: chrome=109.0.5414.120): Email not valid: must be a well-formed email address
Build info: version: '4.7.1', revision: 'c6795baf1a3'
System info: os.name: 'Windows 10', os.arch: 'amd64', os.version: '10.0', java.version: '11.0.17'
Driver info: org.openqa.selenium.chrome.ChromeDriver
Command: [e73b881253088a71acafa1b046ad885d, sendKeysToElement {id=b2d027e1-91c1-47b4-899a-332999703b08, value=[Ljava.lang.CharSequence;@752b69e3}]
Capabilities {acceptInsecureCerts: false, browserName: chrome, browserVersion: 109.0.5414.120, chrome: {chromedriverVersion: 109.0.5414.74 (e7c5703604da..., userDataDir: C:\Users\ALEKSA~1\AppData\L...}, goog:chromeOptions: {debuggerAddress: localhost:65208}, networkConnectionEnabled: false, pageLoadStrategy: normal, platformName: WINDOWS, proxy: Proxy(), se:cdp: ws://localhost:65208/devtoo..., se:cdpVersion: 109.0.5414.120, setWindowRect: true, strictFileInteractability: false, timeouts: {implicit: 0, pageLoad: 300000, script: 30000}, unhandledPromptBehavior: dismiss and notify, webauthn:extension:credBlob: true, webauthn:extension:largeBlob: true, webauthn:virtualAuthenticators: true}
Element: [[ChromeDriver: chrome on WINDOWS (e73b881253088a71acafa1b046ad885d)] -> xpath: //input[@placeholder='Name']]
Session ID: e73b881253088a71acafa1b046ad885d
15:53:12.602  INFO  manager.ListenerWD - ***************************************
15:53:12.602  INFO  manager.ListenerWD - ***************************************
15:53:12.603  INFO  manager.ListenerWD - Object target[[ChromeDriver: chrome on WINDOWS (e73b881253088a71acafa1b046ad885d)] -> xpath: //input[@placeholder='Name']]
15:53:12.603  INFO  manager.ListenerWD - ***************************************
15:53:12.608  INFO  tests.TestBase - The name of starts method --->addNewContactWithoutLastName
15:53:12.609  INFO  manager.ListenerWD - Before find elementsBy.xpath: //button[text()='Sign Out']
15:53:12.641  INFO  manager.ListenerWD - After find elementBy.xpath: //button[text()='Sign Out']
15:53:12.641  INFO  manager.ListenerWD - List size is-->1
15:53:12.642  INFO  manager.ListenerWD - Before find elementBy.xpath: //a[@href='/add']
15:53:12.672  INFO  manager.ListenerWD - After find elementBy.xpath: //a[@href='/add']
15:53:12.743  INFO  manager.ListenerWD - Before find elementBy.xpath: //input[@placeholder='Name']
15:53:12.790  INFO  manager.ListenerWD - After find elementBy.xpath: //input[@placeholder='Name']
15:53:13.983  INFO  manager.ListenerWD - Before find elementBy.xpath: //input[@placeholder='Last Name']
15:53:14.004  INFO  manager.ListenerWD - After find elementBy.xpath: //input[@placeholder='Last Name']
15:53:15.101  INFO  manager.ListenerWD - Before find elementBy.cssSelector: input[placeholder='Phone']
15:53:15.115  INFO  manager.ListenerWD - After find elementBy.cssSelector: input[placeholder='Phone']
15:53:16.248  INFO  manager.ListenerWD - Before find elementBy.xpath: //input[@placeholder='email']
15:53:16.264  INFO  manager.ListenerWD - After find elementBy.xpath: //input[@placeholder='email']
15:53:17.406  INFO  manager.ListenerWD - Before find elementBy.xpath: //input[@placeholder='Address']
15:53:17.419  INFO  manager.ListenerWD - After find elementBy.xpath: //input[@placeholder='Address']
15:53:18.531  INFO  manager.ListenerWD - Before find elementBy.xpath: //input[@placeholder='description']
15:53:18.547  INFO  manager.ListenerWD - After find elementBy.xpath: //input[@placeholder='description']
15:53:19.706  INFO  manager.ListenerWD - Before find elementBy.xpath: //div[@class='add_form__2rsm2']//button
15:53:19.722  INFO  manager.ListenerWD - After find elementBy.xpath: //div[@class='add_form__2rsm2']//button
15:53:19.750  INFO  manager.ListenerWD - Before find elementsBy.xpath: //input[@placeholder='Name']
15:53:19.766  INFO  manager.ListenerWD - After find elementBy.xpath: //input[@placeholder='Name']
15:53:19.766  INFO  manager.ListenerWD - List size is-->1
15:53:19.768  INFO  tests.TestBase - The name of starts method --->addNewContactWithoutName
15:53:19.768  INFO  manager.ListenerWD - Before find elementsBy.xpath: //button[text()='Sign Out']
15:53:19.781  INFO  manager.ListenerWD - After find elementBy.xpath: //button[text()='Sign Out']
15:53:19.781  INFO  manager.ListenerWD - List size is-->1
15:53:19.782  INFO  manager.ListenerWD - Before find elementBy.xpath: //a[@href='/add']
15:53:19.794  INFO  manager.ListenerWD - After find elementBy.xpath: //a[@href='/add']
15:53:19.821  INFO  manager.ListenerWD - Before find elementBy.xpath: //input[@placeholder='Name']
15:53:19.837  INFO  manager.ListenerWD - After find elementBy.xpath: //input[@placeholder='Name']
15:53:20.930  INFO  manager.ListenerWD - Before find elementBy.xpath: //input[@placeholder='Last Name']
15:53:20.947  INFO  manager.ListenerWD - After find elementBy.xpath: //input[@placeholder='Last Name']
15:53:22.066  INFO  manager.ListenerWD - Before find elementBy.cssSelector: input[placeholder='Phone']
15:53:22.079  INFO  manager.ListenerWD - After find elementBy.cssSelector: input[placeholder='Phone']
15:53:23.235  INFO  manager.ListenerWD - Before find elementBy.xpath: //input[@placeholder='email']
15:53:23.249  INFO  manager.ListenerWD - After find elementBy.xpath: //input[@placeholder='email']
15:53:24.379  INFO  manager.ListenerWD - Before find elementBy.xpath: //input[@placeholder='Address']
15:53:24.393  INFO  manager.ListenerWD - After find elementBy.xpath: //input[@placeholder='Address']
15:53:25.495  INFO  manager.ListenerWD - Before find elementBy.xpath: //input[@placeholder='description']
15:53:25.508  INFO  manager.ListenerWD - After find elementBy.xpath: //input[@placeholder='description']
15:53:26.650  INFO  manager.ListenerWD - Before find elementBy.xpath: //div[@class='add_form__2rsm2']//button
15:53:26.662  INFO  manager.ListenerWD - After find elementBy.xpath: //div[@class='add_form__2rsm2']//button
15:53:26.686  INFO  manager.ListenerWD - Before find elementsBy.xpath: //input[@placeholder='Name']
15:53:26.698  INFO  manager.ListenerWD - After find elementBy.xpath: //input[@placeholder='Name']
15:53:26.699  INFO  manager.ListenerWD - List size is-->1
